<?xml version="1.0" encoding="UTF-8"?>
<testsuite xmlns:xsi="http://www.w3.org/2001/XMLSchema-instance" xsi:noNamespaceSchemaLocation="https://maven.apache.org/surefire/maven-surefire-plugin/xsd/surefire-test-report.xsd" name="GM Journey for Linen framework -&gt; See Linen schema from https://miro.com/app/board/o9J_kuCrpYQ=/ design link" time="6,106.373" tests="54" errors="0" skipped="0" failures="24">
  <properties>
    <property name="sun.desktop" value="windows"/>
    <property name="awt.toolkit" value="sun.awt.windows.WToolkit"/>
    <property name="file.encoding.pkg" value="sun.io"/>
    <property name="java.specification.version" value="1.8"/>
    <property name="webdriver.chrome.driver" value="C:\Users\308211\.m2\repository\webdriver\chromedriver\win32\79.0.3945.36\chromedriver.exe"/>
    <property name="sun.cpu.isalist" value="amd64"/>
    <property name="sun.jnu.encoding" value="Cp1252"/>
    <property name="java.class.path" value="C:\Users\308211\IdeaProjects\scaleautomation\target\test-classes;C:\Users\308211\IdeaProjects\scaleautomation\target\classes;C:\Users\308211\.m2\repository\org\seleniumhq\selenium\selenium-chrome-driver\3.141.59\selenium-chrome-driver-3.141.59.jar;C:\Users\308211\.m2\repository\org\seleniumhq\selenium\selenium-api\3.141.59\selenium-api-3.141.59.jar;C:\Users\308211\.m2\repository\net\bytebuddy\byte-buddy\1.8.15\byte-buddy-1.8.15.jar;C:\Users\308211\.m2\repository\org\apache\commons\commons-exec\1.3\commons-exec-1.3.jar;C:\Users\308211\.m2\repository\com\google\guava\guava\25.0-jre\guava-25.0-jre.jar;C:\Users\308211\.m2\repository\com\google\code\findbugs\jsr305\1.3.9\jsr305-1.3.9.jar;C:\Users\308211\.m2\repository\org\checkerframework\checker-compat-qual\2.0.0\checker-compat-qual-2.0.0.jar;C:\Users\308211\.m2\repository\com\google\errorprone\error_prone_annotations\2.1.3\error_prone_annotations-2.1.3.jar;C:\Users\308211\.m2\repository\com\google\j2objc\j2objc-annotations\1.1\j2objc-annotations-1.1.jar;C:\Users\308211\.m2\repository\org\codehaus\mojo\animal-sniffer-annotations\1.14\animal-sniffer-annotations-1.14.jar;C:\Users\308211\.m2\repository\com\squareup\okhttp3\okhttp\3.11.0\okhttp-3.11.0.jar;C:\Users\308211\.m2\repository\com\squareup\okio\okio\1.14.0\okio-1.14.0.jar;C:\Users\308211\.m2\repository\org\seleniumhq\selenium\selenium-firefox-driver\3.141.59\selenium-firefox-driver-3.141.59.jar;C:\Users\308211\.m2\repository\org\seleniumhq\selenium\selenium-ie-driver\2.40.0\selenium-ie-driver-2.40.0.jar;C:\Users\308211\.m2\repository\net\java\dev\jna\jna\3.4.0\jna-3.4.0.jar;C:\Users\308211\.m2\repository\net\java\dev\jna\platform\3.4.0\platform-3.4.0.jar;C:\Users\308211\.m2\repository\org\seleniumhq\selenium\selenium-java\3.141.59\selenium-java-3.141.59.jar;C:\Users\308211\.m2\repository\org\seleniumhq\selenium\selenium-edge-driver\3.141.59\selenium-edge-driver-3.141.59.jar;C:\Users\308211\.m2\repository\org\seleniumhq\selenium\selenium-opera-driver\3.141.59\selenium-opera-driver-3.141.59.jar;C:\Users\308211\.m2\repository\org\seleniumhq\selenium\selenium-safari-driver\3.141.59\selenium-safari-driver-3.141.59.jar;C:\Users\308211\.m2\repository\org\seleniumhq\selenium\selenium-remote-driver\3.141.59\selenium-remote-driver-3.141.59.jar;C:\Users\308211\.m2\repository\org\seleniumhq\selenium\selenium-support\3.141.59\selenium-support-3.141.59.jar;C:\Users\308211\.m2\repository\io\cucumber\cucumber-java\4.2.5\cucumber-java-4.2.5.jar;C:\Users\308211\.m2\repository\io\cucumber\cucumber-core\4.2.5\cucumber-core-4.2.5.jar;C:\Users\308211\.m2\repository\io\cucumber\cucumber-html\0.2.7\cucumber-html-0.2.7.jar;C:\Users\308211\.m2\repository\io\cucumber\tag-expressions\1.1.1\tag-expressions-1.1.1.jar;C:\Users\308211\.m2\repository\io\cucumber\cucumber-expressions\6.2.0\cucumber-expressions-6.2.0.jar;C:\Users\308211\.m2\repository\io\cucumber\datatable\1.1.12\datatable-1.1.12.jar;C:\Users\308211\.m2\repository\io\cucumber\datatable-dependencies\1.1.12\datatable-dependencies-1.1.12.jar;C:\Users\308211\.m2\repository\net\masterthought\cucumber-reporting\4.6.0\cucumber-reporting-4.6.0.jar;C:\Users\308211\.m2\repository\org\apache\velocity\velocity\1.7\velocity-1.7.jar;C:\Users\308211\.m2\repository\commons-collections\commons-collections\3.2.1\commons-collections-3.2.1.jar;C:\Users\308211\.m2\repository\commons-lang\commons-lang\2.4\commons-lang-2.4.jar;C:\Users\308211\.m2\repository\velocity-tools\velocity-tools\1.4\velocity-tools-1.4.jar;C:\Users\308211\.m2\repository\joda-time\joda-time\2.10.1\joda-time-2.10.1.jar;C:\Users\308211\.m2\repository\org\apache\commons\commons-lang3\3.8.1\commons-lang3-3.8.1.jar;C:\Users\308211\.m2\repository\commons-io\commons-io\2.6\commons-io-2.6.jar;C:\Users\308211\.m2\repository\org\codehaus\plexus\plexus-utils\3.1.1\plexus-utils-3.1.1.jar;C:\Users\308211\.m2\repository\org\jsoup\jsoup\1.11.3\jsoup-1.11.3.jar;C:\Users\308211\.m2\repository\com\googlecode\owasp-java-html-sanitizer\owasp-java-html-sanitizer\20190325.1\owasp-java-html-sanitizer-20190325.1.jar;C:\Users\308211\.m2\repository\commons-configuration\commons-configuration\1.10\commons-configuration-1.10.jar;C:\Users\308211\.m2\repository\commons-logging\commons-logging\1.1.1\commons-logging-1.1.1.jar;C:\Users\308211\.m2\repository\junit\junit\4.12\junit-4.12.jar;C:\Users\308211\.m2\repository\org\hamcrest\hamcrest-core\1.3\hamcrest-core-1.3.jar;C:\Users\308211\.m2\repository\io\cucumber\cucumber-picocontainer\4.2.5\cucumber-picocontainer-4.2.5.jar;C:\Users\308211\.m2\repository\org\picocontainer\picocontainer\2.15\picocontainer-2.15.jar;C:\Users\308211\.m2\repository\io\cucumber\gherkin\5.1.0\gherkin-5.1.0.jar;C:\Users\308211\.m2\repository\io\cucumber\gherkin-jvm-deps\1.0.4\gherkin-jvm-deps-1.0.4.jar;C:\Users\308211\.m2\repository\io\cucumber\cucumber-junit\4.2.5\cucumber-junit-4.2.5.jar;C:\Users\308211\.m2\repository\io\appium\java-client\6.1.0\java-client-6.1.0.jar;C:\Users\308211\.m2\repository\com\google\code\gson\gson\2.8.4\gson-2.8.4.jar;C:\Users\308211\.m2\repository\org\apache\httpcomponents\httpclient\4.5.5\httpclient-4.5.5.jar;C:\Users\308211\.m2\repository\org\apache\httpcomponents\httpcore\4.4.9\httpcore-4.4.9.jar;C:\Users\308211\.m2\repository\commons-codec\commons-codec\1.10\commons-codec-1.10.jar;C:\Users\308211\.m2\repository\cglib\cglib\3.2.6\cglib-3.2.6.jar;C:\Users\308211\.m2\repository\org\ow2\asm\asm\6.0\asm-6.0.jar;C:\Users\308211\.m2\repository\org\apache\ant\ant\1.9.6\ant-1.9.6.jar;C:\Users\308211\.m2\repository\org\apache\ant\ant-launcher\1.9.6\ant-launcher-1.9.6.jar;C:\Users\308211\.m2\repository\commons-validator\commons-validator\1.6\commons-validator-1.6.jar;C:\Users\308211\.m2\repository\commons-beanutils\commons-beanutils\1.9.2\commons-beanutils-1.9.2.jar;C:\Users\308211\.m2\repository\commons-digester\commons-digester\1.8.1\commons-digester-1.8.1.jar;C:\Users\308211\.m2\repository\org\springframework\spring-context\5.0.5.RELEASE\spring-context-5.0.5.RELEASE.jar;C:\Users\308211\.m2\repository\org\aspectj\aspectjweaver\1.9.1\aspectjweaver-1.9.1.jar;C:\Users\308211\.m2\repository\org\openpnp\opencv\3.2.0-1\opencv-3.2.0-1.jar;C:\Users\308211\.m2\repository\org\projectlombok\lombok\1.18.4\lombok-1.18.4.jar;C:\Users\308211\.m2\repository\log4j\log4j\1.2.17\log4j-1.2.17.jar;C:\Users\308211\.m2\repository\org\apache\poi\poi-ooxml\4.0.1\poi-ooxml-4.0.1.jar;C:\Users\308211\.m2\repository\org\apache\poi\poi\4.0.1\poi-4.0.1.jar;C:\Users\308211\.m2\repository\org\apache\commons\commons-collections4\4.2\commons-collections4-4.2.jar;C:\Users\308211\.m2\repository\org\apache\commons\commons-math3\3.6.1\commons-math3-3.6.1.jar;C:\Users\308211\.m2\repository\org\apache\poi\poi-ooxml-schemas\4.0.1\poi-ooxml-schemas-4.0.1.jar;C:\Users\308211\.m2\repository\org\apache\xmlbeans\xmlbeans\3.0.2\xmlbeans-3.0.2.jar;C:\Users\308211\.m2\repository\org\apache\commons\commons-compress\1.18\commons-compress-1.18.jar;C:\Users\308211\.m2\repository\com\github\virtuald\curvesapi\1.05\curvesapi-1.05.jar;C:\Users\308211\.m2\repository\org\json\json\20180813\json-20180813.jar;C:\Users\308211\.m2\repository\org\jboss\aerogear\aerogear-otp-java\1.0.0\aerogear-otp-java-1.0.0.jar;C:\Users\308211\.m2\repository\com\fasterxml\jackson\core\jackson-databind\2.10.0.pr1\jackson-databind-2.10.0.pr1.jar;C:\Users\308211\.m2\repository\com\fasterxml\jackson\core\jackson-annotations\2.10.0.pr1\jackson-annotations-2.10.0.pr1.jar;C:\Users\308211\.m2\repository\com\fasterxml\jackson\core\jackson-core\2.10.0.pr1\jackson-core-2.10.0.pr1.jar;C:\Users\308211\.m2\repository\io\github\bonigarcia\webdrivermanager\3.6.2\webdrivermanager-3.6.2.jar;C:\Users\308211\.m2\repository\org\slf4j\slf4j-api\1.7.25\slf4j-api-1.7.25.jar;C:\Users\308211\.m2\repository\org\rauschig\jarchivelib\1.0.0\jarchivelib-1.0.0.jar;C:\Users\308211\.m2\repository\com\googlecode\json-simple\json-simple\1.1\json-simple-1.1.jar;C:\Users\308211\.m2\repository\com\assertthat\selenium-shutterbug\0.8\selenium-shutterbug-0.8.jar;"/>
    <property name="java.vm.vendor" value="Oracle Corporation"/>
    <property name="sun.arch.data.model" value="64"/>
    <property name="user.variant" value=""/>
    <property name="java.vendor.url" value="http://java.oracle.com/"/>
    <property name="user.timezone" value="Europe/London"/>
    <property name="java.vm.specification.version" value="1.8"/>
    <property name="os.name" value="Windows 10"/>
    <property name="user.country" value="US"/>
    <property name="sun.java.launcher" value="SUN_STANDARD"/>
    <property name="sun.boot.library.path" value="C:\Program Files\Java\jdk1.8.0_191\jre\bin"/>
    <property name="sun.java.command" value="C:\Users\308211\AppData\Local\Temp\surefire235851394937106012\surefirebooter1019463240549898461.jar C:\Users\308211\AppData\Local\Temp\surefire235851394937106012 2020-09-01T19-53-52_341-jvmRun1 surefire1905106855662454520tmp surefire_05165318770226059348tmp"/>
    <property name="surefire.test.class.path" value="C:\Users\308211\IdeaProjects\scaleautomation\target\test-classes;C:\Users\308211\IdeaProjects\scaleautomation\target\classes;C:\Users\308211\.m2\repository\org\seleniumhq\selenium\selenium-chrome-driver\3.141.59\selenium-chrome-driver-3.141.59.jar;C:\Users\308211\.m2\repository\org\seleniumhq\selenium\selenium-api\3.141.59\selenium-api-3.141.59.jar;C:\Users\308211\.m2\repository\net\bytebuddy\byte-buddy\1.8.15\byte-buddy-1.8.15.jar;C:\Users\308211\.m2\repository\org\apache\commons\commons-exec\1.3\commons-exec-1.3.jar;C:\Users\308211\.m2\repository\com\google\guava\guava\25.0-jre\guava-25.0-jre.jar;C:\Users\308211\.m2\repository\com\google\code\findbugs\jsr305\1.3.9\jsr305-1.3.9.jar;C:\Users\308211\.m2\repository\org\checkerframework\checker-compat-qual\2.0.0\checker-compat-qual-2.0.0.jar;C:\Users\308211\.m2\repository\com\google\errorprone\error_prone_annotations\2.1.3\error_prone_annotations-2.1.3.jar;C:\Users\308211\.m2\repository\com\google\j2objc\j2objc-annotations\1.1\j2objc-annotations-1.1.jar;C:\Users\308211\.m2\repository\org\codehaus\mojo\animal-sniffer-annotations\1.14\animal-sniffer-annotations-1.14.jar;C:\Users\308211\.m2\repository\com\squareup\okhttp3\okhttp\3.11.0\okhttp-3.11.0.jar;C:\Users\308211\.m2\repository\com\squareup\okio\okio\1.14.0\okio-1.14.0.jar;C:\Users\308211\.m2\repository\org\seleniumhq\selenium\selenium-firefox-driver\3.141.59\selenium-firefox-driver-3.141.59.jar;C:\Users\308211\.m2\repository\org\seleniumhq\selenium\selenium-ie-driver\2.40.0\selenium-ie-driver-2.40.0.jar;C:\Users\308211\.m2\repository\net\java\dev\jna\jna\3.4.0\jna-3.4.0.jar;C:\Users\308211\.m2\repository\net\java\dev\jna\platform\3.4.0\platform-3.4.0.jar;C:\Users\308211\.m2\repository\org\seleniumhq\selenium\selenium-java\3.141.59\selenium-java-3.141.59.jar;C:\Users\308211\.m2\repository\org\seleniumhq\selenium\selenium-edge-driver\3.141.59\selenium-edge-driver-3.141.59.jar;C:\Users\308211\.m2\repository\org\seleniumhq\selenium\selenium-opera-driver\3.141.59\selenium-opera-driver-3.141.59.jar;C:\Users\308211\.m2\repository\org\seleniumhq\selenium\selenium-safari-driver\3.141.59\selenium-safari-driver-3.141.59.jar;C:\Users\308211\.m2\repository\org\seleniumhq\selenium\selenium-remote-driver\3.141.59\selenium-remote-driver-3.141.59.jar;C:\Users\308211\.m2\repository\org\seleniumhq\selenium\selenium-support\3.141.59\selenium-support-3.141.59.jar;C:\Users\308211\.m2\repository\io\cucumber\cucumber-java\4.2.5\cucumber-java-4.2.5.jar;C:\Users\308211\.m2\repository\io\cucumber\cucumber-core\4.2.5\cucumber-core-4.2.5.jar;C:\Users\308211\.m2\repository\io\cucumber\cucumber-html\0.2.7\cucumber-html-0.2.7.jar;C:\Users\308211\.m2\repository\io\cucumber\tag-expressions\1.1.1\tag-expressions-1.1.1.jar;C:\Users\308211\.m2\repository\io\cucumber\cucumber-expressions\6.2.0\cucumber-expressions-6.2.0.jar;C:\Users\308211\.m2\repository\io\cucumber\datatable\1.1.12\datatable-1.1.12.jar;C:\Users\308211\.m2\repository\io\cucumber\datatable-dependencies\1.1.12\datatable-dependencies-1.1.12.jar;C:\Users\308211\.m2\repository\net\masterthought\cucumber-reporting\4.6.0\cucumber-reporting-4.6.0.jar;C:\Users\308211\.m2\repository\org\apache\velocity\velocity\1.7\velocity-1.7.jar;C:\Users\308211\.m2\repository\commons-collections\commons-collections\3.2.1\commons-collections-3.2.1.jar;C:\Users\308211\.m2\repository\commons-lang\commons-lang\2.4\commons-lang-2.4.jar;C:\Users\308211\.m2\repository\velocity-tools\velocity-tools\1.4\velocity-tools-1.4.jar;C:\Users\308211\.m2\repository\joda-time\joda-time\2.10.1\joda-time-2.10.1.jar;C:\Users\308211\.m2\repository\org\apache\commons\commons-lang3\3.8.1\commons-lang3-3.8.1.jar;C:\Users\308211\.m2\repository\commons-io\commons-io\2.6\commons-io-2.6.jar;C:\Users\308211\.m2\repository\org\codehaus\plexus\plexus-utils\3.1.1\plexus-utils-3.1.1.jar;C:\Users\308211\.m2\repository\org\jsoup\jsoup\1.11.3\jsoup-1.11.3.jar;C:\Users\308211\.m2\repository\com\googlecode\owasp-java-html-sanitizer\owasp-java-html-sanitizer\20190325.1\owasp-java-html-sanitizer-20190325.1.jar;C:\Users\308211\.m2\repository\commons-configuration\commons-configuration\1.10\commons-configuration-1.10.jar;C:\Users\308211\.m2\repository\commons-logging\commons-logging\1.1.1\commons-logging-1.1.1.jar;C:\Users\308211\.m2\repository\junit\junit\4.12\junit-4.12.jar;C:\Users\308211\.m2\repository\org\hamcrest\hamcrest-core\1.3\hamcrest-core-1.3.jar;C:\Users\308211\.m2\repository\io\cucumber\cucumber-picocontainer\4.2.5\cucumber-picocontainer-4.2.5.jar;C:\Users\308211\.m2\repository\org\picocontainer\picocontainer\2.15\picocontainer-2.15.jar;C:\Users\308211\.m2\repository\io\cucumber\gherkin\5.1.0\gherkin-5.1.0.jar;C:\Users\308211\.m2\repository\io\cucumber\gherkin-jvm-deps\1.0.4\gherkin-jvm-deps-1.0.4.jar;C:\Users\308211\.m2\repository\io\cucumber\cucumber-junit\4.2.5\cucumber-junit-4.2.5.jar;C:\Users\308211\.m2\repository\io\appium\java-client\6.1.0\java-client-6.1.0.jar;C:\Users\308211\.m2\repository\com\google\code\gson\gson\2.8.4\gson-2.8.4.jar;C:\Users\308211\.m2\repository\org\apache\httpcomponents\httpclient\4.5.5\httpclient-4.5.5.jar;C:\Users\308211\.m2\repository\org\apache\httpcomponents\httpcore\4.4.9\httpcore-4.4.9.jar;C:\Users\308211\.m2\repository\commons-codec\commons-codec\1.10\commons-codec-1.10.jar;C:\Users\308211\.m2\repository\cglib\cglib\3.2.6\cglib-3.2.6.jar;C:\Users\308211\.m2\repository\org\ow2\asm\asm\6.0\asm-6.0.jar;C:\Users\308211\.m2\repository\org\apache\ant\ant\1.9.6\ant-1.9.6.jar;C:\Users\308211\.m2\repository\org\apache\ant\ant-launcher\1.9.6\ant-launcher-1.9.6.jar;C:\Users\308211\.m2\repository\commons-validator\commons-validator\1.6\commons-validator-1.6.jar;C:\Users\308211\.m2\repository\commons-beanutils\commons-beanutils\1.9.2\commons-beanutils-1.9.2.jar;C:\Users\308211\.m2\repository\commons-digester\commons-digester\1.8.1\commons-digester-1.8.1.jar;C:\Users\308211\.m2\repository\org\springframework\spring-context\5.0.5.RELEASE\spring-context-5.0.5.RELEASE.jar;C:\Users\308211\.m2\repository\org\aspectj\aspectjweaver\1.9.1\aspectjweaver-1.9.1.jar;C:\Users\308211\.m2\repository\org\openpnp\opencv\3.2.0-1\opencv-3.2.0-1.jar;C:\Users\308211\.m2\repository\org\projectlombok\lombok\1.18.4\lombok-1.18.4.jar;C:\Users\308211\.m2\repository\log4j\log4j\1.2.17\log4j-1.2.17.jar;C:\Users\308211\.m2\repository\org\apache\poi\poi-ooxml\4.0.1\poi-ooxml-4.0.1.jar;C:\Users\308211\.m2\repository\org\apache\poi\poi\4.0.1\poi-4.0.1.jar;C:\Users\308211\.m2\repository\org\apache\commons\commons-collections4\4.2\commons-collections4-4.2.jar;C:\Users\308211\.m2\repository\org\apache\commons\commons-math3\3.6.1\commons-math3-3.6.1.jar;C:\Users\308211\.m2\repository\org\apache\poi\poi-ooxml-schemas\4.0.1\poi-ooxml-schemas-4.0.1.jar;C:\Users\308211\.m2\repository\org\apache\xmlbeans\xmlbeans\3.0.2\xmlbeans-3.0.2.jar;C:\Users\308211\.m2\repository\org\apache\commons\commons-compress\1.18\commons-compress-1.18.jar;C:\Users\308211\.m2\repository\com\github\virtuald\curvesapi\1.05\curvesapi-1.05.jar;C:\Users\308211\.m2\repository\org\json\json\20180813\json-20180813.jar;C:\Users\308211\.m2\repository\org\jboss\aerogear\aerogear-otp-java\1.0.0\aerogear-otp-java-1.0.0.jar;C:\Users\308211\.m2\repository\com\fasterxml\jackson\core\jackson-databind\2.10.0.pr1\jackson-databind-2.10.0.pr1.jar;C:\Users\308211\.m2\repository\com\fasterxml\jackson\core\jackson-annotations\2.10.0.pr1\jackson-annotations-2.10.0.pr1.jar;C:\Users\308211\.m2\repository\com\fasterxml\jackson\core\jackson-core\2.10.0.pr1\jackson-core-2.10.0.pr1.jar;C:\Users\308211\.m2\repository\io\github\bonigarcia\webdrivermanager\3.6.2\webdrivermanager-3.6.2.jar;C:\Users\308211\.m2\repository\org\slf4j\slf4j-api\1.7.25\slf4j-api-1.7.25.jar;C:\Users\308211\.m2\repository\org\rauschig\jarchivelib\1.0.0\jarchivelib-1.0.0.jar;C:\Users\308211\.m2\repository\com\googlecode\json-simple\json-simple\1.1\json-simple-1.1.jar;C:\Users\308211\.m2\repository\com\assertthat\selenium-shutterbug\0.8\selenium-shutterbug-0.8.jar;"/>
    <property name="sun.cpu.endian" value="little"/>
    <property name="user.home" value="C:\Users\308211"/>
    <property name="user.language" value="en"/>
    <property name="java.specification.vendor" value="Oracle Corporation"/>
    <property name="java.home" value="C:\Program Files\Java\jdk1.8.0_191\jre"/>
    <property name="basedir" value="C:\Users\308211\IdeaProjects\scaleautomation"/>
    <property name="file.separator" value="\"/>
    <property name="line.separator" value="&#10;"/>
    <property name="java.vm.specification.vendor" value="Oracle Corporation"/>
    <property name="java.specification.name" value="Java Platform API Specification"/>
    <property name="java.awt.graphicsenv" value="sun.awt.Win32GraphicsEnvironment"/>
    <property name="surefire.real.class.path" value="C:\Users\308211\AppData\Local\Temp\surefire235851394937106012\surefirebooter1019463240549898461.jar"/>
    <property name="sun.boot.class.path" value="C:\Program Files\Java\jdk1.8.0_191\jre\lib\resources.jar;C:\Program Files\Java\jdk1.8.0_191\jre\lib\rt.jar;C:\Program Files\Java\jdk1.8.0_191\jre\lib\sunrsasign.jar;C:\Program Files\Java\jdk1.8.0_191\jre\lib\jsse.jar;C:\Program Files\Java\jdk1.8.0_191\jre\lib\jce.jar;C:\Program Files\Java\jdk1.8.0_191\jre\lib\charsets.jar;C:\Program Files\Java\jdk1.8.0_191\jre\lib\jfr.jar;C:\Program Files\Java\jdk1.8.0_191\jre\classes"/>
    <property name="user.script" value=""/>
    <property name="sun.management.compiler" value="HotSpot 64-Bit Tiered Compilers"/>
    <property name="java.runtime.version" value="1.8.0_191-b12"/>
    <property name="user.name" value="308211"/>
    <property name="path.separator" value=";"/>
    <property name="os.version" value="10.0"/>
    <property name="java.endorsed.dirs" value="C:\Program Files\Java\jdk1.8.0_191\jre\lib\endorsed"/>
    <property name="java.runtime.name" value="Java(TM) SE Runtime Environment"/>
    <property name="file.encoding" value="Cp1252"/>
    <property name="java.vm.name" value="Java HotSpot(TM) 64-Bit Server VM"/>
    <property name="localRepository" value="C:\Users\308211\.m2\repository"/>
    <property name="java.vendor.url.bug" value="http://bugreport.sun.com/bugreport/"/>
    <property name="java.io.tmpdir" value="C:\Users\308211\AppData\Local\Temp\"/>
    <property name="java.version" value="1.8.0_191"/>
    <property name="user.dir" value="C:\Users\308211\IdeaProjects\scaleautomation"/>
    <property name="os.arch" value="amd64"/>
    <property name="java.vm.specification.name" value="Java Virtual Machine Specification"/>
    <property name="java.awt.printerjob" value="sun.awt.windows.WPrinterJob"/>
    <property name="sun.os.patch.level" value=""/>
    <property name="java.library.path" value="C:\Program Files\Java\jdk1.8.0_191\jre\bin;C:\WINDOWS\Sun\Java\bin;C:\WINDOWS\system32;C:\WINDOWS;C:\Program Files (x86)\Common Files\Oracle\Java\javapath;C:\WINDOWS\system32;C:\WINDOWS;C:\WINDOWS\System32\Wbem;C:\WINDOWS\System32\WindowsPowerShell\v1.0\;C:\WINDOWS\System32\OpenSSH\;C:\Program Files (x86)\Webex\Webex\Applications;C:\Development_Avecto\bin;C:\Users\308211\AppData\Local\Microsoft\WindowsApps;C:\Development_Avecto\apache-maven-3.6.3-bin\apache-maven-3.6.3\bin;C:\Users\308211\AppData\Local\Programs\Git\cmd;."/>
    <property name="java.vm.info" value="mixed mode"/>
    <property name="java.vendor" value="Oracle Corporation"/>
    <property name="java.vm.version" value="25.191-b12"/>
    <property name="java.ext.dirs" value="C:\Program Files\Java\jdk1.8.0_191\jre\lib\ext;C:\WINDOWS\Sun\Java\lib\ext"/>
    <property name="sun.io.unicode.encoding" value="UnicodeLittle"/>
    <property name="java.class.version" value="52.0"/>
  </properties>
  <testcase name="To verify Buyer has initiated GM journey for framework &quot;linen&quot; and is provided with GM Escape page on selection of Product during the journey" classname="GM Journey for Linen framework -&gt; See Linen schema from https://miro.com/app/board/o9J_kuCrpYQ=/ design link" time="35.989"/>
  <testcase name="To verify Buyer has initiated GM journey for framework &quot;linen&quot; and is provided with GM Escape page on selection of Product during the journey" classname="GM Journey for Linen framework -&gt; See Linen schema from https://miro.com/app/board/o9J_kuCrpYQ=/ design link" time="153.788"/>
  <testcase name="To verify Buyer has provided with different recommendations &quot;lot2&quot; and after answering different set of question as looking for &quot;Service&quot;, Budget radio as &quot;Yes&quot; and enters budget as &quot;12345&quot;, Contract radio as &quot;Yes&quot; and enters contract length &quot;10&quot; , selects Service area as &quot;Theatre pack and gowns&quot; and Additional facilities as &quot;No, I have everything I need&quot; during the journey" classname="GM Journey for Linen framework -&gt; See Linen schema from https://miro.com/app/board/o9J_kuCrpYQ=/ design link" time="102.035">
    <failure message="The question: &lt;Do you know your budget?&gt; actual answer &lt;£12,345 &gt; is not equal with the expected one &lt;£12345&gt; expected:&lt;£12[]345&gt; but was:&lt;£12[,]345&gt;" type="org.junit.ComparisonFailure"><![CDATA[org.junit.ComparisonFailure: The question: <Do you know your budget?> actual answer <£12,345 > is not equal with the expected one <£12345> expected:<£12[]345> but was:<£12[,]345>
]]></failure>
    <system-out><![CDATA[2020-09-01 19:57:04 INFO  TestContext:41 - =================To verify Buyer has provided with different recommendations "lot2" and after answering different set of question as looking for "Service", Budget radio as "Yes" and enters budget as "12345", Contract radio as "Yes" and enters contract length "10" , selects Service area as "Theatre pack and gowns" and Additional facilities as "No, I have everything I need" during the journey execution starts===================
2020-09-01 19:57:04 INFO  BrowserFactory:33 - Opening CHROME_HEADLESSbrowser
Started in thread: 13, in JVM: 26192@LTIBUK06252
2020-09-01 19:57:09 INFO  TestContext:54 - Successfully lunched the chrome browser
2020-09-01 19:57:10 INFO  BrowserFactory:96 -  launched
2020-09-01 19:57:16 INFO  HomePage:81 - Clicked on Start now button
2020-09-01 19:57:19 INFO  HomePage:92 - Buyer clicked on Service radio button
2020-09-01 19:57:26 INFO  HomePage:81 - Clicked on Continue button
2020-09-01 19:57:29 INFO  HomePage:92 - Buyer clicked on Yes radio button
2020-09-01 19:57:38 INFO  HomePage:81 - Clicked on Continue button
2020-09-01 19:57:41 INFO  HomePage:92 - Buyer clicked on Yes radio button
2020-09-01 19:57:49 INFO  HomePage:81 - Clicked on Continue button
2020-09-01 19:57:52 INFO  HomePage:92 - Buyer clicked on Theatre pack and gowns radio button
2020-09-01 19:58:00 INFO  HomePage:81 - Clicked on Continue button
2020-09-01 19:58:03 INFO  HomePage:103 - Buyer clicked on No, I have everything I need checkbox  button
2020-09-01 19:58:11 INFO  HomePage:81 - Clicked on Continue button
2020-09-01 19:58:41 INFO  BrowserFactory:126 - 
2020-09-01 19:58:46 INFO  TestContext:90 - =================To verify Buyer has provided with different recommendations "lot2" and after answering different set of question as looking for "Service", Budget radio as "Yes" and enters budget as "12345", Contract radio as "Yes" and enters contract length "10" , selects Service area as "Theatre pack and gowns" and Additional facilities as "No, I have everything I need" during the journey execution ends===================
]]></system-out>
    <system-err><![CDATA[Starting ChromeDriver 79.0.3945.36 (3582db32b33893869b8c1339e8f4d9ed1816f143-refs/branch-heads/3945@{#614}) on port 48688
Only local connections are allowed.
Please protect ports used by ChromeDriver and related test frameworks to prevent access by malicious code.
Sep 01, 2020 7:57:08 PM org.openqa.selenium.remote.ProtocolHandshake createSession
INFO: Detected dialect: W3C
]]></system-err>
  </testcase>
  <testcase name="To verify Buyer has provided with different recommendations &quot;lot3&quot; and after answering different set of question as looking for &quot;Service&quot;, Budget radio as &quot;Yes&quot; and enters budget as &quot;12345&quot;, Contract radio as &quot;Yes&quot; and enters contract length &quot;11&quot; , selects Service area as &quot;Cleanroom services&quot; and Additional facilities as &quot;No, I have everything I need&quot; during the journey" classname="GM Journey for Linen framework -&gt; See Linen schema from https://miro.com/app/board/o9J_kuCrpYQ=/ design link" time="100.254">
    <failure message="The question: &lt;Do you know your budget?&gt; actual answer &lt;£12,345 &gt; is not equal with the expected one &lt;£12345&gt; expected:&lt;£12[]345&gt; but was:&lt;£12[,]345&gt;" type="org.junit.ComparisonFailure"><![CDATA[org.junit.ComparisonFailure: The question: <Do you know your budget?> actual answer <£12,345 > is not equal with the expected one <£12345> expected:<£12[]345> but was:<£12[,]345>
]]></failure>
    <system-out><![CDATA[2020-09-01 19:58:46 INFO  TestContext:41 - =================To verify Buyer has provided with different recommendations "lot3" and after answering different set of question as looking for "Service", Budget radio as "Yes" and enters budget as "12345", Contract radio as "Yes" and enters contract length "11" , selects Service area as "Cleanroom services" and Additional facilities as "No, I have everything I need" during the journey execution starts===================
2020-09-01 19:58:46 INFO  BrowserFactory:33 - Opening CHROME_HEADLESSbrowser
Started in thread: 13, in JVM: 26192@LTIBUK06252
2020-09-01 19:58:51 INFO  TestContext:54 - Successfully lunched the chrome browser
2020-09-01 19:58:52 INFO  BrowserFactory:96 -  launched
2020-09-01 19:58:57 INFO  HomePage:81 - Clicked on Start now button
2020-09-01 19:59:00 INFO  HomePage:92 - Buyer clicked on Service radio button
2020-09-01 19:59:08 INFO  HomePage:81 - Clicked on Continue button
2020-09-01 19:59:11 INFO  HomePage:92 - Buyer clicked on Yes radio button
2020-09-01 19:59:19 INFO  HomePage:81 - Clicked on Continue button
2020-09-01 19:59:22 INFO  HomePage:92 - Buyer clicked on Yes radio button
2020-09-01 19:59:31 INFO  HomePage:81 - Clicked on Continue button
2020-09-01 19:59:34 INFO  HomePage:92 - Buyer clicked on Cleanroom services radio button
2020-09-01 19:59:42 INFO  HomePage:81 - Clicked on Continue button
2020-09-01 19:59:45 INFO  HomePage:103 - Buyer clicked on No, I have everything I need checkbox  button
2020-09-01 19:59:53 INFO  HomePage:81 - Clicked on Continue button
2020-09-01 20:00:21 INFO  BrowserFactory:126 - 
2020-09-01 20:00:26 INFO  TestContext:90 - =================To verify Buyer has provided with different recommendations "lot3" and after answering different set of question as looking for "Service", Budget radio as "Yes" and enters budget as "12345", Contract radio as "Yes" and enters contract length "11" , selects Service area as "Cleanroom services" and Additional facilities as "No, I have everything I need" during the journey execution ends===================
]]></system-out>
    <system-err><![CDATA[Starting ChromeDriver 79.0.3945.36 (3582db32b33893869b8c1339e8f4d9ed1816f143-refs/branch-heads/3945@{#614}) on port 9962
Only local connections are allowed.
Please protect ports used by ChromeDriver and related test frameworks to prevent access by malicious code.
Sep 01, 2020 7:58:50 PM org.openqa.selenium.remote.ProtocolHandshake createSession
INFO: Detected dialect: W3C
]]></system-err>
  </testcase>
  <testcase name="To verify Buyer has provided with different recommendations &quot;lot1a&quot; and after answering different set of question as looking for &quot;Service&quot;, Budget radio as &quot;Yes&quot; and enters budget as &quot;12345&quot;, Contract radio as &quot;Yes&quot; and enters contract length &quot;11&quot; , selects Service area as &quot;Linen hire with standard wash&quot; and Additional facilities as &quot;No, I have everything I need&quot; during the journey" classname="GM Journey for Linen framework -&gt; See Linen schema from https://miro.com/app/board/o9J_kuCrpYQ=/ design link" time="98.586">
    <failure message="The question: &lt;Do you know your budget?&gt; actual answer &lt;£12,345 &gt; is not equal with the expected one &lt;£12345&gt; expected:&lt;£12[]345&gt; but was:&lt;£12[,]345&gt;" type="org.junit.ComparisonFailure"><![CDATA[org.junit.ComparisonFailure: The question: <Do you know your budget?> actual answer <£12,345 > is not equal with the expected one <£12345> expected:<£12[]345> but was:<£12[,]345>
]]></failure>
    <system-out><![CDATA[2020-09-01 20:00:27 INFO  TestContext:41 - =================To verify Buyer has provided with different recommendations "lot1a" and after answering different set of question as looking for "Service", Budget radio as "Yes" and enters budget as "12345", Contract radio as "Yes" and enters contract length "11" , selects Service area as "Linen hire with standard wash" and Additional facilities as "No, I have everything I need" during the journey execution starts===================
2020-09-01 20:00:27 INFO  BrowserFactory:33 - Opening CHROME_HEADLESSbrowser
Started in thread: 13, in JVM: 26192@LTIBUK06252
2020-09-01 20:00:31 INFO  TestContext:54 - Successfully lunched the chrome browser
2020-09-01 20:00:32 INFO  BrowserFactory:96 -  launched
2020-09-01 20:00:37 INFO  HomePage:81 - Clicked on Start now button
2020-09-01 20:00:40 INFO  HomePage:92 - Buyer clicked on Service radio button
2020-09-01 20:00:48 INFO  HomePage:81 - Clicked on Continue button
2020-09-01 20:00:51 INFO  HomePage:92 - Buyer clicked on Yes radio button
2020-09-01 20:01:00 INFO  HomePage:81 - Clicked on Continue button
2020-09-01 20:01:03 INFO  HomePage:92 - Buyer clicked on Yes radio button
2020-09-01 20:01:11 INFO  HomePage:81 - Clicked on Continue button
2020-09-01 20:01:14 INFO  HomePage:92 - Buyer clicked on Linen hire with standard wash radio button
2020-09-01 20:01:22 INFO  HomePage:81 - Clicked on Continue button
2020-09-01 20:01:25 INFO  HomePage:103 - Buyer clicked on No, I have everything I need checkbox  button
2020-09-01 20:01:33 INFO  HomePage:81 - Clicked on Continue button
2020-09-01 20:02:00 INFO  BrowserFactory:126 - 
2020-09-01 20:02:04 INFO  TestContext:90 - =================To verify Buyer has provided with different recommendations "lot1a" and after answering different set of question as looking for "Service", Budget radio as "Yes" and enters budget as "12345", Contract radio as "Yes" and enters contract length "11" , selects Service area as "Linen hire with standard wash" and Additional facilities as "No, I have everything I need" during the journey execution ends===================
]]></system-out>
    <system-err><![CDATA[Starting ChromeDriver 79.0.3945.36 (3582db32b33893869b8c1339e8f4d9ed1816f143-refs/branch-heads/3945@{#614}) on port 34125
Only local connections are allowed.
Please protect ports used by ChromeDriver and related test frameworks to prevent access by malicious code.
Sep 01, 2020 8:00:29 PM org.openqa.selenium.remote.ProtocolHandshake createSession
INFO: Detected dialect: W3C
]]></system-err>
  </testcase>
  <testcase name="To verify Buyer has provided with different recommendations &quot;lot1b&quot; and after answering different set of question as looking for &quot;Service&quot;, Budget radio as &quot;Yes&quot; and enters budget as &quot;12345&quot;, Contract radio as &quot;Yes&quot; and enters contract length &quot;7&quot; , selects Service area as &quot;Standard wash&quot; and Additional facilities as &quot;No, I have everything I need&quot; during the journey" classname="GM Journey for Linen framework -&gt; See Linen schema from https://miro.com/app/board/o9J_kuCrpYQ=/ design link" time="100.309">
    <failure message="The question: &lt;Do you know your budget?&gt; actual answer &lt;£12,345 &gt; is not equal with the expected one &lt;£12345&gt; expected:&lt;£12[]345&gt; but was:&lt;£12[,]345&gt;" type="org.junit.ComparisonFailure"><![CDATA[org.junit.ComparisonFailure: The question: <Do you know your budget?> actual answer <£12,345 > is not equal with the expected one <£12345> expected:<£12[]345> but was:<£12[,]345>
]]></failure>
    <system-out><![CDATA[2020-09-01 20:02:05 INFO  TestContext:41 - =================To verify Buyer has provided with different recommendations "lot1b" and after answering different set of question as looking for "Service", Budget radio as "Yes" and enters budget as "12345", Contract radio as "Yes" and enters contract length "7" , selects Service area as "Standard wash" and Additional facilities as "No, I have everything I need" during the journey execution starts===================
2020-09-01 20:02:05 INFO  BrowserFactory:33 - Opening CHROME_HEADLESSbrowser
Started in thread: 13, in JVM: 26192@LTIBUK06252
2020-09-01 20:02:09 INFO  TestContext:54 - Successfully lunched the chrome browser
2020-09-01 20:02:10 INFO  BrowserFactory:96 -  launched
2020-09-01 20:02:16 INFO  HomePage:81 - Clicked on Start now button
2020-09-01 20:02:19 INFO  HomePage:92 - Buyer clicked on Service radio button
2020-09-01 20:02:26 INFO  HomePage:81 - Clicked on Continue button
2020-09-01 20:02:29 INFO  HomePage:92 - Buyer clicked on Yes radio button
2020-09-01 20:02:37 INFO  HomePage:81 - Clicked on Continue button
2020-09-01 20:02:40 INFO  HomePage:92 - Buyer clicked on Yes radio button
2020-09-01 20:02:49 INFO  HomePage:81 - Clicked on Continue button
2020-09-01 20:02:52 INFO  HomePage:92 - Buyer clicked on Standard wash radio button
2020-09-01 20:03:00 INFO  HomePage:81 - Clicked on Continue button
2020-09-01 20:03:03 INFO  HomePage:103 - Buyer clicked on No, I have everything I need checkbox  button
2020-09-01 20:03:11 INFO  HomePage:81 - Clicked on Continue button
2020-09-01 20:03:40 INFO  BrowserFactory:126 - 
2020-09-01 20:03:45 INFO  TestContext:90 - =================To verify Buyer has provided with different recommendations "lot1b" and after answering different set of question as looking for "Service", Budget radio as "Yes" and enters budget as "12345", Contract radio as "Yes" and enters contract length "7" , selects Service area as "Standard wash" and Additional facilities as "No, I have everything I need" during the journey execution ends===================
]]></system-out>
    <system-err><![CDATA[Starting ChromeDriver 79.0.3945.36 (3582db32b33893869b8c1339e8f4d9ed1816f143-refs/branch-heads/3945@{#614}) on port 42828
Only local connections are allowed.
Please protect ports used by ChromeDriver and related test frameworks to prevent access by malicious code.
Sep 01, 2020 8:02:08 PM org.openqa.selenium.remote.ProtocolHandshake createSession
INFO: Detected dialect: W3C
]]></system-err>
  </testcase>
  <testcase name="To verify Buyer has provided with different recommendations &quot;&lt;recommendation&gt;&quot; and after answering different set of question as looking for &quot;Service&quot;, Budget radio as &quot;Yes&quot; and enters budget as &quot;12345&quot;, Contract radio as &quot;Yes&quot; and enters contract length &quot;8&quot; , selects Service area as &quot;Theatre pack and gowns&quot; and Additional facilities as &quot;Anything else&quot; during the journey" classname="GM Journey for Linen framework -&gt; See Linen schema from https://miro.com/app/board/o9J_kuCrpYQ=/ design link" time="95.847">
    <failure message="The question: &lt;Do you know your budget?&gt; actual answer &lt;£12,345 &gt; is not equal with the expected one &lt;£12345&gt; expected:&lt;£12[]345&gt; but was:&lt;£12[,]345&gt;" type="org.junit.ComparisonFailure"><![CDATA[org.junit.ComparisonFailure: The question: <Do you know your budget?> actual answer <£12,345 > is not equal with the expected one <£12345> expected:<£12[]345> but was:<£12[,]345>
]]></failure>
    <system-out><![CDATA[2020-09-01 20:03:45 INFO  TestContext:41 - =================To verify Buyer has provided with different recommendations "<recommendation>" and after answering different set of question as looking for "Service", Budget radio as "Yes" and enters budget as "12345", Contract radio as "Yes" and enters contract length "8" , selects Service area as "Theatre pack and gowns" and Additional facilities as "Anything else" during the journey execution starts===================
2020-09-01 20:03:45 INFO  BrowserFactory:33 - Opening CHROME_HEADLESSbrowser
Started in thread: 13, in JVM: 26192@LTIBUK06252
2020-09-01 20:03:49 INFO  TestContext:54 - Successfully lunched the chrome browser
2020-09-01 20:03:50 INFO  BrowserFactory:96 -  launched
2020-09-01 20:03:56 INFO  HomePage:81 - Clicked on Start now button
2020-09-01 20:03:59 INFO  HomePage:92 - Buyer clicked on Service radio button
2020-09-01 20:04:07 INFO  HomePage:81 - Clicked on Continue button
2020-09-01 20:04:10 INFO  HomePage:92 - Buyer clicked on Yes radio button
2020-09-01 20:04:18 INFO  HomePage:81 - Clicked on Continue button
2020-09-01 20:04:21 INFO  HomePage:92 - Buyer clicked on Yes radio button
2020-09-01 20:04:30 INFO  HomePage:81 - Clicked on Continue button
2020-09-01 20:04:33 INFO  HomePage:92 - Buyer clicked on Theatre pack and gowns radio button
2020-09-01 20:04:40 INFO  HomePage:81 - Clicked on Continue button
2020-09-01 20:04:43 INFO  HomePage:103 - Buyer clicked on Anything else checkbox  button
2020-09-01 20:04:51 INFO  HomePage:81 - Clicked on Continue button
2020-09-01 20:05:16 INFO  BrowserFactory:126 - 
2020-09-01 20:05:21 INFO  TestContext:90 - =================To verify Buyer has provided with different recommendations "<recommendation>" and after answering different set of question as looking for "Service", Budget radio as "Yes" and enters budget as "12345", Contract radio as "Yes" and enters contract length "8" , selects Service area as "Theatre pack and gowns" and Additional facilities as "Anything else" during the journey execution ends===================
]]></system-out>
    <system-err><![CDATA[Starting ChromeDriver 79.0.3945.36 (3582db32b33893869b8c1339e8f4d9ed1816f143-refs/branch-heads/3945@{#614}) on port 32136
Only local connections are allowed.
Please protect ports used by ChromeDriver and related test frameworks to prevent access by malicious code.
Sep 01, 2020 8:03:48 PM org.openqa.selenium.remote.ProtocolHandshake createSession
INFO: Detected dialect: W3C
]]></system-err>
  </testcase>
  <testcase name="To verify Buyer has provided with different recommendations &quot;&lt;recommendation&gt;&quot; and after answering different set of question as looking for &quot;Service&quot;, Budget radio as &quot;Yes&quot; and enters budget as &quot;12345&quot;, Contract radio as &quot;Yes&quot; and enters contract length &quot;5&quot; , selects Service area as &quot;Cleanroom services&quot; and Additional facilities as &quot;Anything else&quot; during the journey" classname="GM Journey for Linen framework -&gt; See Linen schema from https://miro.com/app/board/o9J_kuCrpYQ=/ design link" time="96.55">
    <failure message="The question: &lt;Do you know your budget?&gt; actual answer &lt;£12,345 &gt; is not equal with the expected one &lt;£12345&gt; expected:&lt;£12[]345&gt; but was:&lt;£12[,]345&gt;" type="org.junit.ComparisonFailure"><![CDATA[org.junit.ComparisonFailure: The question: <Do you know your budget?> actual answer <£12,345 > is not equal with the expected one <£12345> expected:<£12[]345> but was:<£12[,]345>
]]></failure>
    <system-out><![CDATA[2020-09-01 20:05:21 INFO  TestContext:41 - =================To verify Buyer has provided with different recommendations "<recommendation>" and after answering different set of question as looking for "Service", Budget radio as "Yes" and enters budget as "12345", Contract radio as "Yes" and enters contract length "5" , selects Service area as "Cleanroom services" and Additional facilities as "Anything else" during the journey execution starts===================
2020-09-01 20:05:21 INFO  BrowserFactory:33 - Opening CHROME_HEADLESSbrowser
Started in thread: 13, in JVM: 26192@LTIBUK06252
2020-09-01 20:05:25 INFO  TestContext:54 - Successfully lunched the chrome browser
2020-09-01 20:05:26 INFO  BrowserFactory:96 -  launched
2020-09-01 20:05:32 INFO  HomePage:81 - Clicked on Start now button
2020-09-01 20:05:35 INFO  HomePage:92 - Buyer clicked on Service radio button
2020-09-01 20:05:42 INFO  HomePage:81 - Clicked on Continue button
2020-09-01 20:05:45 INFO  HomePage:92 - Buyer clicked on Yes radio button
2020-09-01 20:05:54 INFO  HomePage:81 - Clicked on Continue button
2020-09-01 20:05:57 INFO  HomePage:92 - Buyer clicked on Yes radio button
2020-09-01 20:06:05 INFO  HomePage:81 - Clicked on Continue button
2020-09-01 20:06:08 INFO  HomePage:92 - Buyer clicked on Cleanroom services radio button
2020-09-01 20:06:16 INFO  HomePage:81 - Clicked on Continue button
2020-09-01 20:06:19 INFO  HomePage:103 - Buyer clicked on Anything else checkbox  button
2020-09-01 20:06:27 INFO  HomePage:81 - Clicked on Continue button
2020-09-01 20:06:53 INFO  BrowserFactory:126 - 
2020-09-01 20:06:57 INFO  TestContext:90 - =================To verify Buyer has provided with different recommendations "<recommendation>" and after answering different set of question as looking for "Service", Budget radio as "Yes" and enters budget as "12345", Contract radio as "Yes" and enters contract length "5" , selects Service area as "Cleanroom services" and Additional facilities as "Anything else" during the journey execution ends===================
]]></system-out>
    <system-err><![CDATA[Starting ChromeDriver 79.0.3945.36 (3582db32b33893869b8c1339e8f4d9ed1816f143-refs/branch-heads/3945@{#614}) on port 45505
Only local connections are allowed.
Please protect ports used by ChromeDriver and related test frameworks to prevent access by malicious code.
Sep 01, 2020 8:05:24 PM org.openqa.selenium.remote.ProtocolHandshake createSession
INFO: Detected dialect: W3C
]]></system-err>
  </testcase>
  <testcase name="To verify Buyer has provided with different recommendations &quot;&lt;recommendation&gt;&quot; and after answering different set of question as looking for &quot;Service&quot;, Budget radio as &quot;Yes&quot; and enters budget as &quot;12345&quot;, Contract radio as &quot;Yes&quot; and enters contract length &quot;5&quot; , selects Service area as &quot;Linen hire with standard wash&quot; and Additional facilities as &quot;Anything else&quot; during the journey" classname="GM Journey for Linen framework -&gt; See Linen schema from https://miro.com/app/board/o9J_kuCrpYQ=/ design link" time="103.442">
    <failure message="The question: &lt;Do you know your budget?&gt; actual answer &lt;£12,345 &gt; is not equal with the expected one &lt;£12345&gt; expected:&lt;£12[]345&gt; but was:&lt;£12[,]345&gt;" type="org.junit.ComparisonFailure"><![CDATA[org.junit.ComparisonFailure: The question: <Do you know your budget?> actual answer <£12,345 > is not equal with the expected one <£12345> expected:<£12[]345> but was:<£12[,]345>
]]></failure>
    <system-out><![CDATA[2020-09-01 20:06:58 INFO  TestContext:41 - =================To verify Buyer has provided with different recommendations "<recommendation>" and after answering different set of question as looking for "Service", Budget radio as "Yes" and enters budget as "12345", Contract radio as "Yes" and enters contract length "5" , selects Service area as "Linen hire with standard wash" and Additional facilities as "Anything else" during the journey execution starts===================
2020-09-01 20:06:58 INFO  BrowserFactory:33 - Opening CHROME_HEADLESSbrowser
Started in thread: 13, in JVM: 26192@LTIBUK06252
2020-09-01 20:07:02 INFO  TestContext:54 - Successfully lunched the chrome browser
2020-09-01 20:07:03 INFO  BrowserFactory:96 -  launched
2020-09-01 20:07:09 INFO  HomePage:81 - Clicked on Start now button
2020-09-01 20:07:12 INFO  HomePage:92 - Buyer clicked on Service radio button
2020-09-01 20:07:19 INFO  HomePage:81 - Clicked on Continue button
2020-09-01 20:07:22 INFO  HomePage:92 - Buyer clicked on Yes radio button
2020-09-01 20:07:31 INFO  HomePage:81 - Clicked on Continue button
2020-09-01 20:07:34 INFO  HomePage:92 - Buyer clicked on Yes radio button
2020-09-01 20:07:42 INFO  HomePage:81 - Clicked on Continue button
2020-09-01 20:07:45 INFO  HomePage:92 - Buyer clicked on Linen hire with standard wash radio button
2020-09-01 20:07:58 INFO  HomePage:81 - Clicked on Continue button
2020-09-01 20:08:01 INFO  HomePage:103 - Buyer clicked on Anything else checkbox  button
2020-09-01 20:08:10 INFO  HomePage:81 - Clicked on Continue button
2020-09-01 20:08:36 INFO  BrowserFactory:126 - 
2020-09-01 20:08:40 INFO  TestContext:90 - =================To verify Buyer has provided with different recommendations "<recommendation>" and after answering different set of question as looking for "Service", Budget radio as "Yes" and enters budget as "12345", Contract radio as "Yes" and enters contract length "5" , selects Service area as "Linen hire with standard wash" and Additional facilities as "Anything else" during the journey execution ends===================
]]></system-out>
    <system-err><![CDATA[Starting ChromeDriver 79.0.3945.36 (3582db32b33893869b8c1339e8f4d9ed1816f143-refs/branch-heads/3945@{#614}) on port 33804
Only local connections are allowed.
Please protect ports used by ChromeDriver and related test frameworks to prevent access by malicious code.
Sep 01, 2020 8:07:01 PM org.openqa.selenium.remote.ProtocolHandshake createSession
INFO: Detected dialect: W3C
]]></system-err>
  </testcase>
  <testcase name="To verify Buyer has provided with different recommendations &quot;&lt;recommendation&gt;&quot; and after answering different set of question as looking for &quot;Service&quot;, Budget radio as &quot;Yes&quot; and enters budget as &quot;12345&quot;, Contract radio as &quot;Yes&quot; and enters contract length &quot;5&quot; , selects Service area as &quot;Standard wash&quot; and Additional facilities as &quot;Anything else&quot; during the journey" classname="GM Journey for Linen framework -&gt; See Linen schema from https://miro.com/app/board/o9J_kuCrpYQ=/ design link" time="96.411">
    <failure message="The question: &lt;Do you know your budget?&gt; actual answer &lt;£12,345 &gt; is not equal with the expected one &lt;£12345&gt; expected:&lt;£12[]345&gt; but was:&lt;£12[,]345&gt;" type="org.junit.ComparisonFailure"><![CDATA[org.junit.ComparisonFailure: The question: <Do you know your budget?> actual answer <£12,345 > is not equal with the expected one <£12345> expected:<£12[]345> but was:<£12[,]345>
]]></failure>
    <system-out><![CDATA[2020-09-01 20:08:41 INFO  TestContext:41 - =================To verify Buyer has provided with different recommendations "<recommendation>" and after answering different set of question as looking for "Service", Budget radio as "Yes" and enters budget as "12345", Contract radio as "Yes" and enters contract length "5" , selects Service area as "Standard wash" and Additional facilities as "Anything else" during the journey execution starts===================
2020-09-01 20:08:41 INFO  BrowserFactory:33 - Opening CHROME_HEADLESSbrowser
Started in thread: 13, in JVM: 26192@LTIBUK06252
2020-09-01 20:08:45 INFO  TestContext:54 - Successfully lunched the chrome browser
2020-09-01 20:08:46 INFO  BrowserFactory:96 -  launched
2020-09-01 20:08:52 INFO  HomePage:81 - Clicked on Start now button
2020-09-01 20:08:55 INFO  HomePage:92 - Buyer clicked on Service radio button
2020-09-01 20:09:02 INFO  HomePage:81 - Clicked on Continue button
2020-09-01 20:09:05 INFO  HomePage:92 - Buyer clicked on Yes radio button
2020-09-01 20:09:14 INFO  HomePage:81 - Clicked on Continue button
2020-09-01 20:09:17 INFO  HomePage:92 - Buyer clicked on Yes radio button
2020-09-01 20:09:25 INFO  HomePage:81 - Clicked on Continue button
2020-09-01 20:09:28 INFO  HomePage:92 - Buyer clicked on Standard wash radio button
2020-09-01 20:09:36 INFO  HomePage:81 - Clicked on Continue button
2020-09-01 20:09:39 INFO  HomePage:103 - Buyer clicked on Anything else checkbox  button
2020-09-01 20:09:47 INFO  HomePage:81 - Clicked on Continue button
2020-09-01 20:10:13 INFO  BrowserFactory:126 - 
2020-09-01 20:10:17 INFO  TestContext:90 - =================To verify Buyer has provided with different recommendations "<recommendation>" and after answering different set of question as looking for "Service", Budget radio as "Yes" and enters budget as "12345", Contract radio as "Yes" and enters contract length "5" , selects Service area as "Standard wash" and Additional facilities as "Anything else" during the journey execution ends===================
]]></system-out>
    <system-err><![CDATA[Starting ChromeDriver 79.0.3945.36 (3582db32b33893869b8c1339e8f4d9ed1816f143-refs/branch-heads/3945@{#614}) on port 28774
Only local connections are allowed.
Please protect ports used by ChromeDriver and related test frameworks to prevent access by malicious code.
Sep 01, 2020 8:08:44 PM org.openqa.selenium.remote.ProtocolHandshake createSession
INFO: Detected dialect: W3C
]]></system-err>
  </testcase>
  <testcase name="To verify Buyer has provided with different recommendations &quot;lot2&quot; and after answering different set of question as looking for &quot;Service&quot;, Budget radio as &quot;Yes&quot; and enters budget as &quot;12345000&quot;, selects Service area as &quot;Theatre pack and gowns&quot; and Additional facilities as &quot;No, I have everything I need&quot; during the journey" classname="GM Journey for Linen framework -&gt; See Linen schema from https://miro.com/app/board/o9J_kuCrpYQ=/ design link" time="86.162">
    <failure message="The question: &lt;Do you know your budget?&gt; actual answer &lt;£12,345,000 &gt; is not equal with the expected one &lt;£12345000&gt; expected:&lt;£12[345]000&gt; but was:&lt;£12[,345,]000&gt;" type="org.junit.ComparisonFailure"><![CDATA[org.junit.ComparisonFailure: The question: <Do you know your budget?> actual answer <£12,345,000 > is not equal with the expected one <£12345000> expected:<£12[345]000> but was:<£12[,345,]000>
]]></failure>
    <system-out><![CDATA[2020-09-01 20:10:18 INFO  TestContext:41 - =================To verify Buyer has provided with different recommendations "lot2" and after answering different set of question as looking for "Service", Budget radio as "Yes" and enters budget as "12345000", selects Service area as "Theatre pack and gowns" and Additional facilities as "No, I have everything I need" during the journey execution starts===================
2020-09-01 20:10:18 INFO  BrowserFactory:33 - Opening CHROME_HEADLESSbrowser
Started in thread: 13, in JVM: 26192@LTIBUK06252
2020-09-01 20:10:22 INFO  TestContext:54 - Successfully lunched the chrome browser
2020-09-01 20:10:23 INFO  BrowserFactory:96 -  launched
2020-09-01 20:10:28 INFO  HomePage:81 - Clicked on Start now button
2020-09-01 20:10:31 INFO  HomePage:92 - Buyer clicked on Service radio button
2020-09-01 20:10:39 INFO  HomePage:81 - Clicked on Continue button
2020-09-01 20:10:42 INFO  HomePage:92 - Buyer clicked on Yes radio button
2020-09-01 20:10:50 INFO  HomePage:81 - Clicked on Continue button
2020-09-01 20:10:53 INFO  HomePage:92 - Buyer clicked on Theatre pack and gowns radio button
2020-09-01 20:11:00 INFO  HomePage:81 - Clicked on Continue button
2020-09-01 20:11:03 INFO  HomePage:103 - Buyer clicked on No, I have everything I need checkbox  button
2020-09-01 20:11:11 INFO  HomePage:81 - Clicked on Continue button
2020-09-01 20:11:39 INFO  BrowserFactory:126 - 
2020-09-01 20:11:43 INFO  TestContext:90 - =================To verify Buyer has provided with different recommendations "lot2" and after answering different set of question as looking for "Service", Budget radio as "Yes" and enters budget as "12345000", selects Service area as "Theatre pack and gowns" and Additional facilities as "No, I have everything I need" during the journey execution ends===================
]]></system-out>
    <system-err><![CDATA[Starting ChromeDriver 79.0.3945.36 (3582db32b33893869b8c1339e8f4d9ed1816f143-refs/branch-heads/3945@{#614}) on port 27607
Only local connections are allowed.
Please protect ports used by ChromeDriver and related test frameworks to prevent access by malicious code.
Sep 01, 2020 8:10:20 PM org.openqa.selenium.remote.ProtocolHandshake createSession
INFO: Detected dialect: W3C
]]></system-err>
  </testcase>
  <testcase name="To verify Buyer has provided with different recommendations &quot;lot3&quot; and after answering different set of question as looking for &quot;Service&quot;, Budget radio as &quot;Yes&quot; and enters budget as &quot;12345000&quot;, selects Service area as &quot;Cleanroom services&quot; and Additional facilities as &quot;No, I have everything I need&quot; during the journey" classname="GM Journey for Linen framework -&gt; See Linen schema from https://miro.com/app/board/o9J_kuCrpYQ=/ design link" time="89.178">
    <failure message="The question: &lt;Do you know your budget?&gt; actual answer &lt;£12,345,000 &gt; is not equal with the expected one &lt;£12345000&gt; expected:&lt;£12[345]000&gt; but was:&lt;£12[,345,]000&gt;" type="org.junit.ComparisonFailure"><![CDATA[org.junit.ComparisonFailure: The question: <Do you know your budget?> actual answer <£12,345,000 > is not equal with the expected one <£12345000> expected:<£12[345]000> but was:<£12[,345,]000>
]]></failure>
    <system-out><![CDATA[2020-09-01 20:11:44 INFO  TestContext:41 - =================To verify Buyer has provided with different recommendations "lot3" and after answering different set of question as looking for "Service", Budget radio as "Yes" and enters budget as "12345000", selects Service area as "Cleanroom services" and Additional facilities as "No, I have everything I need" during the journey execution starts===================
2020-09-01 20:11:44 INFO  BrowserFactory:33 - Opening CHROME_HEADLESSbrowser
Started in thread: 13, in JVM: 26192@LTIBUK06252
2020-09-01 20:11:48 INFO  TestContext:54 - Successfully lunched the chrome browser
2020-09-01 20:11:49 INFO  BrowserFactory:96 -  launched
2020-09-01 20:11:55 INFO  HomePage:81 - Clicked on Start now button
2020-09-01 20:11:58 INFO  HomePage:92 - Buyer clicked on Service radio button
2020-09-01 20:12:07 INFO  HomePage:81 - Clicked on Continue button
2020-09-01 20:12:10 INFO  HomePage:92 - Buyer clicked on Yes radio button
2020-09-01 20:12:18 INFO  HomePage:81 - Clicked on Continue button
2020-09-01 20:12:21 INFO  HomePage:92 - Buyer clicked on Cleanroom services radio button
2020-09-01 20:12:28 INFO  HomePage:81 - Clicked on Continue button
2020-09-01 20:12:31 INFO  HomePage:103 - Buyer clicked on No, I have everything I need checkbox  button
2020-09-01 20:12:39 INFO  HomePage:81 - Clicked on Continue button
2020-09-01 20:13:08 INFO  BrowserFactory:126 - 
2020-09-01 20:13:12 INFO  TestContext:90 - =================To verify Buyer has provided with different recommendations "lot3" and after answering different set of question as looking for "Service", Budget radio as "Yes" and enters budget as "12345000", selects Service area as "Cleanroom services" and Additional facilities as "No, I have everything I need" during the journey execution ends===================
]]></system-out>
    <system-err><![CDATA[Starting ChromeDriver 79.0.3945.36 (3582db32b33893869b8c1339e8f4d9ed1816f143-refs/branch-heads/3945@{#614}) on port 39079
Only local connections are allowed.
Please protect ports used by ChromeDriver and related test frameworks to prevent access by malicious code.
Sep 01, 2020 8:11:47 PM org.openqa.selenium.remote.ProtocolHandshake createSession
INFO: Detected dialect: W3C
]]></system-err>
  </testcase>
  <testcase name="To verify Buyer has provided with different recommendations &quot;lot1a&quot; and after answering different set of question as looking for &quot;Service&quot;, Budget radio as &quot;Yes&quot; and enters budget as &quot;12345000&quot;, selects Service area as &quot;Linen hire with standard wash&quot; and Additional facilities as &quot;No, I have everything I need&quot; during the journey" classname="GM Journey for Linen framework -&gt; See Linen schema from https://miro.com/app/board/o9J_kuCrpYQ=/ design link" time="89.754">
    <failure message="The question: &lt;Do you know your budget?&gt; actual answer &lt;£12,345,000 &gt; is not equal with the expected one &lt;£12345000&gt; expected:&lt;£12[345]000&gt; but was:&lt;£12[,345,]000&gt;" type="org.junit.ComparisonFailure"><![CDATA[org.junit.ComparisonFailure: The question: <Do you know your budget?> actual answer <£12,345,000 > is not equal with the expected one <£12345000> expected:<£12[345]000> but was:<£12[,345,]000>
]]></failure>
    <system-out><![CDATA[2020-09-01 20:13:13 INFO  TestContext:41 - =================To verify Buyer has provided with different recommendations "lot1a" and after answering different set of question as looking for "Service", Budget radio as "Yes" and enters budget as "12345000", selects Service area as "Linen hire with standard wash" and Additional facilities as "No, I have everything I need" during the journey execution starts===================
2020-09-01 20:13:13 INFO  BrowserFactory:33 - Opening CHROME_HEADLESSbrowser
Started in thread: 13, in JVM: 26192@LTIBUK06252
2020-09-01 20:13:17 INFO  TestContext:54 - Successfully lunched the chrome browser
2020-09-01 20:13:19 INFO  BrowserFactory:96 -  launched
2020-09-01 20:13:24 INFO  HomePage:81 - Clicked on Start now button
2020-09-01 20:13:27 INFO  HomePage:92 - Buyer clicked on Service radio button
2020-09-01 20:13:36 INFO  HomePage:81 - Clicked on Continue button
2020-09-01 20:13:39 INFO  HomePage:92 - Buyer clicked on Yes radio button
2020-09-01 20:13:47 INFO  HomePage:81 - Clicked on Continue button
2020-09-01 20:13:50 INFO  HomePage:92 - Buyer clicked on Linen hire with standard wash radio button
2020-09-01 20:13:57 INFO  HomePage:81 - Clicked on Continue button
2020-09-01 20:14:00 INFO  HomePage:103 - Buyer clicked on No, I have everything I need checkbox  button
2020-09-01 20:14:08 INFO  HomePage:81 - Clicked on Continue button
2020-09-01 20:14:38 INFO  BrowserFactory:126 - 
2020-09-01 20:14:42 INFO  TestContext:90 - =================To verify Buyer has provided with different recommendations "lot1a" and after answering different set of question as looking for "Service", Budget radio as "Yes" and enters budget as "12345000", selects Service area as "Linen hire with standard wash" and Additional facilities as "No, I have everything I need" during the journey execution ends===================
]]></system-out>
    <system-err><![CDATA[Starting ChromeDriver 79.0.3945.36 (3582db32b33893869b8c1339e8f4d9ed1816f143-refs/branch-heads/3945@{#614}) on port 8636
Only local connections are allowed.
Please protect ports used by ChromeDriver and related test frameworks to prevent access by malicious code.
Sep 01, 2020 8:13:16 PM org.openqa.selenium.remote.ProtocolHandshake createSession
INFO: Detected dialect: W3C
]]></system-err>
  </testcase>
  <testcase name="To verify Buyer has provided with different recommendations &quot;lot1b&quot; and after answering different set of question as looking for &quot;Service&quot;, Budget radio as &quot;Yes&quot; and enters budget as &quot;12345000&quot;, selects Service area as &quot;Standard wash&quot; and Additional facilities as &quot;No, I have everything I need&quot; during the journey" classname="GM Journey for Linen framework -&gt; See Linen schema from https://miro.com/app/board/o9J_kuCrpYQ=/ design link" time="88.938">
    <failure message="The question: &lt;Do you know your budget?&gt; actual answer &lt;£12,345,000 &gt; is not equal with the expected one &lt;£12345000&gt; expected:&lt;£12[345]000&gt; but was:&lt;£12[,345,]000&gt;" type="org.junit.ComparisonFailure"><![CDATA[org.junit.ComparisonFailure: The question: <Do you know your budget?> actual answer <£12,345,000 > is not equal with the expected one <£12345000> expected:<£12[345]000> but was:<£12[,345,]000>
]]></failure>
    <system-out><![CDATA[2020-09-01 20:14:43 INFO  TestContext:41 - =================To verify Buyer has provided with different recommendations "lot1b" and after answering different set of question as looking for "Service", Budget radio as "Yes" and enters budget as "12345000", selects Service area as "Standard wash" and Additional facilities as "No, I have everything I need" during the journey execution starts===================
2020-09-01 20:14:43 INFO  BrowserFactory:33 - Opening CHROME_HEADLESSbrowser
Started in thread: 13, in JVM: 26192@LTIBUK06252
2020-09-01 20:14:47 INFO  TestContext:54 - Successfully lunched the chrome browser
2020-09-01 20:14:48 INFO  BrowserFactory:96 -  launched
2020-09-01 20:14:53 INFO  HomePage:81 - Clicked on Start now button
2020-09-01 20:14:56 INFO  HomePage:92 - Buyer clicked on Service radio button
2020-09-01 20:15:03 INFO  HomePage:81 - Clicked on Continue button
2020-09-01 20:15:06 INFO  HomePage:92 - Buyer clicked on Yes radio button
2020-09-01 20:15:15 INFO  HomePage:81 - Clicked on Continue button
2020-09-01 20:15:18 INFO  HomePage:92 - Buyer clicked on Standard wash radio button
2020-09-01 20:15:26 INFO  HomePage:81 - Clicked on Continue button
2020-09-01 20:15:29 INFO  HomePage:103 - Buyer clicked on No, I have everything I need checkbox  button
2020-09-01 20:15:37 INFO  HomePage:81 - Clicked on Continue button
2020-09-01 20:16:07 INFO  BrowserFactory:126 - 
2020-09-01 20:16:11 INFO  TestContext:90 - =================To verify Buyer has provided with different recommendations "lot1b" and after answering different set of question as looking for "Service", Budget radio as "Yes" and enters budget as "12345000", selects Service area as "Standard wash" and Additional facilities as "No, I have everything I need" during the journey execution ends===================
]]></system-out>
    <system-err><![CDATA[Starting ChromeDriver 79.0.3945.36 (3582db32b33893869b8c1339e8f4d9ed1816f143-refs/branch-heads/3945@{#614}) on port 44269
Only local connections are allowed.
Please protect ports used by ChromeDriver and related test frameworks to prevent access by malicious code.
Sep 01, 2020 8:14:45 PM org.openqa.selenium.remote.ProtocolHandshake createSession
INFO: Detected dialect: W3C
]]></system-err>
  </testcase>
  <testcase name="To verify Buyer has provided with different recommendations &quot;&lt;recommendation&gt;&quot; and after answering different set of question as looking for &quot;Service&quot;, Budget radio as &quot;Yes&quot; and enters budget as &quot;12345000&quot;, selects Service area as &quot;Theatre pack and gowns&quot; and Additional facilities as &quot;Anything else&quot; during the journey" classname="GM Journey for Linen framework -&gt; See Linen schema from https://miro.com/app/board/o9J_kuCrpYQ=/ design link" time="82.162">
    <failure message="The question: &lt;Do you know your budget?&gt; actual answer &lt;£12,345,000 &gt; is not equal with the expected one &lt;£12345000&gt; expected:&lt;£12[345]000&gt; but was:&lt;£12[,345,]000&gt;" type="org.junit.ComparisonFailure"><![CDATA[org.junit.ComparisonFailure: The question: <Do you know your budget?> actual answer <£12,345,000 > is not equal with the expected one <£12345000> expected:<£12[345]000> but was:<£12[,345,]000>
]]></failure>
    <system-out><![CDATA[2020-09-01 20:16:12 INFO  TestContext:41 - =================To verify Buyer has provided with different recommendations "<recommendation>" and after answering different set of question as looking for "Service", Budget radio as "Yes" and enters budget as "12345000", selects Service area as "Theatre pack and gowns" and Additional facilities as "Anything else" during the journey execution starts===================
2020-09-01 20:16:12 INFO  BrowserFactory:33 - Opening CHROME_HEADLESSbrowser
Started in thread: 13, in JVM: 26192@LTIBUK06252
2020-09-01 20:16:16 INFO  TestContext:54 - Successfully lunched the chrome browser
2020-09-01 20:16:16 INFO  BrowserFactory:96 -  launched
2020-09-01 20:16:22 INFO  HomePage:81 - Clicked on Start now button
2020-09-01 20:16:25 INFO  HomePage:92 - Buyer clicked on Service radio button
2020-09-01 20:16:34 INFO  HomePage:81 - Clicked on Continue button
2020-09-01 20:16:37 INFO  HomePage:92 - Buyer clicked on Yes radio button
2020-09-01 20:16:45 INFO  HomePage:81 - Clicked on Continue button
2020-09-01 20:16:48 INFO  HomePage:92 - Buyer clicked on Theatre pack and gowns radio button
2020-09-01 20:16:55 INFO  HomePage:81 - Clicked on Continue button
2020-09-01 20:16:58 INFO  HomePage:103 - Buyer clicked on Anything else checkbox  button
2020-09-01 20:17:06 INFO  HomePage:81 - Clicked on Continue button
2020-09-01 20:17:29 INFO  BrowserFactory:126 - 
2020-09-01 20:17:33 INFO  TestContext:90 - =================To verify Buyer has provided with different recommendations "<recommendation>" and after answering different set of question as looking for "Service", Budget radio as "Yes" and enters budget as "12345000", selects Service area as "Theatre pack and gowns" and Additional facilities as "Anything else" during the journey execution ends===================
]]></system-out>
    <system-err><![CDATA[Starting ChromeDriver 79.0.3945.36 (3582db32b33893869b8c1339e8f4d9ed1816f143-refs/branch-heads/3945@{#614}) on port 26474
Only local connections are allowed.
Please protect ports used by ChromeDriver and related test frameworks to prevent access by malicious code.
Sep 01, 2020 8:16:14 PM org.openqa.selenium.remote.ProtocolHandshake createSession
INFO: Detected dialect: W3C
]]></system-err>
  </testcase>
  <testcase name="To verify Buyer has provided with different recommendations &quot;&lt;recommendation&gt;&quot; and after answering different set of question as looking for &quot;Service&quot;, Budget radio as &quot;Yes&quot; and enters budget as &quot;12345000&quot;, selects Service area as &quot;Cleanroom services&quot; and Additional facilities as &quot;Anything else&quot; during the journey" classname="GM Journey for Linen framework -&gt; See Linen schema from https://miro.com/app/board/o9J_kuCrpYQ=/ design link" time="85.349">
    <failure message="The question: &lt;Do you know your budget?&gt; actual answer &lt;£12,345,000 &gt; is not equal with the expected one &lt;£12345000&gt; expected:&lt;£12[345]000&gt; but was:&lt;£12[,345,]000&gt;" type="org.junit.ComparisonFailure"><![CDATA[org.junit.ComparisonFailure: The question: <Do you know your budget?> actual answer <£12,345,000 > is not equal with the expected one <£12345000> expected:<£12[345]000> but was:<£12[,345,]000>
]]></failure>
    <system-out><![CDATA[2020-09-01 20:17:34 INFO  TestContext:41 - =================To verify Buyer has provided with different recommendations "<recommendation>" and after answering different set of question as looking for "Service", Budget radio as "Yes" and enters budget as "12345000", selects Service area as "Cleanroom services" and Additional facilities as "Anything else" during the journey execution starts===================
2020-09-01 20:17:34 INFO  BrowserFactory:33 - Opening CHROME_HEADLESSbrowser
Started in thread: 13, in JVM: 26192@LTIBUK06252
2020-09-01 20:17:38 INFO  TestContext:54 - Successfully lunched the chrome browser
2020-09-01 20:17:39 INFO  BrowserFactory:96 -  launched
2020-09-01 20:17:44 INFO  HomePage:81 - Clicked on Start now button
2020-09-01 20:17:47 INFO  HomePage:92 - Buyer clicked on Service radio button
2020-09-01 20:17:56 INFO  HomePage:81 - Clicked on Continue button
2020-09-01 20:17:59 INFO  HomePage:92 - Buyer clicked on Yes radio button
2020-09-01 20:18:08 INFO  HomePage:81 - Clicked on Continue button
2020-09-01 20:18:11 INFO  HomePage:92 - Buyer clicked on Cleanroom services radio button
2020-09-01 20:18:19 INFO  HomePage:81 - Clicked on Continue button
2020-09-01 20:18:22 INFO  HomePage:103 - Buyer clicked on Anything else checkbox  button
2020-09-01 20:18:29 INFO  HomePage:81 - Clicked on Continue button
2020-09-01 20:18:53 INFO  BrowserFactory:126 - 
2020-09-01 20:18:58 INFO  TestContext:90 - =================To verify Buyer has provided with different recommendations "<recommendation>" and after answering different set of question as looking for "Service", Budget radio as "Yes" and enters budget as "12345000", selects Service area as "Cleanroom services" and Additional facilities as "Anything else" during the journey execution ends===================
]]></system-out>
    <system-err><![CDATA[Starting ChromeDriver 79.0.3945.36 (3582db32b33893869b8c1339e8f4d9ed1816f143-refs/branch-heads/3945@{#614}) on port 13065
Only local connections are allowed.
Please protect ports used by ChromeDriver and related test frameworks to prevent access by malicious code.
Sep 01, 2020 8:17:37 PM org.openqa.selenium.remote.ProtocolHandshake createSession
INFO: Detected dialect: W3C
]]></system-err>
  </testcase>
  <testcase name="To verify Buyer has provided with different recommendations &quot;&lt;recommendation&gt;&quot; and after answering different set of question as looking for &quot;Service&quot;, Budget radio as &quot;Yes&quot; and enters budget as &quot;12345000&quot;, selects Service area as &quot;Linen hire with standard wash&quot; and Additional facilities as &quot;Anything else&quot; during the journey" classname="GM Journey for Linen framework -&gt; See Linen schema from https://miro.com/app/board/o9J_kuCrpYQ=/ design link" time="85.351">
    <failure message="The question: &lt;Do you know your budget?&gt; actual answer &lt;£12,345,000 &gt; is not equal with the expected one &lt;£12345000&gt; expected:&lt;£12[345]000&gt; but was:&lt;£12[,345,]000&gt;" type="org.junit.ComparisonFailure"><![CDATA[org.junit.ComparisonFailure: The question: <Do you know your budget?> actual answer <£12,345,000 > is not equal with the expected one <£12345000> expected:<£12[345]000> but was:<£12[,345,]000>
]]></failure>
    <system-out><![CDATA[2020-09-01 20:18:59 INFO  TestContext:41 - =================To verify Buyer has provided with different recommendations "<recommendation>" and after answering different set of question as looking for "Service", Budget radio as "Yes" and enters budget as "12345000", selects Service area as "Linen hire with standard wash" and Additional facilities as "Anything else" during the journey execution starts===================
2020-09-01 20:18:59 INFO  BrowserFactory:33 - Opening CHROME_HEADLESSbrowser
Started in thread: 13, in JVM: 26192@LTIBUK06252
2020-09-01 20:19:03 INFO  TestContext:54 - Successfully lunched the chrome browser
2020-09-01 20:19:05 INFO  BrowserFactory:96 -  launched
2020-09-01 20:19:13 INFO  HomePage:81 - Clicked on Start now button
2020-09-01 20:19:16 INFO  HomePage:92 - Buyer clicked on Service radio button
2020-09-01 20:19:24 INFO  HomePage:81 - Clicked on Continue button
2020-09-01 20:19:27 INFO  HomePage:92 - Buyer clicked on Yes radio button
2020-09-01 20:19:36 INFO  HomePage:81 - Clicked on Continue button
2020-09-01 20:19:39 INFO  HomePage:92 - Buyer clicked on Linen hire with standard wash radio button
2020-09-01 20:19:46 INFO  HomePage:81 - Clicked on Continue button
2020-09-01 20:19:49 INFO  HomePage:103 - Buyer clicked on Anything else checkbox  button
2020-09-01 20:19:57 INFO  HomePage:81 - Clicked on Continue button
2020-09-01 20:20:20 INFO  BrowserFactory:126 - 
2020-09-01 20:20:24 INFO  TestContext:90 - =================To verify Buyer has provided with different recommendations "<recommendation>" and after answering different set of question as looking for "Service", Budget radio as "Yes" and enters budget as "12345000", selects Service area as "Linen hire with standard wash" and Additional facilities as "Anything else" during the journey execution ends===================
]]></system-out>
    <system-err><![CDATA[Starting ChromeDriver 79.0.3945.36 (3582db32b33893869b8c1339e8f4d9ed1816f143-refs/branch-heads/3945@{#614}) on port 13429
Only local connections are allowed.
Please protect ports used by ChromeDriver and related test frameworks to prevent access by malicious code.
Sep 01, 2020 8:19:02 PM org.openqa.selenium.remote.ProtocolHandshake createSession
INFO: Detected dialect: W3C
]]></system-err>
  </testcase>
  <testcase name="To verify Buyer has provided with different recommendations &quot;&lt;recommendation&gt;&quot; and after answering different set of question as looking for &quot;Service&quot;, Budget radio as &quot;Yes&quot; and enters budget as &quot;12345000&quot;, selects Service area as &quot;Standard wash&quot; and Additional facilities as &quot;Anything else&quot; during the journey" classname="GM Journey for Linen framework -&gt; See Linen schema from https://miro.com/app/board/o9J_kuCrpYQ=/ design link" time="80.788">
    <failure message="The question: &lt;Do you know your budget?&gt; actual answer &lt;£12,345,000 &gt; is not equal with the expected one &lt;£12345000&gt; expected:&lt;£12[345]000&gt; but was:&lt;£12[,345,]000&gt;" type="org.junit.ComparisonFailure"><![CDATA[org.junit.ComparisonFailure: The question: <Do you know your budget?> actual answer <£12,345,000 > is not equal with the expected one <£12345000> expected:<£12[345]000> but was:<£12[,345,]000>
]]></failure>
    <system-out><![CDATA[2020-09-01 20:20:25 INFO  TestContext:41 - =================To verify Buyer has provided with different recommendations "<recommendation>" and after answering different set of question as looking for "Service", Budget radio as "Yes" and enters budget as "12345000", selects Service area as "Standard wash" and Additional facilities as "Anything else" during the journey execution starts===================
2020-09-01 20:20:25 INFO  BrowserFactory:33 - Opening CHROME_HEADLESSbrowser
Started in thread: 13, in JVM: 26192@LTIBUK06252
2020-09-01 20:20:28 INFO  TestContext:54 - Successfully lunched the chrome browser
2020-09-01 20:20:30 INFO  BrowserFactory:96 -  launched
2020-09-01 20:20:35 INFO  HomePage:81 - Clicked on Start now button
2020-09-01 20:20:38 INFO  HomePage:92 - Buyer clicked on Service radio button
2020-09-01 20:20:46 INFO  HomePage:81 - Clicked on Continue button
2020-09-01 20:20:49 INFO  HomePage:92 - Buyer clicked on Yes radio button
2020-09-01 20:20:57 INFO  HomePage:81 - Clicked on Continue button
2020-09-01 20:21:00 INFO  HomePage:92 - Buyer clicked on Standard wash radio button
2020-09-01 20:21:07 INFO  HomePage:81 - Clicked on Continue button
2020-09-01 20:21:10 INFO  HomePage:103 - Buyer clicked on Anything else checkbox  button
2020-09-01 20:21:18 INFO  HomePage:81 - Clicked on Continue button
2020-09-01 20:21:41 INFO  BrowserFactory:126 - 
2020-09-01 20:21:45 INFO  TestContext:90 - =================To verify Buyer has provided with different recommendations "<recommendation>" and after answering different set of question as looking for "Service", Budget radio as "Yes" and enters budget as "12345000", selects Service area as "Standard wash" and Additional facilities as "Anything else" during the journey execution ends===================
]]></system-out>
    <system-err><![CDATA[Starting ChromeDriver 79.0.3945.36 (3582db32b33893869b8c1339e8f4d9ed1816f143-refs/branch-heads/3945@{#614}) on port 35424
Only local connections are allowed.
Please protect ports used by ChromeDriver and related test frameworks to prevent access by malicious code.
Sep 01, 2020 8:20:27 PM org.openqa.selenium.remote.ProtocolHandshake createSession
INFO: Detected dialect: W3C
]]></system-err>
  </testcase>
  <testcase name="To verify Buyer has provided with different recommendations &quot;lot2&quot; and after answering different set of question as looking for &quot;Service&quot;, Budget radio as &quot;Yes&quot; and enters budget as &quot;12345&quot;, Contract radio as &quot;Yes&quot; and enters contract length &quot;13&quot; , selects Service area as &quot;Theatre pack and gowns&quot; and Additional facilities as &quot;No, I have everything I need&quot; during the journey" classname="GM Journey for Linen framework -&gt; See Linen schema from https://miro.com/app/board/o9J_kuCrpYQ=/ design link" time="103.792">
    <failure message="The question: &lt;Do you know your budget?&gt; actual answer &lt;£12,345 &gt; is not equal with the expected one &lt;£12345&gt; expected:&lt;£12[]345&gt; but was:&lt;£12[,]345&gt;" type="org.junit.ComparisonFailure"><![CDATA[org.junit.ComparisonFailure: The question: <Do you know your budget?> actual answer <£12,345 > is not equal with the expected one <£12345> expected:<£12[]345> but was:<£12[,]345>
]]></failure>
    <system-out><![CDATA[2020-09-01 20:21:45 INFO  TestContext:41 - =================To verify Buyer has provided with different recommendations "lot2" and after answering different set of question as looking for "Service", Budget radio as "Yes" and enters budget as "12345", Contract radio as "Yes" and enters contract length "13" , selects Service area as "Theatre pack and gowns" and Additional facilities as "No, I have everything I need" during the journey execution starts===================
2020-09-01 20:21:45 INFO  BrowserFactory:33 - Opening CHROME_HEADLESSbrowser
Started in thread: 13, in JVM: 26192@LTIBUK06252
2020-09-01 20:21:49 INFO  TestContext:54 - Successfully lunched the chrome browser
2020-09-01 20:21:51 INFO  BrowserFactory:96 -  launched
2020-09-01 20:21:57 INFO  HomePage:81 - Clicked on Start now button
2020-09-01 20:22:00 INFO  HomePage:92 - Buyer clicked on Service radio button
2020-09-01 20:22:08 INFO  HomePage:81 - Clicked on Continue button
2020-09-01 20:22:11 INFO  HomePage:92 - Buyer clicked on Yes radio button
2020-09-01 20:22:19 INFO  HomePage:81 - Clicked on Continue button
2020-09-01 20:22:22 INFO  HomePage:92 - Buyer clicked on Yes radio button
2020-09-01 20:22:31 INFO  HomePage:81 - Clicked on Continue button
2020-09-01 20:22:34 INFO  HomePage:92 - Buyer clicked on Theatre pack and gowns radio button
2020-09-01 20:22:41 INFO  HomePage:81 - Clicked on Continue button
2020-09-01 20:22:44 INFO  HomePage:103 - Buyer clicked on No, I have everything I need checkbox  button
2020-09-01 20:22:52 INFO  HomePage:81 - Clicked on Continue button
2020-09-01 20:23:24 INFO  BrowserFactory:126 - 
2020-09-01 20:23:28 INFO  TestContext:90 - =================To verify Buyer has provided with different recommendations "lot2" and after answering different set of question as looking for "Service", Budget radio as "Yes" and enters budget as "12345", Contract radio as "Yes" and enters contract length "13" , selects Service area as "Theatre pack and gowns" and Additional facilities as "No, I have everything I need" during the journey execution ends===================
]]></system-out>
    <system-err><![CDATA[Starting ChromeDriver 79.0.3945.36 (3582db32b33893869b8c1339e8f4d9ed1816f143-refs/branch-heads/3945@{#614}) on port 38278
Only local connections are allowed.
Please protect ports used by ChromeDriver and related test frameworks to prevent access by malicious code.
Sep 01, 2020 8:21:48 PM org.openqa.selenium.remote.ProtocolHandshake createSession
INFO: Detected dialect: W3C
]]></system-err>
  </testcase>
  <testcase name="To verify Buyer has provided with different recommendations &quot;lot3&quot; and after answering different set of question as looking for &quot;Service&quot;, Budget radio as &quot;Yes&quot; and enters budget as &quot;12345&quot;, Contract radio as &quot;Yes&quot; and enters contract length &quot;14&quot; , selects Service area as &quot;Cleanroom services&quot; and Additional facilities as &quot;No, I have everything I need&quot; during the journey" classname="GM Journey for Linen framework -&gt; See Linen schema from https://miro.com/app/board/o9J_kuCrpYQ=/ design link" time="102.123">
    <failure message="The question: &lt;Do you know your budget?&gt; actual answer &lt;£12,345 &gt; is not equal with the expected one &lt;£12345&gt; expected:&lt;£12[]345&gt; but was:&lt;£12[,]345&gt;" type="org.junit.ComparisonFailure"><![CDATA[org.junit.ComparisonFailure: The question: <Do you know your budget?> actual answer <£12,345 > is not equal with the expected one <£12345> expected:<£12[]345> but was:<£12[,]345>
]]></failure>
    <system-out><![CDATA[2020-09-01 20:23:29 INFO  TestContext:41 - =================To verify Buyer has provided with different recommendations "lot3" and after answering different set of question as looking for "Service", Budget radio as "Yes" and enters budget as "12345", Contract radio as "Yes" and enters contract length "14" , selects Service area as "Cleanroom services" and Additional facilities as "No, I have everything I need" during the journey execution starts===================
2020-09-01 20:23:29 INFO  BrowserFactory:33 - Opening CHROME_HEADLESSbrowser
Started in thread: 13, in JVM: 26192@LTIBUK06252
2020-09-01 20:23:33 INFO  TestContext:54 - Successfully lunched the chrome browser
2020-09-01 20:23:34 INFO  BrowserFactory:96 -  launched
2020-09-01 20:23:40 INFO  HomePage:81 - Clicked on Start now button
2020-09-01 20:23:43 INFO  HomePage:92 - Buyer clicked on Service radio button
2020-09-01 20:23:50 INFO  HomePage:81 - Clicked on Continue button
2020-09-01 20:23:53 INFO  HomePage:92 - Buyer clicked on Yes radio button
2020-09-01 20:24:02 INFO  HomePage:81 - Clicked on Continue button
2020-09-01 20:24:05 INFO  HomePage:92 - Buyer clicked on Yes radio button
2020-09-01 20:24:13 INFO  HomePage:81 - Clicked on Continue button
2020-09-01 20:24:16 INFO  HomePage:92 - Buyer clicked on Cleanroom services radio button
2020-09-01 20:24:25 INFO  HomePage:81 - Clicked on Continue button
2020-09-01 20:24:28 INFO  HomePage:103 - Buyer clicked on No, I have everything I need checkbox  button
2020-09-01 20:24:36 INFO  HomePage:81 - Clicked on Continue button
2020-09-01 20:25:06 INFO  BrowserFactory:126 - 
2020-09-01 20:25:11 INFO  TestContext:90 - =================To verify Buyer has provided with different recommendations "lot3" and after answering different set of question as looking for "Service", Budget radio as "Yes" and enters budget as "12345", Contract radio as "Yes" and enters contract length "14" , selects Service area as "Cleanroom services" and Additional facilities as "No, I have everything I need" during the journey execution ends===================
]]></system-out>
    <system-err><![CDATA[Starting ChromeDriver 79.0.3945.36 (3582db32b33893869b8c1339e8f4d9ed1816f143-refs/branch-heads/3945@{#614}) on port 30661
Only local connections are allowed.
Please protect ports used by ChromeDriver and related test frameworks to prevent access by malicious code.
Sep 01, 2020 8:23:32 PM org.openqa.selenium.remote.ProtocolHandshake createSession
INFO: Detected dialect: W3C
]]></system-err>
  </testcase>
  <testcase name="To verify Buyer has provided with different recommendations &quot;lot1a&quot; and after answering different set of question as looking for &quot;Service&quot;, Budget radio as &quot;Yes&quot; and enters budget as &quot;12345&quot;, Contract radio as &quot;Yes&quot; and enters contract length &quot;21&quot; , selects Service area as &quot;Linen hire with standard wash&quot; and Additional facilities as &quot;No, I have everything I need&quot; during the journey" classname="GM Journey for Linen framework -&gt; See Linen schema from https://miro.com/app/board/o9J_kuCrpYQ=/ design link" time="100.41">
    <failure message="The question: &lt;Do you know your budget?&gt; actual answer &lt;£12,345 &gt; is not equal with the expected one &lt;£12345&gt; expected:&lt;£12[]345&gt; but was:&lt;£12[,]345&gt;" type="org.junit.ComparisonFailure"><![CDATA[org.junit.ComparisonFailure: The question: <Do you know your budget?> actual answer <£12,345 > is not equal with the expected one <£12345> expected:<£12[]345> but was:<£12[,]345>
]]></failure>
    <system-out><![CDATA[2020-09-01 20:25:11 INFO  TestContext:41 - =================To verify Buyer has provided with different recommendations "lot1a" and after answering different set of question as looking for "Service", Budget radio as "Yes" and enters budget as "12345", Contract radio as "Yes" and enters contract length "21" , selects Service area as "Linen hire with standard wash" and Additional facilities as "No, I have everything I need" during the journey execution starts===================
2020-09-01 20:25:11 INFO  BrowserFactory:33 - Opening CHROME_HEADLESSbrowser
Started in thread: 13, in JVM: 26192@LTIBUK06252
2020-09-01 20:25:15 INFO  TestContext:54 - Successfully lunched the chrome browser
2020-09-01 20:25:16 INFO  BrowserFactory:96 -  launched
2020-09-01 20:25:22 INFO  HomePage:81 - Clicked on Start now button
2020-09-01 20:25:25 INFO  HomePage:92 - Buyer clicked on Service radio button
2020-09-01 20:25:32 INFO  HomePage:81 - Clicked on Continue button
2020-09-01 20:25:35 INFO  HomePage:92 - Buyer clicked on Yes radio button
2020-09-01 20:25:44 INFO  HomePage:81 - Clicked on Continue button
2020-09-01 20:25:47 INFO  HomePage:92 - Buyer clicked on Yes radio button
2020-09-01 20:25:55 INFO  HomePage:81 - Clicked on Continue button
2020-09-01 20:25:58 INFO  HomePage:92 - Buyer clicked on Linen hire with standard wash radio button
2020-09-01 20:26:06 INFO  HomePage:81 - Clicked on Continue button
2020-09-01 20:26:09 INFO  HomePage:103 - Buyer clicked on No, I have everything I need checkbox  button
2020-09-01 20:26:17 INFO  HomePage:81 - Clicked on Continue button
2020-09-01 20:26:47 INFO  BrowserFactory:126 - 
2020-09-01 20:26:51 INFO  TestContext:90 - =================To verify Buyer has provided with different recommendations "lot1a" and after answering different set of question as looking for "Service", Budget radio as "Yes" and enters budget as "12345", Contract radio as "Yes" and enters contract length "21" , selects Service area as "Linen hire with standard wash" and Additional facilities as "No, I have everything I need" during the journey execution ends===================
]]></system-out>
    <system-err><![CDATA[Starting ChromeDriver 79.0.3945.36 (3582db32b33893869b8c1339e8f4d9ed1816f143-refs/branch-heads/3945@{#614}) on port 12671
Only local connections are allowed.
Please protect ports used by ChromeDriver and related test frameworks to prevent access by malicious code.
Sep 01, 2020 8:25:14 PM org.openqa.selenium.remote.ProtocolHandshake createSession
INFO: Detected dialect: W3C
]]></system-err>
  </testcase>
  <testcase name="To verify Buyer has provided with different recommendations &quot;lot1b&quot; and after answering different set of question as looking for &quot;Service&quot;, Budget radio as &quot;Yes&quot; and enters budget as &quot;12345&quot;, Contract radio as &quot;Yes&quot; and enters contract length &quot;30&quot; , selects Service area as &quot;Standard wash&quot; and Additional facilities as &quot;No, I have everything I need&quot; during the journey" classname="GM Journey for Linen framework -&gt; See Linen schema from https://miro.com/app/board/o9J_kuCrpYQ=/ design link" time="99.041">
    <failure message="The question: &lt;Do you know your budget?&gt; actual answer &lt;£12,345 &gt; is not equal with the expected one &lt;£12345&gt; expected:&lt;£12[]345&gt; but was:&lt;£12[,]345&gt;" type="org.junit.ComparisonFailure"><![CDATA[org.junit.ComparisonFailure: The question: <Do you know your budget?> actual answer <£12,345 > is not equal with the expected one <£12345> expected:<£12[]345> but was:<£12[,]345>
]]></failure>
    <system-out><![CDATA[2020-09-01 20:26:52 INFO  TestContext:41 - =================To verify Buyer has provided with different recommendations "lot1b" and after answering different set of question as looking for "Service", Budget radio as "Yes" and enters budget as "12345", Contract radio as "Yes" and enters contract length "30" , selects Service area as "Standard wash" and Additional facilities as "No, I have everything I need" during the journey execution starts===================
2020-09-01 20:26:52 INFO  BrowserFactory:33 - Opening CHROME_HEADLESSbrowser
Started in thread: 13, in JVM: 26192@LTIBUK06252
2020-09-01 20:26:56 INFO  TestContext:54 - Successfully lunched the chrome browser
2020-09-01 20:26:57 INFO  BrowserFactory:96 -  launched
2020-09-01 20:27:02 INFO  HomePage:81 - Clicked on Start now button
2020-09-01 20:27:05 INFO  HomePage:92 - Buyer clicked on Service radio button
2020-09-01 20:27:13 INFO  HomePage:81 - Clicked on Continue button
2020-09-01 20:27:16 INFO  HomePage:92 - Buyer clicked on Yes radio button
2020-09-01 20:27:24 INFO  HomePage:81 - Clicked on Continue button
2020-09-01 20:27:27 INFO  HomePage:92 - Buyer clicked on Yes radio button
2020-09-01 20:27:36 INFO  HomePage:81 - Clicked on Continue button
2020-09-01 20:27:39 INFO  HomePage:92 - Buyer clicked on Standard wash radio button
2020-09-01 20:27:46 INFO  HomePage:81 - Clicked on Continue button
2020-09-01 20:27:49 INFO  HomePage:103 - Buyer clicked on No, I have everything I need checkbox  button
2020-09-01 20:27:58 INFO  HomePage:81 - Clicked on Continue button
2020-09-01 20:28:26 INFO  BrowserFactory:126 - 
2020-09-01 20:28:30 INFO  TestContext:90 - =================To verify Buyer has provided with different recommendations "lot1b" and after answering different set of question as looking for "Service", Budget radio as "Yes" and enters budget as "12345", Contract radio as "Yes" and enters contract length "30" , selects Service area as "Standard wash" and Additional facilities as "No, I have everything I need" during the journey execution ends===================
]]></system-out>
    <system-err><![CDATA[Starting ChromeDriver 79.0.3945.36 (3582db32b33893869b8c1339e8f4d9ed1816f143-refs/branch-heads/3945@{#614}) on port 16828
Only local connections are allowed.
Please protect ports used by ChromeDriver and related test frameworks to prevent access by malicious code.
Sep 01, 2020 8:26:54 PM org.openqa.selenium.remote.ProtocolHandshake createSession
INFO: Detected dialect: W3C
]]></system-err>
  </testcase>
  <testcase name="To verify Buyer has provided with different recommendations &quot;&lt;recommendation&gt;&quot; and after answering different set of question as looking for &quot;Service&quot;, Budget radio as &quot;Yes&quot; and enters budget as &quot;12345&quot;, Contract radio as &quot;Yes&quot; and enters contract length &quot;18&quot; , selects Service area as &quot;Theatre pack and gowns&quot; and Additional facilities as &quot;Anything else&quot; during the journey" classname="GM Journey for Linen framework -&gt; See Linen schema from https://miro.com/app/board/o9J_kuCrpYQ=/ design link" time="95.083">
    <failure message="The question: &lt;Do you know your budget?&gt; actual answer &lt;£12,345 &gt; is not equal with the expected one &lt;£12345&gt; expected:&lt;£12[]345&gt; but was:&lt;£12[,]345&gt;" type="org.junit.ComparisonFailure"><![CDATA[org.junit.ComparisonFailure: The question: <Do you know your budget?> actual answer <£12,345 > is not equal with the expected one <£12345> expected:<£12[]345> but was:<£12[,]345>
]]></failure>
    <system-out><![CDATA[2020-09-01 20:28:31 INFO  TestContext:41 - =================To verify Buyer has provided with different recommendations "<recommendation>" and after answering different set of question as looking for "Service", Budget radio as "Yes" and enters budget as "12345", Contract radio as "Yes" and enters contract length "18" , selects Service area as "Theatre pack and gowns" and Additional facilities as "Anything else" during the journey execution starts===================
2020-09-01 20:28:31 INFO  BrowserFactory:33 - Opening CHROME_HEADLESSbrowser
Started in thread: 13, in JVM: 26192@LTIBUK06252
2020-09-01 20:28:35 INFO  TestContext:54 - Successfully lunched the chrome browser
2020-09-01 20:28:36 INFO  BrowserFactory:96 -  launched
2020-09-01 20:28:41 INFO  HomePage:81 - Clicked on Start now button
2020-09-01 20:28:44 INFO  HomePage:92 - Buyer clicked on Service radio button
2020-09-01 20:28:52 INFO  HomePage:81 - Clicked on Continue button
2020-09-01 20:28:55 INFO  HomePage:92 - Buyer clicked on Yes radio button
2020-09-01 20:29:03 INFO  HomePage:81 - Clicked on Continue button
2020-09-01 20:29:06 INFO  HomePage:92 - Buyer clicked on Yes radio button
2020-09-01 20:29:14 INFO  HomePage:81 - Clicked on Continue button
2020-09-01 20:29:17 INFO  HomePage:92 - Buyer clicked on Theatre pack and gowns radio button
2020-09-01 20:29:26 INFO  HomePage:81 - Clicked on Continue button
2020-09-01 20:29:29 INFO  HomePage:103 - Buyer clicked on Anything else checkbox  button
2020-09-01 20:29:38 INFO  HomePage:81 - Clicked on Continue button
2020-09-01 20:30:01 INFO  BrowserFactory:126 - 
2020-09-01 20:30:05 INFO  TestContext:90 - =================To verify Buyer has provided with different recommendations "<recommendation>" and after answering different set of question as looking for "Service", Budget radio as "Yes" and enters budget as "12345", Contract radio as "Yes" and enters contract length "18" , selects Service area as "Theatre pack and gowns" and Additional facilities as "Anything else" during the journey execution ends===================
]]></system-out>
    <system-err><![CDATA[Starting ChromeDriver 79.0.3945.36 (3582db32b33893869b8c1339e8f4d9ed1816f143-refs/branch-heads/3945@{#614}) on port 12487
Only local connections are allowed.
Please protect ports used by ChromeDriver and related test frameworks to prevent access by malicious code.
Sep 01, 2020 8:28:33 PM org.openqa.selenium.remote.ProtocolHandshake createSession
INFO: Detected dialect: W3C
]]></system-err>
  </testcase>
  <testcase name="To verify Buyer has provided with different recommendations &quot;&lt;recommendation&gt;&quot; and after answering different set of question as looking for &quot;Service&quot;, Budget radio as &quot;Yes&quot; and enters budget as &quot;12345&quot;, Contract radio as &quot;Yes&quot; and enters contract length &quot;20&quot; , selects Service area as &quot;Cleanroom services&quot; and Additional facilities as &quot;Anything else&quot; during the journey" classname="GM Journey for Linen framework -&gt; See Linen schema from https://miro.com/app/board/o9J_kuCrpYQ=/ design link" time="94.698">
    <failure message="The question: &lt;Do you know your budget?&gt; actual answer &lt;£12,345 &gt; is not equal with the expected one &lt;£12345&gt; expected:&lt;£12[]345&gt; but was:&lt;£12[,]345&gt;" type="org.junit.ComparisonFailure"><![CDATA[org.junit.ComparisonFailure: The question: <Do you know your budget?> actual answer <£12,345 > is not equal with the expected one <£12345> expected:<£12[]345> but was:<£12[,]345>
]]></failure>
    <system-out><![CDATA[2020-09-01 20:30:06 INFO  TestContext:41 - =================To verify Buyer has provided with different recommendations "<recommendation>" and after answering different set of question as looking for "Service", Budget radio as "Yes" and enters budget as "12345", Contract radio as "Yes" and enters contract length "20" , selects Service area as "Cleanroom services" and Additional facilities as "Anything else" during the journey execution starts===================
2020-09-01 20:30:06 INFO  BrowserFactory:33 - Opening CHROME_HEADLESSbrowser
Started in thread: 13, in JVM: 26192@LTIBUK06252
2020-09-01 20:30:10 INFO  TestContext:54 - Successfully lunched the chrome browser
2020-09-01 20:30:11 INFO  BrowserFactory:96 -  launched
2020-09-01 20:30:16 INFO  HomePage:81 - Clicked on Start now button
2020-09-01 20:30:19 INFO  HomePage:92 - Buyer clicked on Service radio button
2020-09-01 20:30:27 INFO  HomePage:81 - Clicked on Continue button
2020-09-01 20:30:30 INFO  HomePage:92 - Buyer clicked on Yes radio button
2020-09-01 20:30:38 INFO  HomePage:81 - Clicked on Continue button
2020-09-01 20:30:41 INFO  HomePage:92 - Buyer clicked on Yes radio button
2020-09-01 20:30:50 INFO  HomePage:81 - Clicked on Continue button
2020-09-01 20:30:53 INFO  HomePage:92 - Buyer clicked on Cleanroom services radio button
2020-09-01 20:31:02 INFO  HomePage:81 - Clicked on Continue button
2020-09-01 20:31:05 INFO  HomePage:103 - Buyer clicked on Anything else checkbox  button
2020-09-01 20:31:13 INFO  HomePage:81 - Clicked on Continue button
2020-09-01 20:31:36 INFO  BrowserFactory:126 - 
2020-09-01 20:31:40 INFO  TestContext:90 - =================To verify Buyer has provided with different recommendations "<recommendation>" and after answering different set of question as looking for "Service", Budget radio as "Yes" and enters budget as "12345", Contract radio as "Yes" and enters contract length "20" , selects Service area as "Cleanroom services" and Additional facilities as "Anything else" during the journey execution ends===================
]]></system-out>
    <system-err><![CDATA[Starting ChromeDriver 79.0.3945.36 (3582db32b33893869b8c1339e8f4d9ed1816f143-refs/branch-heads/3945@{#614}) on port 12999
Only local connections are allowed.
Please protect ports used by ChromeDriver and related test frameworks to prevent access by malicious code.
Sep 01, 2020 8:30:08 PM org.openqa.selenium.remote.ProtocolHandshake createSession
INFO: Detected dialect: W3C
]]></system-err>
  </testcase>
  <testcase name="To verify Buyer has provided with different recommendations &quot;&lt;recommendation&gt;&quot; and after answering different set of question as looking for &quot;Service&quot;, Budget radio as &quot;Yes&quot; and enters budget as &quot;12345&quot;, Contract radio as &quot;Yes&quot; and enters contract length &quot;25&quot; , selects Service area as &quot;Linen hire with standard wash&quot; and Additional facilities as &quot;Anything else&quot; during the journey" classname="GM Journey for Linen framework -&gt; See Linen schema from https://miro.com/app/board/o9J_kuCrpYQ=/ design link" time="99.678">
    <failure message="The question: &lt;Do you know your budget?&gt; actual answer &lt;£12,345 &gt; is not equal with the expected one &lt;£12345&gt; expected:&lt;£12[]345&gt; but was:&lt;£12[,]345&gt;" type="org.junit.ComparisonFailure"><![CDATA[org.junit.ComparisonFailure: The question: <Do you know your budget?> actual answer <£12,345 > is not equal with the expected one <£12345> expected:<£12[]345> but was:<£12[,]345>
]]></failure>
    <system-out><![CDATA[2020-09-01 20:31:41 INFO  TestContext:41 - =================To verify Buyer has provided with different recommendations "<recommendation>" and after answering different set of question as looking for "Service", Budget radio as "Yes" and enters budget as "12345", Contract radio as "Yes" and enters contract length "25" , selects Service area as "Linen hire with standard wash" and Additional facilities as "Anything else" during the journey execution starts===================
2020-09-01 20:31:41 INFO  BrowserFactory:33 - Opening CHROME_HEADLESSbrowser
Started in thread: 13, in JVM: 26192@LTIBUK06252
2020-09-01 20:31:44 INFO  TestContext:54 - Successfully lunched the chrome browser
2020-09-01 20:31:45 INFO  BrowserFactory:96 -  launched
2020-09-01 20:31:51 INFO  HomePage:81 - Clicked on Start now button
2020-09-01 20:31:54 INFO  HomePage:92 - Buyer clicked on Service radio button
2020-09-01 20:32:02 INFO  HomePage:81 - Clicked on Continue button
2020-09-01 20:32:05 INFO  HomePage:92 - Buyer clicked on Yes radio button
2020-09-01 20:32:13 INFO  HomePage:81 - Clicked on Continue button
2020-09-01 20:32:16 INFO  HomePage:92 - Buyer clicked on Yes radio button
2020-09-01 20:32:25 INFO  HomePage:81 - Clicked on Continue button
2020-09-01 20:32:28 INFO  HomePage:92 - Buyer clicked on Linen hire with standard wash radio button
2020-09-01 20:32:36 INFO  HomePage:81 - Clicked on Continue button
2020-09-01 20:32:39 INFO  HomePage:103 - Buyer clicked on Anything else checkbox  button
2020-09-01 20:32:46 INFO  HomePage:81 - Clicked on Continue button
2020-09-01 20:33:14 INFO  BrowserFactory:126 - 
2020-09-01 20:33:19 INFO  TestContext:90 - =================To verify Buyer has provided with different recommendations "<recommendation>" and after answering different set of question as looking for "Service", Budget radio as "Yes" and enters budget as "12345", Contract radio as "Yes" and enters contract length "25" , selects Service area as "Linen hire with standard wash" and Additional facilities as "Anything else" during the journey execution ends===================
]]></system-out>
    <system-err><![CDATA[Starting ChromeDriver 79.0.3945.36 (3582db32b33893869b8c1339e8f4d9ed1816f143-refs/branch-heads/3945@{#614}) on port 39430
Only local connections are allowed.
Please protect ports used by ChromeDriver and related test frameworks to prevent access by malicious code.
Sep 01, 2020 8:31:43 PM org.openqa.selenium.remote.ProtocolHandshake createSession
INFO: Detected dialect: W3C
]]></system-err>
  </testcase>
  <testcase name="To verify Buyer has provided with different recommendations &quot;&lt;recommendation&gt;&quot; and after answering different set of question as looking for &quot;Service&quot;, Budget radio as &quot;Yes&quot; and enters budget as &quot;12345&quot;, Contract radio as &quot;Yes&quot; and enters contract length &quot;35&quot; , selects Service area as &quot;Standard wash&quot; and Additional facilities as &quot;Anything else&quot; during the journey" classname="GM Journey for Linen framework -&gt; See Linen schema from https://miro.com/app/board/o9J_kuCrpYQ=/ design link" time="101.835">
    <failure message="The question: &lt;Do you know your budget?&gt; actual answer &lt;£12,345 &gt; is not equal with the expected one &lt;£12345&gt; expected:&lt;£12[]345&gt; but was:&lt;£12[,]345&gt;" type="org.junit.ComparisonFailure"><![CDATA[org.junit.ComparisonFailure: The question: <Do you know your budget?> actual answer <£12,345 > is not equal with the expected one <£12345> expected:<£12[]345> but was:<£12[,]345>
]]></failure>
    <system-out><![CDATA[2020-09-01 20:33:20 INFO  TestContext:41 - =================To verify Buyer has provided with different recommendations "<recommendation>" and after answering different set of question as looking for "Service", Budget radio as "Yes" and enters budget as "12345", Contract radio as "Yes" and enters contract length "35" , selects Service area as "Standard wash" and Additional facilities as "Anything else" during the journey execution starts===================
2020-09-01 20:33:20 INFO  BrowserFactory:33 - Opening CHROME_HEADLESSbrowser
Started in thread: 13, in JVM: 26192@LTIBUK06252
2020-09-01 20:33:24 INFO  TestContext:54 - Successfully lunched the chrome browser
2020-09-01 20:33:26 INFO  BrowserFactory:96 -  launched
2020-09-01 20:33:31 INFO  HomePage:81 - Clicked on Start now button
2020-09-01 20:33:34 INFO  HomePage:92 - Buyer clicked on Service radio button
2020-09-01 20:33:42 INFO  HomePage:81 - Clicked on Continue button
2020-09-01 20:33:45 INFO  HomePage:92 - Buyer clicked on Yes radio button
2020-09-01 20:33:53 INFO  HomePage:81 - Clicked on Continue button
2020-09-01 20:33:56 INFO  HomePage:92 - Buyer clicked on Yes radio button
2020-09-01 20:34:05 INFO  HomePage:81 - Clicked on Continue button
2020-09-01 20:34:08 INFO  HomePage:92 - Buyer clicked on Standard wash radio button
2020-09-01 20:34:15 INFO  HomePage:81 - Clicked on Continue button
2020-09-01 20:34:18 INFO  HomePage:103 - Buyer clicked on Anything else checkbox  button
2020-09-01 20:34:27 INFO  HomePage:81 - Clicked on Continue button
2020-09-01 20:34:57 INFO  BrowserFactory:126 - 
2020-09-01 20:35:01 INFO  TestContext:90 - =================To verify Buyer has provided with different recommendations "<recommendation>" and after answering different set of question as looking for "Service", Budget radio as "Yes" and enters budget as "12345", Contract radio as "Yes" and enters contract length "35" , selects Service area as "Standard wash" and Additional facilities as "Anything else" during the journey execution ends===================
]]></system-out>
    <system-err><![CDATA[Starting ChromeDriver 79.0.3945.36 (3582db32b33893869b8c1339e8f4d9ed1816f143-refs/branch-heads/3945@{#614}) on port 41495
Only local connections are allowed.
Please protect ports used by ChromeDriver and related test frameworks to prevent access by malicious code.
Sep 01, 2020 8:33:23 PM org.openqa.selenium.remote.ProtocolHandshake createSession
INFO: Detected dialect: W3C
]]></system-err>
  </testcase>
  <testcase name="To verify Buyer has provided with different recommendations &quot;lot2&quot; and after answering different set of question as looking for &quot;Service&quot;, Budget radio as &quot;No&quot;, Contract radio as &quot;Yes&quot; and enters contract length &quot;3&quot; , selects Service area as &quot;Theatre pack and gowns&quot; and Additional facilities as &quot;No, I have everything I need&quot; during the journey" classname="GM Journey for Linen framework -&gt; See Linen schema from https://miro.com/app/board/o9J_kuCrpYQ=/ design link" time="132.535"/>
  <testcase name="To verify Buyer has provided with different recommendations &quot;lot3&quot; and after answering different set of question as looking for &quot;Service&quot;, Budget radio as &quot;No&quot;, Contract radio as &quot;Yes&quot; and enters contract length &quot;4&quot; , selects Service area as &quot;Cleanroom services&quot; and Additional facilities as &quot;No, I have everything I need&quot; during the journey" classname="GM Journey for Linen framework -&gt; See Linen schema from https://miro.com/app/board/o9J_kuCrpYQ=/ design link" time="132.901"/>
  <testcase name="To verify Buyer has provided with different recommendations &quot;lot1a&quot; and after answering different set of question as looking for &quot;Service&quot;, Budget radio as &quot;No&quot;, Contract radio as &quot;Yes&quot; and enters contract length &quot;1&quot; , selects Service area as &quot;Linen hire with standard wash&quot; and Additional facilities as &quot;No, I have everything I need&quot; during the journey" classname="GM Journey for Linen framework -&gt; See Linen schema from https://miro.com/app/board/o9J_kuCrpYQ=/ design link" time="131.778"/>
  <testcase name="To verify Buyer has provided with different recommendations &quot;lot1b&quot; and after answering different set of question as looking for &quot;Service&quot;, Budget radio as &quot;No&quot;, Contract radio as &quot;Yes&quot; and enters contract length &quot;8&quot; , selects Service area as &quot;Standard wash&quot; and Additional facilities as &quot;No, I have everything I need&quot; during the journey" classname="GM Journey for Linen framework -&gt; See Linen schema from https://miro.com/app/board/o9J_kuCrpYQ=/ design link" time="133.215"/>
  <testcase name="To verify Buyer has provided with different recommendations &quot;&lt;recommendation&gt;&quot; and after answering different set of question as looking for &quot;Service&quot;, Budget radio as &quot;No&quot;, Contract radio as &quot;Yes&quot; and enters contract length &quot;8&quot; , selects Service area as &quot;Theatre pack and gowns&quot; and Additional facilities as &quot;Anything else&quot; during the journey" classname="GM Journey for Linen framework -&gt; See Linen schema from https://miro.com/app/board/o9J_kuCrpYQ=/ design link" time="133.02"/>
  <testcase name="To verify Buyer has provided with different recommendations &quot;&lt;recommendation&gt;&quot; and after answering different set of question as looking for &quot;Service&quot;, Budget radio as &quot;No&quot;, Contract radio as &quot;Yes&quot; and enters contract length &quot;5&quot; , selects Service area as &quot;Cleanroom services&quot; and Additional facilities as &quot;Anything else&quot; during the journey" classname="GM Journey for Linen framework -&gt; See Linen schema from https://miro.com/app/board/o9J_kuCrpYQ=/ design link" time="124.088"/>
  <testcase name="To verify Buyer has provided with different recommendations &quot;&lt;recommendation&gt;&quot; and after answering different set of question as looking for &quot;Service&quot;, Budget radio as &quot;No&quot;, Contract radio as &quot;Yes&quot; and enters contract length &quot;5&quot; , selects Service area as &quot;Linen hire with standard wash&quot; and Additional facilities as &quot;Anything else&quot; during the journey" classname="GM Journey for Linen framework -&gt; See Linen schema from https://miro.com/app/board/o9J_kuCrpYQ=/ design link" time="131.243"/>
  <testcase name="To verify Buyer has provided with different recommendations &quot;&lt;recommendation&gt;&quot; and after answering different set of question as looking for &quot;Service&quot;, Budget radio as &quot;No&quot;, Contract radio as &quot;Yes&quot; and enters contract length &quot;5&quot; , selects Service area as &quot;Standard wash&quot; and Additional facilities as &quot;Anything else&quot; during the journey" classname="GM Journey for Linen framework -&gt; See Linen schema from https://miro.com/app/board/o9J_kuCrpYQ=/ design link" time="129.004"/>
  <testcase name="To verify Buyer has provided with different recommendations &quot;lot2&quot; and after answering different set of question as looking for &quot;Service&quot;, Budget radio as &quot;No&quot;, Contract radio as &quot;Yes&quot; and enters contract length &quot;13&quot; , selects Service area as &quot;Theatre pack and gowns&quot; and Additional facilities as &quot;No, I have everything I need&quot; during the journey" classname="GM Journey for Linen framework -&gt; See Linen schema from https://miro.com/app/board/o9J_kuCrpYQ=/ design link" time="131.05"/>
  <testcase name="To verify Buyer has provided with different recommendations &quot;lot3&quot; and after answering different set of question as looking for &quot;Service&quot;, Budget radio as &quot;No&quot;, Contract radio as &quot;Yes&quot; and enters contract length &quot;14&quot; , selects Service area as &quot;Cleanroom services&quot; and Additional facilities as &quot;No, I have everything I need&quot; during the journey" classname="GM Journey for Linen framework -&gt; See Linen schema from https://miro.com/app/board/o9J_kuCrpYQ=/ design link" time="131.068"/>
  <testcase name="To verify Buyer has provided with different recommendations &quot;lot1a&quot; and after answering different set of question as looking for &quot;Service&quot;, Budget radio as &quot;No&quot;, Contract radio as &quot;Yes&quot; and enters contract length &quot;17&quot; , selects Service area as &quot;Linen hire with standard wash&quot; and Additional facilities as &quot;No, I have everything I need&quot; during the journey" classname="GM Journey for Linen framework -&gt; See Linen schema from https://miro.com/app/board/o9J_kuCrpYQ=/ design link" time="134.36"/>
  <testcase name="To verify Buyer has provided with different recommendations &quot;lot1b&quot; and after answering different set of question as looking for &quot;Service&quot;, Budget radio as &quot;No&quot;, Contract radio as &quot;Yes&quot; and enters contract length &quot;18&quot; , selects Service area as &quot;Standard wash&quot; and Additional facilities as &quot;No, I have everything I need&quot; during the journey" classname="GM Journey for Linen framework -&gt; See Linen schema from https://miro.com/app/board/o9J_kuCrpYQ=/ design link" time="130.279"/>
  <testcase name="To verify Buyer has provided with different recommendations &quot;&lt;recommendation&gt;&quot; and after answering different set of question as looking for &quot;Service&quot;, Budget radio as &quot;No&quot;, Contract radio as &quot;Yes&quot; and enters contract length &quot;28&quot; , selects Service area as &quot;Theatre pack and gowns&quot; and Additional facilities as &quot;Anything else&quot; during the journey" classname="GM Journey for Linen framework -&gt; See Linen schema from https://miro.com/app/board/o9J_kuCrpYQ=/ design link" time="129.42"/>
  <testcase name="To verify Buyer has provided with different recommendations &quot;&lt;recommendation&gt;&quot; and after answering different set of question as looking for &quot;Service&quot;, Budget radio as &quot;No&quot;, Contract radio as &quot;Yes&quot; and enters contract length &quot;25&quot; , selects Service area as &quot;Cleanroom services&quot; and Additional facilities as &quot;Anything else&quot; during the journey" classname="GM Journey for Linen framework -&gt; See Linen schema from https://miro.com/app/board/o9J_kuCrpYQ=/ design link" time="132.343"/>
  <testcase name="To verify Buyer has provided with different recommendations &quot;&lt;recommendation&gt;&quot; and after answering different set of question as looking for &quot;Service&quot;, Budget radio as &quot;No&quot;, Contract radio as &quot;Yes&quot; and enters contract length &quot;25&quot; , selects Service area as &quot;Linen hire with standard wash&quot; and Additional facilities as &quot;Anything else&quot; during the journey" classname="GM Journey for Linen framework -&gt; See Linen schema from https://miro.com/app/board/o9J_kuCrpYQ=/ design link" time="127.153"/>
  <testcase name="To verify Buyer has provided with different recommendations &quot;&lt;recommendation&gt;&quot; and after answering different set of question as looking for &quot;Service&quot;, Budget radio as &quot;No&quot;, Contract radio as &quot;Yes&quot; and enters contract length &quot;25&quot; , selects Service area as &quot;Standard wash&quot; and Additional facilities as &quot;Anything else&quot; during the journey" classname="GM Journey for Linen framework -&gt; See Linen schema from https://miro.com/app/board/o9J_kuCrpYQ=/ design link" time="127.415"/>
  <testcase name="To verify Buyer has provided with different recommendations &quot;lot2&quot; and after answering different set of question as looking for &quot;Service&quot;, Budget radio as &quot;No&quot;, Contract radio as &quot;No&quot;, selects Service area as &quot;Theatre pack and gowns&quot; and Additional facilities as &quot;No, I have everything I need&quot; during the journey" classname="GM Journey for Linen framework -&gt; See Linen schema from https://miro.com/app/board/o9J_kuCrpYQ=/ design link" time="131.113"/>
  <testcase name="To verify Buyer has provided with different recommendations &quot;lot3&quot; and after answering different set of question as looking for &quot;Service&quot;, Budget radio as &quot;No&quot;, Contract radio as &quot;No&quot;, selects Service area as &quot;Cleanroom services&quot; and Additional facilities as &quot;No, I have everything I need&quot; during the journey" classname="GM Journey for Linen framework -&gt; See Linen schema from https://miro.com/app/board/o9J_kuCrpYQ=/ design link" time="128.039"/>
  <testcase name="To verify Buyer has provided with different recommendations &quot;lot1a&quot; and after answering different set of question as looking for &quot;Service&quot;, Budget radio as &quot;No&quot;, Contract radio as &quot;No&quot;, selects Service area as &quot;Linen hire with standard wash&quot; and Additional facilities as &quot;No, I have everything I need&quot; during the journey" classname="GM Journey for Linen framework -&gt; See Linen schema from https://miro.com/app/board/o9J_kuCrpYQ=/ design link" time="130.118"/>
  <testcase name="To verify Buyer has provided with different recommendations &quot;lot1b&quot; and after answering different set of question as looking for &quot;Service&quot;, Budget radio as &quot;No&quot;, Contract radio as &quot;No&quot;, selects Service area as &quot;Standard wash&quot; and Additional facilities as &quot;No, I have everything I need&quot; during the journey" classname="GM Journey for Linen framework -&gt; See Linen schema from https://miro.com/app/board/o9J_kuCrpYQ=/ design link" time="131.236"/>
  <testcase name="To verify Buyer has provided with different recommendations &quot;&lt;recommendation&gt;&quot; and after answering different set of question as looking for &quot;Service&quot;, Budget radio as &quot;No&quot;, Contract radio as &quot;No&quot;, selects Service area as &quot;Theatre pack and gowns&quot; and Additional facilities as &quot;Anything else&quot; during the journey" classname="GM Journey for Linen framework -&gt; See Linen schema from https://miro.com/app/board/o9J_kuCrpYQ=/ design link" time="125.491"/>
  <testcase name="To verify Buyer has provided with different recommendations &quot;&lt;recommendation&gt;&quot; and after answering different set of question as looking for &quot;Service&quot;, Budget radio as &quot;No&quot;, Contract radio as &quot;No&quot;, selects Service area as &quot;Cleanroom services&quot; and Additional facilities as &quot;Anything else&quot; during the journey" classname="GM Journey for Linen framework -&gt; See Linen schema from https://miro.com/app/board/o9J_kuCrpYQ=/ design link" time="127.527"/>
  <testcase name="To verify Buyer has provided with different recommendations &quot;&lt;recommendation&gt;&quot; and after answering different set of question as looking for &quot;Service&quot;, Budget radio as &quot;No&quot;, Contract radio as &quot;No&quot;, selects Service area as &quot;Linen hire with standard wash&quot; and Additional facilities as &quot;Anything else&quot; during the journey" classname="GM Journey for Linen framework -&gt; See Linen schema from https://miro.com/app/board/o9J_kuCrpYQ=/ design link" time="125.45"/>
  <testcase name="To verify Buyer has provided with different recommendations &quot;&lt;recommendation&gt;&quot; and after answering different set of question as looking for &quot;Service&quot;, Budget radio as &quot;No&quot;, Contract radio as &quot;No&quot;, selects Service area as &quot;Standard wash&quot; and Additional facilities as &quot;Anything else&quot; during the journey" classname="GM Journey for Linen framework -&gt; See Linen schema from https://miro.com/app/board/o9J_kuCrpYQ=/ design link" time="123.559"/>
  <testcase name="To verify Buyer has provided with different recommendations &quot;&lt;recommendation&gt;&quot; and after answering different set of question as looking for &quot;Service&quot;, Budget radio as &quot;No&quot;, Contract radio as &quot;No&quot;, selects Service area as &quot;Theatre pack and gowns&quot; and Additional facilities as &quot;Catering_Security&quot; during the journey" classname="GM Journey for Linen framework -&gt; See Linen schema from https://miro.com/app/board/o9J_kuCrpYQ=/ design link" time="129.455"/>
  <testcase name="To verify Buyer has provided with different recommendations &quot;&lt;recommendation&gt;&quot; and after answering different set of question as looking for &quot;Service&quot;, Budget radio as &quot;No&quot;, Contract radio as &quot;No&quot;, selects Service area as &quot;Theatre pack and gowns&quot; and Additional facilities as &quot;Catering_Pest control&quot; during the journey" classname="GM Journey for Linen framework -&gt; See Linen schema from https://miro.com/app/board/o9J_kuCrpYQ=/ design link" time="127.987"/>
  <testcase name="To verify Buyer has provided with different recommendations &quot;&lt;recommendation&gt;&quot; and after answering different set of question as looking for &quot;Service&quot;, Budget radio as &quot;No&quot;, Contract radio as &quot;No&quot;, selects Service area as &quot;Theatre pack and gowns&quot; and Additional facilities as &quot;Catering_Grounds maintenance_Security&quot; during the journey" classname="GM Journey for Linen framework -&gt; See Linen schema from https://miro.com/app/board/o9J_kuCrpYQ=/ design link" time="132.487"/>
  <testcase name="To verify Buyer has provided with different recommendations &quot;&lt;recommendation&gt;&quot; and after answering different set of question as looking for &quot;Service&quot;, Budget radio as &quot;No&quot;, Contract radio as &quot;No&quot;, selects Service area as &quot;Theatre pack and gowns&quot; and Additional facilities as &quot;Catering_Grounds maintenance_Pest control_Security&quot; during the journey" classname="GM Journey for Linen framework -&gt; See Linen schema from https://miro.com/app/board/o9J_kuCrpYQ=/ design link" time="135.403"/>
</testsuite>