<?xml version="1.0" encoding="UTF-8"?>
<testsuite xmlns:xsi="http://www.w3.org/2001/XMLSchema-instance" xsi:noNamespaceSchemaLocation="https://maven.apache.org/surefire/maven-surefire-plugin/xsd/surefire-test-report.xsd" name="Housing journey branch) -&gt; See FM2 Updated schema from https://miro.com/app/board/o9J_kuCrpYQ=/ design link" time="3,254.442" tests="21" errors="0" skipped="0" failures="0">
  <properties>
    <property name="sun.desktop" value="windows"/>
    <property name="awt.toolkit" value="sun.awt.windows.WToolkit"/>
    <property name="file.encoding.pkg" value="sun.io"/>
    <property name="java.specification.version" value="1.8"/>
    <property name="webdriver.chrome.driver" value="C:\Users\308211\.m2\repository\webdriver\chromedriver\win32\79.0.3945.36\chromedriver.exe"/>
    <property name="sun.cpu.isalist" value="amd64"/>
    <property name="sun.jnu.encoding" value="Cp1252"/>
    <property name="java.class.path" value="C:\Users\308211\IdeaProjects\scaleautomation\target\test-classes;C:\Users\308211\IdeaProjects\scaleautomation\target\classes;C:\Users\308211\.m2\repository\org\seleniumhq\selenium\selenium-chrome-driver\3.141.59\selenium-chrome-driver-3.141.59.jar;C:\Users\308211\.m2\repository\org\seleniumhq\selenium\selenium-api\3.141.59\selenium-api-3.141.59.jar;C:\Users\308211\.m2\repository\net\bytebuddy\byte-buddy\1.8.15\byte-buddy-1.8.15.jar;C:\Users\308211\.m2\repository\org\apache\commons\commons-exec\1.3\commons-exec-1.3.jar;C:\Users\308211\.m2\repository\com\google\guava\guava\25.0-jre\guava-25.0-jre.jar;C:\Users\308211\.m2\repository\com\google\code\findbugs\jsr305\1.3.9\jsr305-1.3.9.jar;C:\Users\308211\.m2\repository\org\checkerframework\checker-compat-qual\2.0.0\checker-compat-qual-2.0.0.jar;C:\Users\308211\.m2\repository\com\google\errorprone\error_prone_annotations\2.1.3\error_prone_annotations-2.1.3.jar;C:\Users\308211\.m2\repository\com\google\j2objc\j2objc-annotations\1.1\j2objc-annotations-1.1.jar;C:\Users\308211\.m2\repository\org\codehaus\mojo\animal-sniffer-annotations\1.14\animal-sniffer-annotations-1.14.jar;C:\Users\308211\.m2\repository\com\squareup\okhttp3\okhttp\3.11.0\okhttp-3.11.0.jar;C:\Users\308211\.m2\repository\com\squareup\okio\okio\1.14.0\okio-1.14.0.jar;C:\Users\308211\.m2\repository\org\seleniumhq\selenium\selenium-firefox-driver\3.141.59\selenium-firefox-driver-3.141.59.jar;C:\Users\308211\.m2\repository\org\seleniumhq\selenium\selenium-ie-driver\2.40.0\selenium-ie-driver-2.40.0.jar;C:\Users\308211\.m2\repository\net\java\dev\jna\jna\3.4.0\jna-3.4.0.jar;C:\Users\308211\.m2\repository\net\java\dev\jna\platform\3.4.0\platform-3.4.0.jar;C:\Users\308211\.m2\repository\org\seleniumhq\selenium\selenium-java\3.141.59\selenium-java-3.141.59.jar;C:\Users\308211\.m2\repository\org\seleniumhq\selenium\selenium-edge-driver\3.141.59\selenium-edge-driver-3.141.59.jar;C:\Users\308211\.m2\repository\org\seleniumhq\selenium\selenium-opera-driver\3.141.59\selenium-opera-driver-3.141.59.jar;C:\Users\308211\.m2\repository\org\seleniumhq\selenium\selenium-safari-driver\3.141.59\selenium-safari-driver-3.141.59.jar;C:\Users\308211\.m2\repository\org\seleniumhq\selenium\selenium-remote-driver\3.141.59\selenium-remote-driver-3.141.59.jar;C:\Users\308211\.m2\repository\org\seleniumhq\selenium\selenium-support\3.141.59\selenium-support-3.141.59.jar;C:\Users\308211\.m2\repository\io\cucumber\cucumber-java\4.2.5\cucumber-java-4.2.5.jar;C:\Users\308211\.m2\repository\io\cucumber\cucumber-core\4.2.5\cucumber-core-4.2.5.jar;C:\Users\308211\.m2\repository\io\cucumber\cucumber-html\0.2.7\cucumber-html-0.2.7.jar;C:\Users\308211\.m2\repository\io\cucumber\tag-expressions\1.1.1\tag-expressions-1.1.1.jar;C:\Users\308211\.m2\repository\io\cucumber\cucumber-expressions\6.2.0\cucumber-expressions-6.2.0.jar;C:\Users\308211\.m2\repository\io\cucumber\datatable\1.1.12\datatable-1.1.12.jar;C:\Users\308211\.m2\repository\io\cucumber\datatable-dependencies\1.1.12\datatable-dependencies-1.1.12.jar;C:\Users\308211\.m2\repository\net\masterthought\cucumber-reporting\4.6.0\cucumber-reporting-4.6.0.jar;C:\Users\308211\.m2\repository\org\apache\velocity\velocity\1.7\velocity-1.7.jar;C:\Users\308211\.m2\repository\commons-collections\commons-collections\3.2.1\commons-collections-3.2.1.jar;C:\Users\308211\.m2\repository\commons-lang\commons-lang\2.4\commons-lang-2.4.jar;C:\Users\308211\.m2\repository\velocity-tools\velocity-tools\1.4\velocity-tools-1.4.jar;C:\Users\308211\.m2\repository\joda-time\joda-time\2.10.1\joda-time-2.10.1.jar;C:\Users\308211\.m2\repository\org\apache\commons\commons-lang3\3.8.1\commons-lang3-3.8.1.jar;C:\Users\308211\.m2\repository\commons-io\commons-io\2.6\commons-io-2.6.jar;C:\Users\308211\.m2\repository\org\codehaus\plexus\plexus-utils\3.1.1\plexus-utils-3.1.1.jar;C:\Users\308211\.m2\repository\org\jsoup\jsoup\1.11.3\jsoup-1.11.3.jar;C:\Users\308211\.m2\repository\com\googlecode\owasp-java-html-sanitizer\owasp-java-html-sanitizer\20190325.1\owasp-java-html-sanitizer-20190325.1.jar;C:\Users\308211\.m2\repository\commons-configuration\commons-configuration\1.10\commons-configuration-1.10.jar;C:\Users\308211\.m2\repository\commons-logging\commons-logging\1.1.1\commons-logging-1.1.1.jar;C:\Users\308211\.m2\repository\junit\junit\4.12\junit-4.12.jar;C:\Users\308211\.m2\repository\org\hamcrest\hamcrest-core\1.3\hamcrest-core-1.3.jar;C:\Users\308211\.m2\repository\io\cucumber\cucumber-picocontainer\4.2.5\cucumber-picocontainer-4.2.5.jar;C:\Users\308211\.m2\repository\org\picocontainer\picocontainer\2.15\picocontainer-2.15.jar;C:\Users\308211\.m2\repository\io\cucumber\gherkin\5.1.0\gherkin-5.1.0.jar;C:\Users\308211\.m2\repository\io\cucumber\gherkin-jvm-deps\1.0.4\gherkin-jvm-deps-1.0.4.jar;C:\Users\308211\.m2\repository\io\cucumber\cucumber-junit\4.2.5\cucumber-junit-4.2.5.jar;C:\Users\308211\.m2\repository\io\appium\java-client\6.1.0\java-client-6.1.0.jar;C:\Users\308211\.m2\repository\com\google\code\gson\gson\2.8.4\gson-2.8.4.jar;C:\Users\308211\.m2\repository\org\apache\httpcomponents\httpclient\4.5.5\httpclient-4.5.5.jar;C:\Users\308211\.m2\repository\org\apache\httpcomponents\httpcore\4.4.9\httpcore-4.4.9.jar;C:\Users\308211\.m2\repository\commons-codec\commons-codec\1.10\commons-codec-1.10.jar;C:\Users\308211\.m2\repository\cglib\cglib\3.2.6\cglib-3.2.6.jar;C:\Users\308211\.m2\repository\org\ow2\asm\asm\6.0\asm-6.0.jar;C:\Users\308211\.m2\repository\org\apache\ant\ant\1.9.6\ant-1.9.6.jar;C:\Users\308211\.m2\repository\org\apache\ant\ant-launcher\1.9.6\ant-launcher-1.9.6.jar;C:\Users\308211\.m2\repository\commons-validator\commons-validator\1.6\commons-validator-1.6.jar;C:\Users\308211\.m2\repository\commons-beanutils\commons-beanutils\1.9.2\commons-beanutils-1.9.2.jar;C:\Users\308211\.m2\repository\commons-digester\commons-digester\1.8.1\commons-digester-1.8.1.jar;C:\Users\308211\.m2\repository\org\springframework\spring-context\5.0.5.RELEASE\spring-context-5.0.5.RELEASE.jar;C:\Users\308211\.m2\repository\org\aspectj\aspectjweaver\1.9.1\aspectjweaver-1.9.1.jar;C:\Users\308211\.m2\repository\org\openpnp\opencv\3.2.0-1\opencv-3.2.0-1.jar;C:\Users\308211\.m2\repository\org\projectlombok\lombok\1.18.4\lombok-1.18.4.jar;C:\Users\308211\.m2\repository\log4j\log4j\1.2.17\log4j-1.2.17.jar;C:\Users\308211\.m2\repository\org\apache\poi\poi-ooxml\4.0.1\poi-ooxml-4.0.1.jar;C:\Users\308211\.m2\repository\org\apache\poi\poi\4.0.1\poi-4.0.1.jar;C:\Users\308211\.m2\repository\org\apache\commons\commons-collections4\4.2\commons-collections4-4.2.jar;C:\Users\308211\.m2\repository\org\apache\commons\commons-math3\3.6.1\commons-math3-3.6.1.jar;C:\Users\308211\.m2\repository\org\apache\poi\poi-ooxml-schemas\4.0.1\poi-ooxml-schemas-4.0.1.jar;C:\Users\308211\.m2\repository\org\apache\xmlbeans\xmlbeans\3.0.2\xmlbeans-3.0.2.jar;C:\Users\308211\.m2\repository\org\apache\commons\commons-compress\1.18\commons-compress-1.18.jar;C:\Users\308211\.m2\repository\com\github\virtuald\curvesapi\1.05\curvesapi-1.05.jar;C:\Users\308211\.m2\repository\org\json\json\20180813\json-20180813.jar;C:\Users\308211\.m2\repository\org\jboss\aerogear\aerogear-otp-java\1.0.0\aerogear-otp-java-1.0.0.jar;C:\Users\308211\.m2\repository\com\fasterxml\jackson\core\jackson-databind\2.10.0.pr1\jackson-databind-2.10.0.pr1.jar;C:\Users\308211\.m2\repository\com\fasterxml\jackson\core\jackson-annotations\2.10.0.pr1\jackson-annotations-2.10.0.pr1.jar;C:\Users\308211\.m2\repository\com\fasterxml\jackson\core\jackson-core\2.10.0.pr1\jackson-core-2.10.0.pr1.jar;C:\Users\308211\.m2\repository\io\github\bonigarcia\webdrivermanager\3.6.2\webdrivermanager-3.6.2.jar;C:\Users\308211\.m2\repository\org\slf4j\slf4j-api\1.7.25\slf4j-api-1.7.25.jar;C:\Users\308211\.m2\repository\org\rauschig\jarchivelib\1.0.0\jarchivelib-1.0.0.jar;C:\Users\308211\.m2\repository\com\googlecode\json-simple\json-simple\1.1\json-simple-1.1.jar;C:\Users\308211\.m2\repository\com\assertthat\selenium-shutterbug\0.8\selenium-shutterbug-0.8.jar;"/>
    <property name="java.vm.vendor" value="Oracle Corporation"/>
    <property name="sun.arch.data.model" value="64"/>
    <property name="user.variant" value=""/>
    <property name="java.vendor.url" value="http://java.oracle.com/"/>
    <property name="user.timezone" value="Europe/London"/>
    <property name="java.vm.specification.version" value="1.8"/>
    <property name="os.name" value="Windows 10"/>
    <property name="user.country" value="US"/>
    <property name="sun.java.launcher" value="SUN_STANDARD"/>
    <property name="sun.boot.library.path" value="C:\Program Files\Java\jdk1.8.0_191\jre\bin"/>
    <property name="sun.java.command" value="C:\Users\308211\AppData\Local\Temp\surefire2291979607938774233\surefirebooter5738965893230210058.jar C:\Users\308211\AppData\Local\Temp\surefire2291979607938774233 2020-09-08T16-27-47_300-jvmRun1 surefire8920240691827829743tmp surefire_07004037668821892694tmp"/>
    <property name="surefire.test.class.path" value="C:\Users\308211\IdeaProjects\scaleautomation\target\test-classes;C:\Users\308211\IdeaProjects\scaleautomation\target\classes;C:\Users\308211\.m2\repository\org\seleniumhq\selenium\selenium-chrome-driver\3.141.59\selenium-chrome-driver-3.141.59.jar;C:\Users\308211\.m2\repository\org\seleniumhq\selenium\selenium-api\3.141.59\selenium-api-3.141.59.jar;C:\Users\308211\.m2\repository\net\bytebuddy\byte-buddy\1.8.15\byte-buddy-1.8.15.jar;C:\Users\308211\.m2\repository\org\apache\commons\commons-exec\1.3\commons-exec-1.3.jar;C:\Users\308211\.m2\repository\com\google\guava\guava\25.0-jre\guava-25.0-jre.jar;C:\Users\308211\.m2\repository\com\google\code\findbugs\jsr305\1.3.9\jsr305-1.3.9.jar;C:\Users\308211\.m2\repository\org\checkerframework\checker-compat-qual\2.0.0\checker-compat-qual-2.0.0.jar;C:\Users\308211\.m2\repository\com\google\errorprone\error_prone_annotations\2.1.3\error_prone_annotations-2.1.3.jar;C:\Users\308211\.m2\repository\com\google\j2objc\j2objc-annotations\1.1\j2objc-annotations-1.1.jar;C:\Users\308211\.m2\repository\org\codehaus\mojo\animal-sniffer-annotations\1.14\animal-sniffer-annotations-1.14.jar;C:\Users\308211\.m2\repository\com\squareup\okhttp3\okhttp\3.11.0\okhttp-3.11.0.jar;C:\Users\308211\.m2\repository\com\squareup\okio\okio\1.14.0\okio-1.14.0.jar;C:\Users\308211\.m2\repository\org\seleniumhq\selenium\selenium-firefox-driver\3.141.59\selenium-firefox-driver-3.141.59.jar;C:\Users\308211\.m2\repository\org\seleniumhq\selenium\selenium-ie-driver\2.40.0\selenium-ie-driver-2.40.0.jar;C:\Users\308211\.m2\repository\net\java\dev\jna\jna\3.4.0\jna-3.4.0.jar;C:\Users\308211\.m2\repository\net\java\dev\jna\platform\3.4.0\platform-3.4.0.jar;C:\Users\308211\.m2\repository\org\seleniumhq\selenium\selenium-java\3.141.59\selenium-java-3.141.59.jar;C:\Users\308211\.m2\repository\org\seleniumhq\selenium\selenium-edge-driver\3.141.59\selenium-edge-driver-3.141.59.jar;C:\Users\308211\.m2\repository\org\seleniumhq\selenium\selenium-opera-driver\3.141.59\selenium-opera-driver-3.141.59.jar;C:\Users\308211\.m2\repository\org\seleniumhq\selenium\selenium-safari-driver\3.141.59\selenium-safari-driver-3.141.59.jar;C:\Users\308211\.m2\repository\org\seleniumhq\selenium\selenium-remote-driver\3.141.59\selenium-remote-driver-3.141.59.jar;C:\Users\308211\.m2\repository\org\seleniumhq\selenium\selenium-support\3.141.59\selenium-support-3.141.59.jar;C:\Users\308211\.m2\repository\io\cucumber\cucumber-java\4.2.5\cucumber-java-4.2.5.jar;C:\Users\308211\.m2\repository\io\cucumber\cucumber-core\4.2.5\cucumber-core-4.2.5.jar;C:\Users\308211\.m2\repository\io\cucumber\cucumber-html\0.2.7\cucumber-html-0.2.7.jar;C:\Users\308211\.m2\repository\io\cucumber\tag-expressions\1.1.1\tag-expressions-1.1.1.jar;C:\Users\308211\.m2\repository\io\cucumber\cucumber-expressions\6.2.0\cucumber-expressions-6.2.0.jar;C:\Users\308211\.m2\repository\io\cucumber\datatable\1.1.12\datatable-1.1.12.jar;C:\Users\308211\.m2\repository\io\cucumber\datatable-dependencies\1.1.12\datatable-dependencies-1.1.12.jar;C:\Users\308211\.m2\repository\net\masterthought\cucumber-reporting\4.6.0\cucumber-reporting-4.6.0.jar;C:\Users\308211\.m2\repository\org\apache\velocity\velocity\1.7\velocity-1.7.jar;C:\Users\308211\.m2\repository\commons-collections\commons-collections\3.2.1\commons-collections-3.2.1.jar;C:\Users\308211\.m2\repository\commons-lang\commons-lang\2.4\commons-lang-2.4.jar;C:\Users\308211\.m2\repository\velocity-tools\velocity-tools\1.4\velocity-tools-1.4.jar;C:\Users\308211\.m2\repository\joda-time\joda-time\2.10.1\joda-time-2.10.1.jar;C:\Users\308211\.m2\repository\org\apache\commons\commons-lang3\3.8.1\commons-lang3-3.8.1.jar;C:\Users\308211\.m2\repository\commons-io\commons-io\2.6\commons-io-2.6.jar;C:\Users\308211\.m2\repository\org\codehaus\plexus\plexus-utils\3.1.1\plexus-utils-3.1.1.jar;C:\Users\308211\.m2\repository\org\jsoup\jsoup\1.11.3\jsoup-1.11.3.jar;C:\Users\308211\.m2\repository\com\googlecode\owasp-java-html-sanitizer\owasp-java-html-sanitizer\20190325.1\owasp-java-html-sanitizer-20190325.1.jar;C:\Users\308211\.m2\repository\commons-configuration\commons-configuration\1.10\commons-configuration-1.10.jar;C:\Users\308211\.m2\repository\commons-logging\commons-logging\1.1.1\commons-logging-1.1.1.jar;C:\Users\308211\.m2\repository\junit\junit\4.12\junit-4.12.jar;C:\Users\308211\.m2\repository\org\hamcrest\hamcrest-core\1.3\hamcrest-core-1.3.jar;C:\Users\308211\.m2\repository\io\cucumber\cucumber-picocontainer\4.2.5\cucumber-picocontainer-4.2.5.jar;C:\Users\308211\.m2\repository\org\picocontainer\picocontainer\2.15\picocontainer-2.15.jar;C:\Users\308211\.m2\repository\io\cucumber\gherkin\5.1.0\gherkin-5.1.0.jar;C:\Users\308211\.m2\repository\io\cucumber\gherkin-jvm-deps\1.0.4\gherkin-jvm-deps-1.0.4.jar;C:\Users\308211\.m2\repository\io\cucumber\cucumber-junit\4.2.5\cucumber-junit-4.2.5.jar;C:\Users\308211\.m2\repository\io\appium\java-client\6.1.0\java-client-6.1.0.jar;C:\Users\308211\.m2\repository\com\google\code\gson\gson\2.8.4\gson-2.8.4.jar;C:\Users\308211\.m2\repository\org\apache\httpcomponents\httpclient\4.5.5\httpclient-4.5.5.jar;C:\Users\308211\.m2\repository\org\apache\httpcomponents\httpcore\4.4.9\httpcore-4.4.9.jar;C:\Users\308211\.m2\repository\commons-codec\commons-codec\1.10\commons-codec-1.10.jar;C:\Users\308211\.m2\repository\cglib\cglib\3.2.6\cglib-3.2.6.jar;C:\Users\308211\.m2\repository\org\ow2\asm\asm\6.0\asm-6.0.jar;C:\Users\308211\.m2\repository\org\apache\ant\ant\1.9.6\ant-1.9.6.jar;C:\Users\308211\.m2\repository\org\apache\ant\ant-launcher\1.9.6\ant-launcher-1.9.6.jar;C:\Users\308211\.m2\repository\commons-validator\commons-validator\1.6\commons-validator-1.6.jar;C:\Users\308211\.m2\repository\commons-beanutils\commons-beanutils\1.9.2\commons-beanutils-1.9.2.jar;C:\Users\308211\.m2\repository\commons-digester\commons-digester\1.8.1\commons-digester-1.8.1.jar;C:\Users\308211\.m2\repository\org\springframework\spring-context\5.0.5.RELEASE\spring-context-5.0.5.RELEASE.jar;C:\Users\308211\.m2\repository\org\aspectj\aspectjweaver\1.9.1\aspectjweaver-1.9.1.jar;C:\Users\308211\.m2\repository\org\openpnp\opencv\3.2.0-1\opencv-3.2.0-1.jar;C:\Users\308211\.m2\repository\org\projectlombok\lombok\1.18.4\lombok-1.18.4.jar;C:\Users\308211\.m2\repository\log4j\log4j\1.2.17\log4j-1.2.17.jar;C:\Users\308211\.m2\repository\org\apache\poi\poi-ooxml\4.0.1\poi-ooxml-4.0.1.jar;C:\Users\308211\.m2\repository\org\apache\poi\poi\4.0.1\poi-4.0.1.jar;C:\Users\308211\.m2\repository\org\apache\commons\commons-collections4\4.2\commons-collections4-4.2.jar;C:\Users\308211\.m2\repository\org\apache\commons\commons-math3\3.6.1\commons-math3-3.6.1.jar;C:\Users\308211\.m2\repository\org\apache\poi\poi-ooxml-schemas\4.0.1\poi-ooxml-schemas-4.0.1.jar;C:\Users\308211\.m2\repository\org\apache\xmlbeans\xmlbeans\3.0.2\xmlbeans-3.0.2.jar;C:\Users\308211\.m2\repository\org\apache\commons\commons-compress\1.18\commons-compress-1.18.jar;C:\Users\308211\.m2\repository\com\github\virtuald\curvesapi\1.05\curvesapi-1.05.jar;C:\Users\308211\.m2\repository\org\json\json\20180813\json-20180813.jar;C:\Users\308211\.m2\repository\org\jboss\aerogear\aerogear-otp-java\1.0.0\aerogear-otp-java-1.0.0.jar;C:\Users\308211\.m2\repository\com\fasterxml\jackson\core\jackson-databind\2.10.0.pr1\jackson-databind-2.10.0.pr1.jar;C:\Users\308211\.m2\repository\com\fasterxml\jackson\core\jackson-annotations\2.10.0.pr1\jackson-annotations-2.10.0.pr1.jar;C:\Users\308211\.m2\repository\com\fasterxml\jackson\core\jackson-core\2.10.0.pr1\jackson-core-2.10.0.pr1.jar;C:\Users\308211\.m2\repository\io\github\bonigarcia\webdrivermanager\3.6.2\webdrivermanager-3.6.2.jar;C:\Users\308211\.m2\repository\org\slf4j\slf4j-api\1.7.25\slf4j-api-1.7.25.jar;C:\Users\308211\.m2\repository\org\rauschig\jarchivelib\1.0.0\jarchivelib-1.0.0.jar;C:\Users\308211\.m2\repository\com\googlecode\json-simple\json-simple\1.1\json-simple-1.1.jar;C:\Users\308211\.m2\repository\com\assertthat\selenium-shutterbug\0.8\selenium-shutterbug-0.8.jar;"/>
    <property name="sun.cpu.endian" value="little"/>
    <property name="user.home" value="C:\Users\308211"/>
    <property name="user.language" value="en"/>
    <property name="java.specification.vendor" value="Oracle Corporation"/>
    <property name="java.home" value="C:\Program Files\Java\jdk1.8.0_191\jre"/>
    <property name="basedir" value="C:\Users\308211\IdeaProjects\scaleautomation"/>
    <property name="file.separator" value="\"/>
    <property name="line.separator" value="&#10;"/>
    <property name="java.vm.specification.vendor" value="Oracle Corporation"/>
    <property name="java.specification.name" value="Java Platform API Specification"/>
    <property name="java.awt.graphicsenv" value="sun.awt.Win32GraphicsEnvironment"/>
    <property name="surefire.real.class.path" value="C:\Users\308211\AppData\Local\Temp\surefire2291979607938774233\surefirebooter5738965893230210058.jar"/>
    <property name="sun.boot.class.path" value="C:\Program Files\Java\jdk1.8.0_191\jre\lib\resources.jar;C:\Program Files\Java\jdk1.8.0_191\jre\lib\rt.jar;C:\Program Files\Java\jdk1.8.0_191\jre\lib\sunrsasign.jar;C:\Program Files\Java\jdk1.8.0_191\jre\lib\jsse.jar;C:\Program Files\Java\jdk1.8.0_191\jre\lib\jce.jar;C:\Program Files\Java\jdk1.8.0_191\jre\lib\charsets.jar;C:\Program Files\Java\jdk1.8.0_191\jre\lib\jfr.jar;C:\Program Files\Java\jdk1.8.0_191\jre\classes"/>
    <property name="user.script" value=""/>
    <property name="sun.management.compiler" value="HotSpot 64-Bit Tiered Compilers"/>
    <property name="java.runtime.version" value="1.8.0_191-b12"/>
    <property name="user.name" value="308211"/>
    <property name="path.separator" value=";"/>
    <property name="os.version" value="10.0"/>
    <property name="java.endorsed.dirs" value="C:\Program Files\Java\jdk1.8.0_191\jre\lib\endorsed"/>
    <property name="java.runtime.name" value="Java(TM) SE Runtime Environment"/>
    <property name="file.encoding" value="Cp1252"/>
    <property name="java.vm.name" value="Java HotSpot(TM) 64-Bit Server VM"/>
    <property name="localRepository" value="C:\Users\308211\.m2\repository"/>
    <property name="java.vendor.url.bug" value="http://bugreport.sun.com/bugreport/"/>
    <property name="java.io.tmpdir" value="C:\Users\308211\AppData\Local\Temp\"/>
    <property name="java.version" value="1.8.0_191"/>
    <property name="user.dir" value="C:\Users\308211\IdeaProjects\scaleautomation"/>
    <property name="os.arch" value="amd64"/>
    <property name="java.vm.specification.name" value="Java Virtual Machine Specification"/>
    <property name="java.awt.printerjob" value="sun.awt.windows.WPrinterJob"/>
    <property name="sun.os.patch.level" value=""/>
    <property name="java.library.path" value="C:\Program Files\Java\jdk1.8.0_191\jre\bin;C:\WINDOWS\Sun\Java\bin;C:\WINDOWS\system32;C:\WINDOWS;C:\Program Files (x86)\Common Files\Oracle\Java\javapath;C:\WINDOWS\system32;C:\WINDOWS;C:\WINDOWS\System32\Wbem;C:\WINDOWS\System32\WindowsPowerShell\v1.0\;C:\WINDOWS\System32\OpenSSH\;C:\Program Files (x86)\Webex\Webex\Applications;C:\Development_Avecto\bin;C:\Users\308211\AppData\Local\Microsoft\WindowsApps;C:\Development_Avecto\apache-maven-3.6.3-bin\apache-maven-3.6.3\bin;C:\Users\308211\AppData\Local\Programs\Git\cmd;."/>
    <property name="java.vm.info" value="mixed mode"/>
    <property name="java.vendor" value="Oracle Corporation"/>
    <property name="java.vm.version" value="25.191-b12"/>
    <property name="java.ext.dirs" value="C:\Program Files\Java\jdk1.8.0_191\jre\lib\ext;C:\WINDOWS\Sun\Java\lib\ext"/>
    <property name="sun.io.unicode.encoding" value="UnicodeLittle"/>
    <property name="java.class.version" value="52.0"/>
  </properties>
  <testcase name="To verify Buyer has provided with different recommendations &quot;&lt;recommServices&gt;&quot;, service details &quot;&lt;details&gt;&quot; on GM results page after initiating GM journey for framework &quot;housing&quot; and after answering different set of question as sector looking for &quot;&lt;sector&gt;&quot;, selects Service area as &quot;&lt;serviceArea&gt;&quot; during the journey(GM Journey for FM2 framework " classname="Housing journey branch) -&gt; See FM2 Updated schema from https://miro.com/app/board/o9J_kuCrpYQ=/ design link" time="61.341"/>
  <testcase name="To verify Buyer has provided with different recommendations &quot;&lt;recommServices&gt;&quot;, service details &quot;&lt;details&gt;&quot; on GM results page after initiating GM journey for framework &quot;housing&quot; and after answering different set of question as sector looking for &quot;&lt;sector&gt;&quot;, selects Service area as &quot;&lt;serviceArea&gt;&quot; during the journey(GM Journey for FM2 framework " classname="Housing journey branch) -&gt; See FM2 Updated schema from https://miro.com/app/board/o9J_kuCrpYQ=/ design link" time="59.039"/>
  <testcase name="To verify Buyer has provided with different recommendations &quot;&lt;recommServices&gt;&quot;, service details &quot;fmMarketPlacePhase2&quot; on GM results page after initiating GM journey for framework &quot;housing&quot; and after answering different set of question as sector looking for &quot;Ministry of Defence or defence infrastructure organisation&quot;, selects Service area as &quot;&lt;serviceArea&gt;&quot; during the journey(GM Journey for FM2 framework " classname="Housing journey branch) -&gt; See FM2 Updated schema from https://miro.com/app/board/o9J_kuCrpYQ=/ design link" time="194.809"/>
  <testcase name="To verify Buyer has provided with different recommendations &quot;&lt;recommServices&gt;&quot;, service details &quot;fmMarketPlacePhase2&quot; on GM results page after initiating GM journey for framework &quot;housing&quot; and after answering different set of question as sector looking for &quot;Ministry of Defence or defence infrastructure organisation&quot;, selects Service area as &quot;&lt;serviceArea&gt;&quot; during the journey(GM Journey for FM2 framework " classname="Housing journey branch) -&gt; See FM2 Updated schema from https://miro.com/app/board/o9J_kuCrpYQ=/ design link" time="148.782"/>
  <testcase name="To verify Buyer has provided with different recommendations &quot;&lt;recommServices&gt;&quot;, service details &quot;fmMarketPlacePhase2&quot; on GM results page after initiating GM journey for framework &quot;housing&quot; and after answering different set of question as sector looking for &quot;Ministry of Defence or defence infrastructure organisation&quot;, selects Service area as &quot;&lt;serviceArea&gt;&quot; during the journey(GM Journey for FM2 framework " classname="Housing journey branch) -&gt; See FM2 Updated schema from https://miro.com/app/board/o9J_kuCrpYQ=/ design link" time="196.184"/>
  <testcase name="To verify Buyer has provided with different recommendations &quot;&lt;recommServices&gt;&quot;, service details &quot;fmMarketPlacePhase2&quot; on GM results page after initiating GM journey for framework &quot;housing&quot; and after answering different set of question as sector looking for &quot;Ministry of Defence or defence infrastructure organisation&quot;, selects Service area as &quot;&lt;serviceArea&gt;&quot; during the journey(GM Journey for FM2 framework " classname="Housing journey branch) -&gt; See FM2 Updated schema from https://miro.com/app/board/o9J_kuCrpYQ=/ design link" time="167.911"/>
  <testcase name="To verify Buyer has provided with different recommendations &quot;&lt;recommServices&gt;&quot;, service details &quot;fmMarketPlacePhase2&quot; on GM results page after initiating GM journey for framework &quot;housing&quot; and after answering different set of question as sector looking for &quot;Central Government&quot;, selects Service area as &quot;&lt;serviceArea&gt;&quot; during the journey(GM Journey for FM2 framework " classname="Housing journey branch) -&gt; See FM2 Updated schema from https://miro.com/app/board/o9J_kuCrpYQ=/ design link" time="212.689"/>
  <testcase name="To verify Buyer has provided with different recommendations &quot;&lt;recommServices&gt;&quot;, service details &quot;fmMarketPlacePhase2&quot; on GM results page after initiating GM journey for framework &quot;housing&quot; and after answering different set of question as sector looking for &quot;Education&quot;, selects Service area as &quot;&lt;serviceArea&gt;&quot; during the journey(GM Journey for FM2 framework " classname="Housing journey branch) -&gt; See FM2 Updated schema from https://miro.com/app/board/o9J_kuCrpYQ=/ design link" time="237.892"/>
  <testcase name="To verify Buyer has provided with different recommendations &quot;&lt;recommServices&gt;&quot;, service details &quot;fmMarketPlacePhase2&quot; on GM results page after initiating GM journey for framework &quot;housing&quot; and after answering different set of question as sector looking for &quot;Devolved&quot;, selects Service area as &quot;&lt;serviceArea&gt;&quot; during the journey(GM Journey for FM2 framework " classname="Housing journey branch) -&gt; See FM2 Updated schema from https://miro.com/app/board/o9J_kuCrpYQ=/ design link" time="271.536"/>
  <testcase name="To verify Buyer has provided with different recommendations &quot;&lt;recommServices&gt;&quot;, service details &quot;fmMarketPlacePhase2&quot; on GM results page after initiating GM journey for framework &quot;housing&quot; and after answering different set of question as sector looking for &quot;Health&quot;, selects Service area as &quot;&lt;serviceArea&gt;&quot; during the journey(GM Journey for FM2 framework " classname="Housing journey branch) -&gt; See FM2 Updated schema from https://miro.com/app/board/o9J_kuCrpYQ=/ design link" time="162.278"/>
  <testcase name="To verify Buyer has provided with different recommendations &quot;&lt;recommServices&gt;&quot;, service details &quot;fmMarketPlacePhase2&quot; on GM results page after initiating GM journey for framework &quot;housing&quot; and after answering different set of question as sector looking for &quot;Blue light&quot;, selects Service area as &quot;&lt;serviceArea&gt;&quot; during the journey(GM Journey for FM2 framework " classname="Housing journey branch) -&gt; See FM2 Updated schema from https://miro.com/app/board/o9J_kuCrpYQ=/ design link" time="175.391"/>
  <testcase name="To verify Buyer has provided with different recommendations &quot;&lt;recommServices&gt;&quot;, service details &quot;fmMarketPlacePhase2&quot; on GM results page after initiating GM journey for framework &quot;housing&quot; and after answering different set of question as sector looking for &quot;Housing&quot;, selects Service area as &quot;&lt;serviceArea&gt;&quot; during the journey(GM Journey for FM2 framework " classname="Housing journey branch) -&gt; See FM2 Updated schema from https://miro.com/app/board/o9J_kuCrpYQ=/ design link" time="120.709"/>
  <testcase name="To verify Buyer has provided with different recommendations &quot;&lt;recommServices&gt;&quot;, service details &quot;fmMarketPlacePhase2&quot; on GM results page after initiating GM journey for framework &quot;housing&quot; and after answering different set of question as sector looking for &quot;Charities&quot;, selects Service area as &quot;&lt;serviceArea&gt;&quot; during the journey(GM Journey for FM2 framework " classname="Housing journey branch) -&gt; See FM2 Updated schema from https://miro.com/app/board/o9J_kuCrpYQ=/ design link" time="156.971"/>
  <testcase name="To verify Buyer has provided with different recommendations &quot;&lt;recommServices&gt;&quot;, service details &quot;fmmDetails&quot; on GM results page after initiating GM journey for framework &quot;housing&quot; and after answering different set of question as sector looking for &quot;Central Government&quot;, selects Service area as &quot;&lt;serviceArea&gt;&quot; during the journey(GM Journey for FM2 framework " classname="Housing journey branch) -&gt; See FM2 Updated schema from https://miro.com/app/board/o9J_kuCrpYQ=/ design link" time="132.006"/>
  <testcase name="To verify Buyer has provided with different recommendations &quot;&lt;recommServices&gt;&quot;, service details &quot;fmmDetails&quot; on GM results page after initiating GM journey for framework &quot;housing&quot; and after answering different set of question as sector looking for &quot;Education&quot;, selects Service area as &quot;&lt;serviceArea&gt;&quot; during the journey(GM Journey for FM2 framework " classname="Housing journey branch) -&gt; See FM2 Updated schema from https://miro.com/app/board/o9J_kuCrpYQ=/ design link" time="142.928"/>
  <testcase name="To verify Buyer has provided with different recommendations &quot;&lt;recommServices&gt;&quot;, service details &quot;fmmDetails&quot; on GM results page after initiating GM journey for framework &quot;housing&quot; and after answering different set of question as sector looking for &quot;Devolved&quot;, selects Service area as &quot;&lt;serviceArea&gt;&quot; during the journey(GM Journey for FM2 framework " classname="Housing journey branch) -&gt; See FM2 Updated schema from https://miro.com/app/board/o9J_kuCrpYQ=/ design link" time="121.514"/>
  <testcase name="To verify Buyer has provided with different recommendations &quot;&lt;recommServices&gt;&quot;, service details &quot;fmmDetails&quot; on GM results page after initiating GM journey for framework &quot;housing&quot; and after answering different set of question as sector looking for &quot;Health&quot;, selects Service area as &quot;&lt;serviceArea&gt;&quot; during the journey(GM Journey for FM2 framework " classname="Housing journey branch) -&gt; See FM2 Updated schema from https://miro.com/app/board/o9J_kuCrpYQ=/ design link" time="156.465"/>
  <testcase name="To verify Buyer has provided with different recommendations &quot;&lt;recommServices&gt;&quot;, service details &quot;fmmDetails&quot; on GM results page after initiating GM journey for framework &quot;housing&quot; and after answering different set of question as sector looking for &quot;Blue light&quot;, selects Service area as &quot;&lt;serviceArea&gt;&quot; during the journey(GM Journey for FM2 framework " classname="Housing journey branch) -&gt; See FM2 Updated schema from https://miro.com/app/board/o9J_kuCrpYQ=/ design link" time="107.959"/>
  <testcase name="To verify Buyer has provided with different recommendations &quot;&lt;recommServices&gt;&quot;, service details &quot;fmmDetails&quot; on GM results page after initiating GM journey for framework &quot;housing&quot; and after answering different set of question as sector looking for &quot;Housing&quot;, selects Service area as &quot;&lt;serviceArea&gt;&quot; during the journey(GM Journey for FM2 framework " classname="Housing journey branch) -&gt; See FM2 Updated schema from https://miro.com/app/board/o9J_kuCrpYQ=/ design link" time="147.894"/>
  <testcase name="To verify Buyer has provided with different recommendations &quot;&lt;recommServices&gt;&quot;, service details &quot;fmmDetails&quot; on GM results page after initiating GM journey for framework &quot;housing&quot; and after answering different set of question as sector looking for &quot;Charities&quot;, selects Service area as &quot;&lt;serviceArea&gt;&quot; during the journey(GM Journey for FM2 framework " classname="Housing journey branch) -&gt; See FM2 Updated schema from https://miro.com/app/board/o9J_kuCrpYQ=/ design link" time="113.529"/>
  <testcase name="To verify Buyer has provided with different recommendations &quot;&lt;recommServices&gt;&quot;, service details &quot;fmmDetails_buildingCleaningServices&quot; on GM results page after initiating GM journey for framework &quot;housing&quot; and after answering different set of question as sector looking for &quot;&lt;sector&gt;&quot;, selects Service area as &quot;&lt;serviceArea&gt;&quot; during the journey(GM Journey for FM2 framework " classname="Housing journey branch) -&gt; See FM2 Updated schema from https://miro.com/app/board/o9J_kuCrpYQ=/ design link" time="166.533"/>
</testsuite>