<?xml version="1.0" encoding="UTF-8"?>
<testsuite xmlns:xsi="http://www.w3.org/2001/XMLSchema-instance" xsi:noNamespaceSchemaLocation="https://maven.apache.org/surefire/maven-surefire-plugin/xsd/surefire-test-report.xsd" name="Technical and Security journey branch) -&gt; See FM2 Updated schema from https://miro.com/app/board/o9J_kuCrpYQ=/ design link" time="7,249.3" tests="49" errors="7" skipped="0" failures="8">
  <properties>
    <property name="sun.desktop" value="windows"/>
    <property name="awt.toolkit" value="sun.awt.windows.WToolkit"/>
    <property name="file.encoding.pkg" value="sun.io"/>
    <property name="java.specification.version" value="1.8"/>
    <property name="webdriver.chrome.driver" value="C:\Users\308211\.m2\repository\webdriver\chromedriver\win32\79.0.3945.36\chromedriver.exe"/>
    <property name="sun.cpu.isalist" value="amd64"/>
    <property name="sun.jnu.encoding" value="Cp1252"/>
    <property name="java.class.path" value="C:\Users\308211\IdeaProjects\scaleautomation\target\test-classes;C:\Users\308211\IdeaProjects\scaleautomation\target\classes;C:\Users\308211\.m2\repository\org\seleniumhq\selenium\selenium-chrome-driver\3.141.59\selenium-chrome-driver-3.141.59.jar;C:\Users\308211\.m2\repository\org\seleniumhq\selenium\selenium-api\3.141.59\selenium-api-3.141.59.jar;C:\Users\308211\.m2\repository\net\bytebuddy\byte-buddy\1.8.15\byte-buddy-1.8.15.jar;C:\Users\308211\.m2\repository\org\apache\commons\commons-exec\1.3\commons-exec-1.3.jar;C:\Users\308211\.m2\repository\com\google\guava\guava\25.0-jre\guava-25.0-jre.jar;C:\Users\308211\.m2\repository\com\google\code\findbugs\jsr305\1.3.9\jsr305-1.3.9.jar;C:\Users\308211\.m2\repository\org\checkerframework\checker-compat-qual\2.0.0\checker-compat-qual-2.0.0.jar;C:\Users\308211\.m2\repository\com\google\errorprone\error_prone_annotations\2.1.3\error_prone_annotations-2.1.3.jar;C:\Users\308211\.m2\repository\com\google\j2objc\j2objc-annotations\1.1\j2objc-annotations-1.1.jar;C:\Users\308211\.m2\repository\org\codehaus\mojo\animal-sniffer-annotations\1.14\animal-sniffer-annotations-1.14.jar;C:\Users\308211\.m2\repository\com\squareup\okhttp3\okhttp\3.11.0\okhttp-3.11.0.jar;C:\Users\308211\.m2\repository\com\squareup\okio\okio\1.14.0\okio-1.14.0.jar;C:\Users\308211\.m2\repository\org\seleniumhq\selenium\selenium-firefox-driver\3.141.59\selenium-firefox-driver-3.141.59.jar;C:\Users\308211\.m2\repository\org\seleniumhq\selenium\selenium-ie-driver\2.40.0\selenium-ie-driver-2.40.0.jar;C:\Users\308211\.m2\repository\net\java\dev\jna\jna\3.4.0\jna-3.4.0.jar;C:\Users\308211\.m2\repository\net\java\dev\jna\platform\3.4.0\platform-3.4.0.jar;C:\Users\308211\.m2\repository\org\seleniumhq\selenium\selenium-java\3.141.59\selenium-java-3.141.59.jar;C:\Users\308211\.m2\repository\org\seleniumhq\selenium\selenium-edge-driver\3.141.59\selenium-edge-driver-3.141.59.jar;C:\Users\308211\.m2\repository\org\seleniumhq\selenium\selenium-opera-driver\3.141.59\selenium-opera-driver-3.141.59.jar;C:\Users\308211\.m2\repository\org\seleniumhq\selenium\selenium-safari-driver\3.141.59\selenium-safari-driver-3.141.59.jar;C:\Users\308211\.m2\repository\org\seleniumhq\selenium\selenium-remote-driver\3.141.59\selenium-remote-driver-3.141.59.jar;C:\Users\308211\.m2\repository\org\seleniumhq\selenium\selenium-support\3.141.59\selenium-support-3.141.59.jar;C:\Users\308211\.m2\repository\io\cucumber\cucumber-java\4.2.5\cucumber-java-4.2.5.jar;C:\Users\308211\.m2\repository\io\cucumber\cucumber-core\4.2.5\cucumber-core-4.2.5.jar;C:\Users\308211\.m2\repository\io\cucumber\cucumber-html\0.2.7\cucumber-html-0.2.7.jar;C:\Users\308211\.m2\repository\io\cucumber\tag-expressions\1.1.1\tag-expressions-1.1.1.jar;C:\Users\308211\.m2\repository\io\cucumber\cucumber-expressions\6.2.0\cucumber-expressions-6.2.0.jar;C:\Users\308211\.m2\repository\io\cucumber\datatable\1.1.12\datatable-1.1.12.jar;C:\Users\308211\.m2\repository\io\cucumber\datatable-dependencies\1.1.12\datatable-dependencies-1.1.12.jar;C:\Users\308211\.m2\repository\net\masterthought\cucumber-reporting\4.6.0\cucumber-reporting-4.6.0.jar;C:\Users\308211\.m2\repository\org\apache\velocity\velocity\1.7\velocity-1.7.jar;C:\Users\308211\.m2\repository\commons-collections\commons-collections\3.2.1\commons-collections-3.2.1.jar;C:\Users\308211\.m2\repository\commons-lang\commons-lang\2.4\commons-lang-2.4.jar;C:\Users\308211\.m2\repository\velocity-tools\velocity-tools\1.4\velocity-tools-1.4.jar;C:\Users\308211\.m2\repository\joda-time\joda-time\2.10.1\joda-time-2.10.1.jar;C:\Users\308211\.m2\repository\org\apache\commons\commons-lang3\3.8.1\commons-lang3-3.8.1.jar;C:\Users\308211\.m2\repository\commons-io\commons-io\2.6\commons-io-2.6.jar;C:\Users\308211\.m2\repository\org\codehaus\plexus\plexus-utils\3.1.1\plexus-utils-3.1.1.jar;C:\Users\308211\.m2\repository\org\jsoup\jsoup\1.11.3\jsoup-1.11.3.jar;C:\Users\308211\.m2\repository\com\googlecode\owasp-java-html-sanitizer\owasp-java-html-sanitizer\20190325.1\owasp-java-html-sanitizer-20190325.1.jar;C:\Users\308211\.m2\repository\commons-configuration\commons-configuration\1.10\commons-configuration-1.10.jar;C:\Users\308211\.m2\repository\commons-logging\commons-logging\1.1.1\commons-logging-1.1.1.jar;C:\Users\308211\.m2\repository\junit\junit\4.12\junit-4.12.jar;C:\Users\308211\.m2\repository\org\hamcrest\hamcrest-core\1.3\hamcrest-core-1.3.jar;C:\Users\308211\.m2\repository\io\cucumber\cucumber-picocontainer\4.2.5\cucumber-picocontainer-4.2.5.jar;C:\Users\308211\.m2\repository\org\picocontainer\picocontainer\2.15\picocontainer-2.15.jar;C:\Users\308211\.m2\repository\io\cucumber\gherkin\5.1.0\gherkin-5.1.0.jar;C:\Users\308211\.m2\repository\io\cucumber\gherkin-jvm-deps\1.0.4\gherkin-jvm-deps-1.0.4.jar;C:\Users\308211\.m2\repository\io\cucumber\cucumber-junit\4.2.5\cucumber-junit-4.2.5.jar;C:\Users\308211\.m2\repository\io\appium\java-client\6.1.0\java-client-6.1.0.jar;C:\Users\308211\.m2\repository\com\google\code\gson\gson\2.8.4\gson-2.8.4.jar;C:\Users\308211\.m2\repository\org\apache\httpcomponents\httpclient\4.5.5\httpclient-4.5.5.jar;C:\Users\308211\.m2\repository\org\apache\httpcomponents\httpcore\4.4.9\httpcore-4.4.9.jar;C:\Users\308211\.m2\repository\commons-codec\commons-codec\1.10\commons-codec-1.10.jar;C:\Users\308211\.m2\repository\cglib\cglib\3.2.6\cglib-3.2.6.jar;C:\Users\308211\.m2\repository\org\ow2\asm\asm\6.0\asm-6.0.jar;C:\Users\308211\.m2\repository\org\apache\ant\ant\1.9.6\ant-1.9.6.jar;C:\Users\308211\.m2\repository\org\apache\ant\ant-launcher\1.9.6\ant-launcher-1.9.6.jar;C:\Users\308211\.m2\repository\commons-validator\commons-validator\1.6\commons-validator-1.6.jar;C:\Users\308211\.m2\repository\commons-beanutils\commons-beanutils\1.9.2\commons-beanutils-1.9.2.jar;C:\Users\308211\.m2\repository\commons-digester\commons-digester\1.8.1\commons-digester-1.8.1.jar;C:\Users\308211\.m2\repository\org\springframework\spring-context\5.0.5.RELEASE\spring-context-5.0.5.RELEASE.jar;C:\Users\308211\.m2\repository\org\aspectj\aspectjweaver\1.9.1\aspectjweaver-1.9.1.jar;C:\Users\308211\.m2\repository\org\openpnp\opencv\3.2.0-1\opencv-3.2.0-1.jar;C:\Users\308211\.m2\repository\org\projectlombok\lombok\1.18.4\lombok-1.18.4.jar;C:\Users\308211\.m2\repository\log4j\log4j\1.2.17\log4j-1.2.17.jar;C:\Users\308211\.m2\repository\org\apache\poi\poi-ooxml\4.0.1\poi-ooxml-4.0.1.jar;C:\Users\308211\.m2\repository\org\apache\poi\poi\4.0.1\poi-4.0.1.jar;C:\Users\308211\.m2\repository\org\apache\commons\commons-collections4\4.2\commons-collections4-4.2.jar;C:\Users\308211\.m2\repository\org\apache\commons\commons-math3\3.6.1\commons-math3-3.6.1.jar;C:\Users\308211\.m2\repository\org\apache\poi\poi-ooxml-schemas\4.0.1\poi-ooxml-schemas-4.0.1.jar;C:\Users\308211\.m2\repository\org\apache\xmlbeans\xmlbeans\3.0.2\xmlbeans-3.0.2.jar;C:\Users\308211\.m2\repository\org\apache\commons\commons-compress\1.18\commons-compress-1.18.jar;C:\Users\308211\.m2\repository\com\github\virtuald\curvesapi\1.05\curvesapi-1.05.jar;C:\Users\308211\.m2\repository\org\json\json\20180813\json-20180813.jar;C:\Users\308211\.m2\repository\org\jboss\aerogear\aerogear-otp-java\1.0.0\aerogear-otp-java-1.0.0.jar;C:\Users\308211\.m2\repository\com\fasterxml\jackson\core\jackson-databind\2.10.0.pr1\jackson-databind-2.10.0.pr1.jar;C:\Users\308211\.m2\repository\com\fasterxml\jackson\core\jackson-annotations\2.10.0.pr1\jackson-annotations-2.10.0.pr1.jar;C:\Users\308211\.m2\repository\com\fasterxml\jackson\core\jackson-core\2.10.0.pr1\jackson-core-2.10.0.pr1.jar;C:\Users\308211\.m2\repository\io\github\bonigarcia\webdrivermanager\3.6.2\webdrivermanager-3.6.2.jar;C:\Users\308211\.m2\repository\org\slf4j\slf4j-api\1.7.25\slf4j-api-1.7.25.jar;C:\Users\308211\.m2\repository\org\rauschig\jarchivelib\1.0.0\jarchivelib-1.0.0.jar;C:\Users\308211\.m2\repository\com\googlecode\json-simple\json-simple\1.1\json-simple-1.1.jar;C:\Users\308211\.m2\repository\com\assertthat\selenium-shutterbug\0.8\selenium-shutterbug-0.8.jar;"/>
    <property name="java.vm.vendor" value="Oracle Corporation"/>
    <property name="sun.arch.data.model" value="64"/>
    <property name="user.variant" value=""/>
    <property name="java.vendor.url" value="http://java.oracle.com/"/>
    <property name="user.timezone" value="Europe/London"/>
    <property name="java.vm.specification.version" value="1.8"/>
    <property name="os.name" value="Windows 10"/>
    <property name="user.country" value="US"/>
    <property name="sun.java.launcher" value="SUN_STANDARD"/>
    <property name="sun.boot.library.path" value="C:\Program Files\Java\jdk1.8.0_191\jre\bin"/>
    <property name="sun.java.command" value="C:\Users\308211\AppData\Local\Temp\surefire2291979607938774233\surefirebooter5738965893230210058.jar C:\Users\308211\AppData\Local\Temp\surefire2291979607938774233 2020-09-08T16-27-47_300-jvmRun1 surefire8920240691827829743tmp surefire_07004037668821892694tmp"/>
    <property name="surefire.test.class.path" value="C:\Users\308211\IdeaProjects\scaleautomation\target\test-classes;C:\Users\308211\IdeaProjects\scaleautomation\target\classes;C:\Users\308211\.m2\repository\org\seleniumhq\selenium\selenium-chrome-driver\3.141.59\selenium-chrome-driver-3.141.59.jar;C:\Users\308211\.m2\repository\org\seleniumhq\selenium\selenium-api\3.141.59\selenium-api-3.141.59.jar;C:\Users\308211\.m2\repository\net\bytebuddy\byte-buddy\1.8.15\byte-buddy-1.8.15.jar;C:\Users\308211\.m2\repository\org\apache\commons\commons-exec\1.3\commons-exec-1.3.jar;C:\Users\308211\.m2\repository\com\google\guava\guava\25.0-jre\guava-25.0-jre.jar;C:\Users\308211\.m2\repository\com\google\code\findbugs\jsr305\1.3.9\jsr305-1.3.9.jar;C:\Users\308211\.m2\repository\org\checkerframework\checker-compat-qual\2.0.0\checker-compat-qual-2.0.0.jar;C:\Users\308211\.m2\repository\com\google\errorprone\error_prone_annotations\2.1.3\error_prone_annotations-2.1.3.jar;C:\Users\308211\.m2\repository\com\google\j2objc\j2objc-annotations\1.1\j2objc-annotations-1.1.jar;C:\Users\308211\.m2\repository\org\codehaus\mojo\animal-sniffer-annotations\1.14\animal-sniffer-annotations-1.14.jar;C:\Users\308211\.m2\repository\com\squareup\okhttp3\okhttp\3.11.0\okhttp-3.11.0.jar;C:\Users\308211\.m2\repository\com\squareup\okio\okio\1.14.0\okio-1.14.0.jar;C:\Users\308211\.m2\repository\org\seleniumhq\selenium\selenium-firefox-driver\3.141.59\selenium-firefox-driver-3.141.59.jar;C:\Users\308211\.m2\repository\org\seleniumhq\selenium\selenium-ie-driver\2.40.0\selenium-ie-driver-2.40.0.jar;C:\Users\308211\.m2\repository\net\java\dev\jna\jna\3.4.0\jna-3.4.0.jar;C:\Users\308211\.m2\repository\net\java\dev\jna\platform\3.4.0\platform-3.4.0.jar;C:\Users\308211\.m2\repository\org\seleniumhq\selenium\selenium-java\3.141.59\selenium-java-3.141.59.jar;C:\Users\308211\.m2\repository\org\seleniumhq\selenium\selenium-edge-driver\3.141.59\selenium-edge-driver-3.141.59.jar;C:\Users\308211\.m2\repository\org\seleniumhq\selenium\selenium-opera-driver\3.141.59\selenium-opera-driver-3.141.59.jar;C:\Users\308211\.m2\repository\org\seleniumhq\selenium\selenium-safari-driver\3.141.59\selenium-safari-driver-3.141.59.jar;C:\Users\308211\.m2\repository\org\seleniumhq\selenium\selenium-remote-driver\3.141.59\selenium-remote-driver-3.141.59.jar;C:\Users\308211\.m2\repository\org\seleniumhq\selenium\selenium-support\3.141.59\selenium-support-3.141.59.jar;C:\Users\308211\.m2\repository\io\cucumber\cucumber-java\4.2.5\cucumber-java-4.2.5.jar;C:\Users\308211\.m2\repository\io\cucumber\cucumber-core\4.2.5\cucumber-core-4.2.5.jar;C:\Users\308211\.m2\repository\io\cucumber\cucumber-html\0.2.7\cucumber-html-0.2.7.jar;C:\Users\308211\.m2\repository\io\cucumber\tag-expressions\1.1.1\tag-expressions-1.1.1.jar;C:\Users\308211\.m2\repository\io\cucumber\cucumber-expressions\6.2.0\cucumber-expressions-6.2.0.jar;C:\Users\308211\.m2\repository\io\cucumber\datatable\1.1.12\datatable-1.1.12.jar;C:\Users\308211\.m2\repository\io\cucumber\datatable-dependencies\1.1.12\datatable-dependencies-1.1.12.jar;C:\Users\308211\.m2\repository\net\masterthought\cucumber-reporting\4.6.0\cucumber-reporting-4.6.0.jar;C:\Users\308211\.m2\repository\org\apache\velocity\velocity\1.7\velocity-1.7.jar;C:\Users\308211\.m2\repository\commons-collections\commons-collections\3.2.1\commons-collections-3.2.1.jar;C:\Users\308211\.m2\repository\commons-lang\commons-lang\2.4\commons-lang-2.4.jar;C:\Users\308211\.m2\repository\velocity-tools\velocity-tools\1.4\velocity-tools-1.4.jar;C:\Users\308211\.m2\repository\joda-time\joda-time\2.10.1\joda-time-2.10.1.jar;C:\Users\308211\.m2\repository\org\apache\commons\commons-lang3\3.8.1\commons-lang3-3.8.1.jar;C:\Users\308211\.m2\repository\commons-io\commons-io\2.6\commons-io-2.6.jar;C:\Users\308211\.m2\repository\org\codehaus\plexus\plexus-utils\3.1.1\plexus-utils-3.1.1.jar;C:\Users\308211\.m2\repository\org\jsoup\jsoup\1.11.3\jsoup-1.11.3.jar;C:\Users\308211\.m2\repository\com\googlecode\owasp-java-html-sanitizer\owasp-java-html-sanitizer\20190325.1\owasp-java-html-sanitizer-20190325.1.jar;C:\Users\308211\.m2\repository\commons-configuration\commons-configuration\1.10\commons-configuration-1.10.jar;C:\Users\308211\.m2\repository\commons-logging\commons-logging\1.1.1\commons-logging-1.1.1.jar;C:\Users\308211\.m2\repository\junit\junit\4.12\junit-4.12.jar;C:\Users\308211\.m2\repository\org\hamcrest\hamcrest-core\1.3\hamcrest-core-1.3.jar;C:\Users\308211\.m2\repository\io\cucumber\cucumber-picocontainer\4.2.5\cucumber-picocontainer-4.2.5.jar;C:\Users\308211\.m2\repository\org\picocontainer\picocontainer\2.15\picocontainer-2.15.jar;C:\Users\308211\.m2\repository\io\cucumber\gherkin\5.1.0\gherkin-5.1.0.jar;C:\Users\308211\.m2\repository\io\cucumber\gherkin-jvm-deps\1.0.4\gherkin-jvm-deps-1.0.4.jar;C:\Users\308211\.m2\repository\io\cucumber\cucumber-junit\4.2.5\cucumber-junit-4.2.5.jar;C:\Users\308211\.m2\repository\io\appium\java-client\6.1.0\java-client-6.1.0.jar;C:\Users\308211\.m2\repository\com\google\code\gson\gson\2.8.4\gson-2.8.4.jar;C:\Users\308211\.m2\repository\org\apache\httpcomponents\httpclient\4.5.5\httpclient-4.5.5.jar;C:\Users\308211\.m2\repository\org\apache\httpcomponents\httpcore\4.4.9\httpcore-4.4.9.jar;C:\Users\308211\.m2\repository\commons-codec\commons-codec\1.10\commons-codec-1.10.jar;C:\Users\308211\.m2\repository\cglib\cglib\3.2.6\cglib-3.2.6.jar;C:\Users\308211\.m2\repository\org\ow2\asm\asm\6.0\asm-6.0.jar;C:\Users\308211\.m2\repository\org\apache\ant\ant\1.9.6\ant-1.9.6.jar;C:\Users\308211\.m2\repository\org\apache\ant\ant-launcher\1.9.6\ant-launcher-1.9.6.jar;C:\Users\308211\.m2\repository\commons-validator\commons-validator\1.6\commons-validator-1.6.jar;C:\Users\308211\.m2\repository\commons-beanutils\commons-beanutils\1.9.2\commons-beanutils-1.9.2.jar;C:\Users\308211\.m2\repository\commons-digester\commons-digester\1.8.1\commons-digester-1.8.1.jar;C:\Users\308211\.m2\repository\org\springframework\spring-context\5.0.5.RELEASE\spring-context-5.0.5.RELEASE.jar;C:\Users\308211\.m2\repository\org\aspectj\aspectjweaver\1.9.1\aspectjweaver-1.9.1.jar;C:\Users\308211\.m2\repository\org\openpnp\opencv\3.2.0-1\opencv-3.2.0-1.jar;C:\Users\308211\.m2\repository\org\projectlombok\lombok\1.18.4\lombok-1.18.4.jar;C:\Users\308211\.m2\repository\log4j\log4j\1.2.17\log4j-1.2.17.jar;C:\Users\308211\.m2\repository\org\apache\poi\poi-ooxml\4.0.1\poi-ooxml-4.0.1.jar;C:\Users\308211\.m2\repository\org\apache\poi\poi\4.0.1\poi-4.0.1.jar;C:\Users\308211\.m2\repository\org\apache\commons\commons-collections4\4.2\commons-collections4-4.2.jar;C:\Users\308211\.m2\repository\org\apache\commons\commons-math3\3.6.1\commons-math3-3.6.1.jar;C:\Users\308211\.m2\repository\org\apache\poi\poi-ooxml-schemas\4.0.1\poi-ooxml-schemas-4.0.1.jar;C:\Users\308211\.m2\repository\org\apache\xmlbeans\xmlbeans\3.0.2\xmlbeans-3.0.2.jar;C:\Users\308211\.m2\repository\org\apache\commons\commons-compress\1.18\commons-compress-1.18.jar;C:\Users\308211\.m2\repository\com\github\virtuald\curvesapi\1.05\curvesapi-1.05.jar;C:\Users\308211\.m2\repository\org\json\json\20180813\json-20180813.jar;C:\Users\308211\.m2\repository\org\jboss\aerogear\aerogear-otp-java\1.0.0\aerogear-otp-java-1.0.0.jar;C:\Users\308211\.m2\repository\com\fasterxml\jackson\core\jackson-databind\2.10.0.pr1\jackson-databind-2.10.0.pr1.jar;C:\Users\308211\.m2\repository\com\fasterxml\jackson\core\jackson-annotations\2.10.0.pr1\jackson-annotations-2.10.0.pr1.jar;C:\Users\308211\.m2\repository\com\fasterxml\jackson\core\jackson-core\2.10.0.pr1\jackson-core-2.10.0.pr1.jar;C:\Users\308211\.m2\repository\io\github\bonigarcia\webdrivermanager\3.6.2\webdrivermanager-3.6.2.jar;C:\Users\308211\.m2\repository\org\slf4j\slf4j-api\1.7.25\slf4j-api-1.7.25.jar;C:\Users\308211\.m2\repository\org\rauschig\jarchivelib\1.0.0\jarchivelib-1.0.0.jar;C:\Users\308211\.m2\repository\com\googlecode\json-simple\json-simple\1.1\json-simple-1.1.jar;C:\Users\308211\.m2\repository\com\assertthat\selenium-shutterbug\0.8\selenium-shutterbug-0.8.jar;"/>
    <property name="sun.cpu.endian" value="little"/>
    <property name="user.home" value="C:\Users\308211"/>
    <property name="user.language" value="en"/>
    <property name="java.specification.vendor" value="Oracle Corporation"/>
    <property name="java.home" value="C:\Program Files\Java\jdk1.8.0_191\jre"/>
    <property name="basedir" value="C:\Users\308211\IdeaProjects\scaleautomation"/>
    <property name="file.separator" value="\"/>
    <property name="line.separator" value="&#10;"/>
    <property name="java.vm.specification.vendor" value="Oracle Corporation"/>
    <property name="java.specification.name" value="Java Platform API Specification"/>
    <property name="java.awt.graphicsenv" value="sun.awt.Win32GraphicsEnvironment"/>
    <property name="surefire.real.class.path" value="C:\Users\308211\AppData\Local\Temp\surefire2291979607938774233\surefirebooter5738965893230210058.jar"/>
    <property name="sun.boot.class.path" value="C:\Program Files\Java\jdk1.8.0_191\jre\lib\resources.jar;C:\Program Files\Java\jdk1.8.0_191\jre\lib\rt.jar;C:\Program Files\Java\jdk1.8.0_191\jre\lib\sunrsasign.jar;C:\Program Files\Java\jdk1.8.0_191\jre\lib\jsse.jar;C:\Program Files\Java\jdk1.8.0_191\jre\lib\jce.jar;C:\Program Files\Java\jdk1.8.0_191\jre\lib\charsets.jar;C:\Program Files\Java\jdk1.8.0_191\jre\lib\jfr.jar;C:\Program Files\Java\jdk1.8.0_191\jre\classes"/>
    <property name="user.script" value=""/>
    <property name="sun.management.compiler" value="HotSpot 64-Bit Tiered Compilers"/>
    <property name="java.runtime.version" value="1.8.0_191-b12"/>
    <property name="user.name" value="308211"/>
    <property name="path.separator" value=";"/>
    <property name="os.version" value="10.0"/>
    <property name="java.endorsed.dirs" value="C:\Program Files\Java\jdk1.8.0_191\jre\lib\endorsed"/>
    <property name="java.runtime.name" value="Java(TM) SE Runtime Environment"/>
    <property name="file.encoding" value="Cp1252"/>
    <property name="java.vm.name" value="Java HotSpot(TM) 64-Bit Server VM"/>
    <property name="localRepository" value="C:\Users\308211\.m2\repository"/>
    <property name="java.vendor.url.bug" value="http://bugreport.sun.com/bugreport/"/>
    <property name="java.io.tmpdir" value="C:\Users\308211\AppData\Local\Temp\"/>
    <property name="java.version" value="1.8.0_191"/>
    <property name="user.dir" value="C:\Users\308211\IdeaProjects\scaleautomation"/>
    <property name="os.arch" value="amd64"/>
    <property name="java.vm.specification.name" value="Java Virtual Machine Specification"/>
    <property name="java.awt.printerjob" value="sun.awt.windows.WPrinterJob"/>
    <property name="sun.os.patch.level" value=""/>
    <property name="java.library.path" value="C:\Program Files\Java\jdk1.8.0_191\jre\bin;C:\WINDOWS\Sun\Java\bin;C:\WINDOWS\system32;C:\WINDOWS;C:\Program Files (x86)\Common Files\Oracle\Java\javapath;C:\WINDOWS\system32;C:\WINDOWS;C:\WINDOWS\System32\Wbem;C:\WINDOWS\System32\WindowsPowerShell\v1.0\;C:\WINDOWS\System32\OpenSSH\;C:\Program Files (x86)\Webex\Webex\Applications;C:\Development_Avecto\bin;C:\Users\308211\AppData\Local\Microsoft\WindowsApps;C:\Development_Avecto\apache-maven-3.6.3-bin\apache-maven-3.6.3\bin;C:\Users\308211\AppData\Local\Programs\Git\cmd;."/>
    <property name="java.vm.info" value="mixed mode"/>
    <property name="java.vendor" value="Oracle Corporation"/>
    <property name="java.vm.version" value="25.191-b12"/>
    <property name="java.ext.dirs" value="C:\Program Files\Java\jdk1.8.0_191\jre\lib\ext;C:\WINDOWS\Sun\Java\lib\ext"/>
    <property name="sun.io.unicode.encoding" value="UnicodeLittle"/>
    <property name="java.class.version" value="52.0"/>
  </properties>
  <testcase name="To verify Buyer has provided with different recommendations &quot;techlot1b&quot;, lots &quot;1&quot;, service details &quot;wpsfm2&quot; on GM results page after initiating GM journey for framework &quot;cctv&quot; and answering different set of question as selects type of security &quot;Technical security&quot; and which technical services &quot;&lt;techserviceAreaOpt&gt;&quot; during the journey(GM Journey for FM2 framework " classname="Technical and Security journey branch) -&gt; See FM2 Updated schema from https://miro.com/app/board/o9J_kuCrpYQ=/ design link" time="131.633"/>
  <testcase name="To verify Buyer has provided with different recommendations &quot;techlot1b&quot;, lots &quot;1&quot;, service details &quot;wpsfm2&quot; on GM results page after initiating GM journey for framework &quot;cctv&quot; and answering different set of question as selects type of security &quot;Technical security&quot; and which technical services &quot;&lt;techserviceAreaOpt&gt;&quot; during the journey(GM Journey for FM2 framework " classname="Technical and Security journey branch) -&gt; See FM2 Updated schema from https://miro.com/app/board/o9J_kuCrpYQ=/ design link" time="131.693"/>
  <testcase name="To verify Buyer has provided with different recommendations &quot;techlot1b&quot;, lots &quot;1&quot;, service details &quot;wpsfm2&quot; on GM results page after initiating GM journey for framework &quot;cctv&quot; and answering different set of question as selects type of security &quot;Technical security&quot; and which technical services &quot;&lt;techserviceAreaOpt&gt;&quot; during the journey(GM Journey for FM2 framework " classname="Technical and Security journey branch) -&gt; See FM2 Updated schema from https://miro.com/app/board/o9J_kuCrpYQ=/ design link" time="195.114"/>
  <testcase name="To verify Buyer has provided with different recommendations &quot;techlot1b&quot;, lots &quot;1&quot;, service details &quot;wpsfm2&quot; on GM results page after initiating GM journey for framework &quot;cctv&quot; and answering different set of question as selects type of security &quot;Technical security&quot; and which technical services &quot;&lt;techserviceAreaOpt&gt;&quot; during the journey(GM Journey for FM2 framework " classname="Technical and Security journey branch) -&gt; See FM2 Updated schema from https://miro.com/app/board/o9J_kuCrpYQ=/ design link" time="193.841"/>
  <testcase name="To verify Buyer has provided with different recommendations &quot;seclot3&quot;, lots &quot;1&quot;, service details &quot;wpsfm2&quot; on GM results page after initiating GM journey for framework &quot;cctv&quot; and answering different set of question as selects type of security &quot;Security services&quot; and which technical services &quot;&lt;techserviceAreaOpt&gt;&quot; during the journey(GM Journey for FM2 framework " classname="Technical and Security journey branch) -&gt; See FM2 Updated schema from https://miro.com/app/board/o9J_kuCrpYQ=/ design link" time="331.06"/>
  <testcase name="To verify Buyer has provided with different recommendations &quot;seclot3&quot;, lots &quot;1&quot;, service details &quot;wpsfm2&quot; on GM results page after initiating GM journey for framework &quot;cctv&quot; and answering different set of question as selects type of security &quot;Security services&quot; and which technical services &quot;&lt;techserviceAreaOpt&gt;&quot; during the journey(GM Journey for FM2 framework " classname="Technical and Security journey branch) -&gt; See FM2 Updated schema from https://miro.com/app/board/o9J_kuCrpYQ=/ design link" time="188.777"/>
  <testcase name="To verify Buyer has provided with different recommendations &quot;seclot3&quot;, lots &quot;1&quot;, service details &quot;wpsfm2&quot; on GM results page after initiating GM journey for framework &quot;cctv&quot; and answering different set of question as selects type of security &quot;Security services&quot; and which technical services &quot;&lt;techserviceAreaOpt&gt;&quot; during the journey(GM Journey for FM2 framework " classname="Technical and Security journey branch) -&gt; See FM2 Updated schema from https://miro.com/app/board/o9J_kuCrpYQ=/ design link" time="227.538"/>
  <testcase name="To verify Buyer has provided with different recommendations &quot;seclot3&quot;, lots &quot;1&quot;, service details &quot;wpsfm2&quot; on GM results page after initiating GM journey for framework &quot;cctv&quot; and answering different set of question as selects type of security &quot;Security services&quot; and which technical services &quot;&lt;techserviceAreaOpt&gt;&quot; during the journey(GM Journey for FM2 framework " classname="Technical and Security journey branch) -&gt; See FM2 Updated schema from https://miro.com/app/board/o9J_kuCrpYQ=/ design link" time="149.46">
    <failure message="The question: &lt;What type of security services do you need?&gt; actual answer &lt;Alarm response centres, Guarding services and patrols, Helpdesk services &gt; is not equal with the expected one &lt;Guarding services and patrols, Alarm response centres, Helpdesk services&gt; expected:&lt;[Guarding services and patrols, Alarm response centre]s, Helpdesk services&gt; but was:&lt;[Alarm response centres, Guarding services and patrol]s, Helpdesk services&gt;" type="org.junit.ComparisonFailure"><![CDATA[org.junit.ComparisonFailure: The question: <What type of security services do you need?> actual answer <Alarm response centres, Guarding services and patrols, Helpdesk services > is not equal with the expected one <Guarding services and patrols, Alarm response centres, Helpdesk services> expected:<[Guarding services and patrols, Alarm response centre]s, Helpdesk services> but was:<[Alarm response centres, Guarding services and patrol]s, Helpdesk services>
]]></failure>
    <system-out><![CDATA[2020-09-08 16:51:11 INFO  TestContext:41 - =================To verify Buyer has provided with different recommendations "seclot3", lots "1", service details "wpsfm2" on GM results page after initiating GM journey for framework "cctv" and answering different set of question as selects type of security "Security services" and which technical services "<techserviceAreaOpt>" during the journey execution starts===================
2020-09-08 16:51:11 INFO  BrowserFactory:33 - Opening CHROME_HEADLESSbrowser
Started in thread: 14, in JVM: 22328@LTIBUK06252
2020-09-08 16:51:16 INFO  TestContext:54 - Successfully lunched the chrome browser
2020-09-08 16:51:17 INFO  BrowserFactory:96 -  launched
2020-09-08 16:51:24 INFO  HomePage:81 - Clicked on Start now button
2020-09-08 16:51:27 INFO  HomePage:92 - Buyer clicked on Security services radio button
2020-09-08 16:51:36 INFO  HomePage:81 - Clicked on Continue button
2020-09-08 16:51:39 INFO  HomePage:103 - Buyer clicked on Guarding services and patrols checkbox  button
2020-09-08 16:51:42 INFO  HomePage:103 - Buyer clicked on Alarm response centres checkbox  button
2020-09-08 16:51:45 INFO  HomePage:103 - Buyer clicked on Helpdesk services checkbox  button
2020-09-08 16:51:54 INFO  HomePage:81 - Clicked on Continue button
2020-09-08 16:51:57 INFO  HomePage:103 - Buyer clicked on Reception services checkbox  button
2020-09-08 16:52:05 INFO  HomePage:81 - Clicked on Continue button
2020-09-08 16:52:08 INFO  HomePage:92 - Buyer clicked on Ministry of Defence or defence infrastructure organisation radio button
2020-09-08 16:52:23 INFO  HomePage:81 - Clicked on Continue button
2020-09-08 16:53:32 INFO  BrowserFactory:126 - 
2020-09-08 16:53:39 INFO  TestContext:90 - =================To verify Buyer has provided with different recommendations "seclot3", lots "1", service details "wpsfm2" on GM results page after initiating GM journey for framework "cctv" and answering different set of question as selects type of security "Security services" and which technical services "<techserviceAreaOpt>" during the journey execution ends===================
]]></system-out>
    <system-err><![CDATA[Starting ChromeDriver 79.0.3945.36 (3582db32b33893869b8c1339e8f4d9ed1816f143-refs/branch-heads/3945@{#614}) on port 31127
Only local connections are allowed.
Please protect ports used by ChromeDriver and related test frameworks to prevent access by malicious code.
Sep 08, 2020 4:51:15 PM org.openqa.selenium.remote.ProtocolHandshake createSession
INFO: Detected dialect: W3C
]]></system-err>
  </testcase>
  <testcase name="To verify Buyer has provided with different recommendations &quot;seclot3&quot;, lots &quot;1&quot;, service details &quot;wpsfm2&quot; on GM results page after initiating GM journey for framework &quot;cctv&quot; and answering different set of question as selects type of security &quot;Security services&quot; and which technical services &quot;&lt;techserviceAreaOpt&gt;&quot; during the journey(GM Journey for FM2 framework " classname="Technical and Security journey branch) -&gt; See FM2 Updated schema from https://miro.com/app/board/o9J_kuCrpYQ=/ design link" time="177.638"/>
  <testcase name="To verify Buyer has provided with different recommendations &quot;seclot3&quot;, lots &quot;1&quot;, service details &quot;wpsfm2&quot; on GM results page after initiating GM journey for framework &quot;cctv&quot; and answering different set of question as selects type of security &quot;Security services&quot; and which technical services &quot;&lt;techserviceAreaOpt&gt;&quot; during the journey(GM Journey for FM2 framework " classname="Technical and Security journey branch) -&gt; See FM2 Updated schema from https://miro.com/app/board/o9J_kuCrpYQ=/ design link" time="217.265"/>
  <testcase name="To verify Buyer has provided with different recommendations &quot;seclot3&quot;, lots &quot;1&quot;, service details &quot;wpsfm2&quot; on GM results page after initiating GM journey for framework &quot;cctv&quot; and answering different set of question as selects type of security &quot;Security services&quot; and which technical services &quot;&lt;techserviceAreaOpt&gt;&quot; during the journey(GM Journey for FM2 framework " classname="Technical and Security journey branch) -&gt; See FM2 Updated schema from https://miro.com/app/board/o9J_kuCrpYQ=/ design link" time="196.18"/>
  <testcase name="To verify Buyer has provided with different recommendations &quot;seclot3&quot;, lots &quot;1&quot;, service details &quot;wpsfm2&quot; on GM results page after initiating GM journey for framework &quot;cctv&quot; and answering different set of question as selects type of security &quot;Security services&quot; and which technical services &quot;&lt;techserviceAreaOpt&gt;&quot; during the journey(GM Journey for FM2 framework " classname="Technical and Security journey branch) -&gt; See FM2 Updated schema from https://miro.com/app/board/o9J_kuCrpYQ=/ design link" time="143.89"/>
  <testcase name="To verify Buyer has provided with different recommendations &quot;seclot3&quot;, lots &quot;1&quot;, service details &quot;wpsfm2&quot; on GM results page after initiating GM journey for framework &quot;cctv&quot; and answering different set of question as selects type of security &quot;Security services&quot; and which technical services &quot;&lt;techserviceAreaOpt&gt;&quot; during the journey(GM Journey for FM2 framework " classname="Technical and Security journey branch) -&gt; See FM2 Updated schema from https://miro.com/app/board/o9J_kuCrpYQ=/ design link" time="65.834">
    <error message="no such element: Unable to locate element: {&quot;method&quot;:&quot;xpath&quot;,&quot;selector&quot;:&quot;//*[contains(text(),&apos; Alarm response centres&apos;)]//preceding-sibling::input[@type=&apos;checkbox&apos;]&quot;}&#10;  (Session info: headless chrome=79.0.3945.130)&#10;For documentation on this error, please visit: https://www.seleniumhq.org/exceptions/no_such_element.html&#10;Build info: version: &apos;3.141.59&apos;, revision: &apos;e82be7d358&apos;, time: &apos;2018-11-14T08:17:03&apos;&#10;System info: host: &apos;LTIBUK06252&apos;, ip: &apos;192.168.0.14&apos;, os.name: &apos;Windows 10&apos;, os.arch: &apos;amd64&apos;, os.version: &apos;10.0&apos;, java.version: &apos;1.8.0_191&apos;&#10;Driver info: org.openqa.selenium.chrome.ChromeDriver&#10;Capabilities {acceptInsecureCerts: false, browserName: chrome, browserVersion: 79.0.3945.130, chrome: {chromedriverVersion: 79.0.3945.36 (3582db32b3389..., userDataDir: C:\Users\308211\AppData\Loc...}, goog:chromeOptions: {debuggerAddress: localhost:64972}, javascriptEnabled: true, networkConnectionEnabled: false, pageLoadStrategy: normal, platform: WINDOWS, platformName: WINDOWS, proxy: Proxy(), setWindowRect: true, strictFileInteractability: false, timeouts: {implicit: 0, pageLoad: 300000, script: 30000}, unhandledPromptBehavior: dismiss and notify}&#10;Session ID: 4843ed3d177d2e07cb7cb32b3c30892d&#10;*** Element info: {Using=xpath, value=//*[contains(text(),&apos; Alarm response centres&apos;)]//preceding-sibling::input[@type=&apos;checkbox&apos;]}" type="org.openqa.selenium.NoSuchElementException">org.openqa.selenium.NoSuchElementException: 
no such element: Unable to locate element: {"method":"xpath","selector":"//*[contains(text(),' Alarm response centres')]//preceding-sibling::input[@type='checkbox']"}
  (Session info: headless chrome=79.0.3945.130)
For documentation on this error, please visit: https://www.seleniumhq.org/exceptions/no_such_element.html
Build info: version: '3.141.59', revision: 'e82be7d358', time: '2018-11-14T08:17:03'
System info: host: 'LTIBUK06252', ip: '192.168.0.14', os.name: 'Windows 10', os.arch: 'amd64', os.version: '10.0', java.version: '1.8.0_191'
Driver info: org.openqa.selenium.chrome.ChromeDriver
Capabilities {acceptInsecureCerts: false, browserName: chrome, browserVersion: 79.0.3945.130, chrome: {chromedriverVersion: 79.0.3945.36 (3582db32b3389..., userDataDir: C:\Users\308211\AppData\Loc...}, goog:chromeOptions: {debuggerAddress: localhost:64972}, javascriptEnabled: true, networkConnectionEnabled: false, pageLoadStrategy: normal, platform: WINDOWS, platformName: WINDOWS, proxy: Proxy(), setWindowRect: true, strictFileInteractability: false, timeouts: {implicit: 0, pageLoad: 300000, script: 30000}, unhandledPromptBehavior: dismiss and notify}
Session ID: 4843ed3d177d2e07cb7cb32b3c30892d
*** Element info: {Using=xpath, value=//*[contains(text(),' Alarm response centres')]//preceding-sibling::input[@type='checkbox']}
</error>
    <system-out><![CDATA[2020-09-08 17:05:55 INFO  TestContext:41 - =================To verify Buyer has provided with different recommendations "seclot3", lots "1", service details "wpsfm2" on GM results page after initiating GM journey for framework "cctv" and answering different set of question as selects type of security "Security services" and which technical services "<techserviceAreaOpt>" during the journey execution starts===================
2020-09-08 17:05:55 INFO  BrowserFactory:33 - Opening CHROME_HEADLESSbrowser
Started in thread: 14, in JVM: 22328@LTIBUK06252
2020-09-08 17:06:17 INFO  TestContext:54 - Successfully lunched the chrome browser
2020-09-08 17:06:27 INFO  BrowserFactory:96 -  launched
2020-09-08 17:06:35 INFO  HomePage:81 - Clicked on Start now button
2020-09-08 17:06:38 INFO  HomePage:92 - Buyer clicked on Security services radio button
2020-09-08 17:06:50 INFO  HomePage:81 - Clicked on Continue button
2020-09-08 17:06:53 INFO  HomePage:103 - Buyer clicked on Physical security checkbox  button
2020-09-08 17:06:56 INFO  BrowserFactory:126 - 
2020-09-08 17:07:00 INFO  TestContext:90 - =================To verify Buyer has provided with different recommendations "seclot3", lots "1", service details "wpsfm2" on GM results page after initiating GM journey for framework "cctv" and answering different set of question as selects type of security "Security services" and which technical services "<techserviceAreaOpt>" during the journey execution ends===================
]]></system-out>
    <system-err><![CDATA[Starting ChromeDriver 79.0.3945.36 (3582db32b33893869b8c1339e8f4d9ed1816f143-refs/branch-heads/3945@{#614}) on port 11459
Only local connections are allowed.
Please protect ports used by ChromeDriver and related test frameworks to prevent access by malicious code.
[1599581169.114][WARNING]: Timed out connecting to Chrome, retrying...
[1599581173.130][WARNING]: Timed out connecting to Chrome, retrying...
Sep 08, 2020 5:06:15 PM org.openqa.selenium.remote.ProtocolHandshake createSession
INFO: Detected dialect: W3C
]]></system-err>
  </testcase>
  <testcase name="To verify Buyer has provided with different recommendations &quot;seclot3&quot;, lots &quot;1&quot;, service details &quot;wpsfm2&quot; on GM results page after initiating GM journey for framework &quot;cctv&quot; and answering different set of question as selects type of security &quot;Security services&quot; and which technical services &quot;&lt;techserviceAreaOpt&gt;&quot; during the journey(GM Journey for FM2 framework " classname="Technical and Security journey branch) -&gt; See FM2 Updated schema from https://miro.com/app/board/o9J_kuCrpYQ=/ design link" time="154.978">
    <failure message="The question: &lt;What type of security services do you need?&gt; actual answer &lt;Design of security systems, Electronic security, Security risk assessment &gt; is not equal with the expected one &lt;Security risk assessment, Design of security systems, Electronic security&gt; expected:&lt;[Security risk assessment, Design of security systems, Electronic security]&gt; but was:&lt;[Design of security systems, Electronic security, Security risk assessment]&gt;" type="org.junit.ComparisonFailure"><![CDATA[org.junit.ComparisonFailure: The question: <What type of security services do you need?> actual answer <Design of security systems, Electronic security, Security risk assessment > is not equal with the expected one <Security risk assessment, Design of security systems, Electronic security> expected:<[Security risk assessment, Design of security systems, Electronic security]> but was:<[Design of security systems, Electronic security, Security risk assessment]>
]]></failure>
    <system-out><![CDATA[2020-09-08 17:07:01 INFO  TestContext:41 - =================To verify Buyer has provided with different recommendations "seclot3", lots "1", service details "wpsfm2" on GM results page after initiating GM journey for framework "cctv" and answering different set of question as selects type of security "Security services" and which technical services "<techserviceAreaOpt>" during the journey execution starts===================
2020-09-08 17:07:01 INFO  BrowserFactory:33 - Opening CHROME_HEADLESSbrowser
Started in thread: 14, in JVM: 22328@LTIBUK06252
2020-09-08 17:07:08 INFO  TestContext:54 - Successfully lunched the chrome browser
2020-09-08 17:07:31 INFO  BrowserFactory:96 -  launched
2020-09-08 17:07:41 INFO  HomePage:81 - Clicked on Start now button
2020-09-08 17:07:44 INFO  HomePage:92 - Buyer clicked on Security services radio button
2020-09-08 17:07:55 INFO  HomePage:81 - Clicked on Continue button
2020-09-08 17:07:58 INFO  HomePage:103 - Buyer clicked on Security risk assessment checkbox  button
2020-09-08 17:08:01 INFO  HomePage:103 - Buyer clicked on Design of security systems checkbox  button
2020-09-08 17:08:05 INFO  HomePage:103 - Buyer clicked on Electronic security checkbox  button
2020-09-08 17:08:18 INFO  HomePage:81 - Clicked on Continue button
2020-09-08 17:08:21 INFO  HomePage:103 - Buyer clicked on Reception services checkbox  button
2020-09-08 17:08:24 INFO  HomePage:103 - Buyer clicked on Waste services checkbox  button
2020-09-08 17:08:34 INFO  HomePage:81 - Clicked on Continue button
2020-09-08 17:08:37 INFO  HomePage:92 - Buyer clicked on Ministry of Defence or defence infrastructure organisation radio button
2020-09-08 17:08:49 INFO  HomePage:81 - Clicked on Continue button
2020-09-08 17:09:29 INFO  BrowserFactory:126 - 
2020-09-08 17:09:35 INFO  TestContext:90 - =================To verify Buyer has provided with different recommendations "seclot3", lots "1", service details "wpsfm2" on GM results page after initiating GM journey for framework "cctv" and answering different set of question as selects type of security "Security services" and which technical services "<techserviceAreaOpt>" during the journey execution ends===================
]]></system-out>
    <system-err><![CDATA[Starting ChromeDriver 79.0.3945.36 (3582db32b33893869b8c1339e8f4d9ed1816f143-refs/branch-heads/3945@{#614}) on port 3448
Only local connections are allowed.
Please protect ports used by ChromeDriver and related test frameworks to prevent access by malicious code.
[1599581225.900][WARNING]: Timed out connecting to Chrome, retrying...
Sep 08, 2020 5:07:07 PM org.openqa.selenium.remote.ProtocolHandshake createSession
INFO: Detected dialect: W3C
]]></system-err>
  </testcase>
  <testcase name="To verify Buyer has provided with different recommendations &quot;&lt;recommendation&gt;&quot;, lots &quot;&lt;lots&gt;&quot;, service details &quot;fmmDetails&quot; on GM results page after initiating GM journey for framework &quot;cctv&quot; and answering different set of question as selects type of security &quot;Security services&quot; and which technical services &quot;&lt;techserviceAreaOpt&gt;&quot; during the journey(GM Journey for FM2 framework " classname="Technical and Security journey branch) -&gt; See FM2 Updated schema from https://miro.com/app/board/o9J_kuCrpYQ=/ design link" time="190.537"/>
  <testcase name="To verify Buyer has provided with different recommendations &quot;&lt;recommendation&gt;&quot;, lots &quot;&lt;lots&gt;&quot;, service details &quot;fmmDetails&quot; on GM results page after initiating GM journey for framework &quot;cctv&quot; and answering different set of question as selects type of security &quot;Security services&quot; and which technical services &quot;&lt;techserviceAreaOpt&gt;&quot; during the journey(GM Journey for FM2 framework " classname="Technical and Security journey branch) -&gt; See FM2 Updated schema from https://miro.com/app/board/o9J_kuCrpYQ=/ design link" time="157.888"/>
  <testcase name="To verify Buyer has provided with different recommendations &quot;&lt;recommendation&gt;&quot;, lots &quot;&lt;lots&gt;&quot;, service details &quot;fmmDetails&quot; on GM results page after initiating GM journey for framework &quot;cctv&quot; and answering different set of question as selects type of security &quot;Security services&quot; and which technical services &quot;&lt;techserviceAreaOpt&gt;&quot; during the journey(GM Journey for FM2 framework " classname="Technical and Security journey branch) -&gt; See FM2 Updated schema from https://miro.com/app/board/o9J_kuCrpYQ=/ design link" time="163.726"/>
  <testcase name="To verify Buyer has provided with different recommendations &quot;&lt;recommendation&gt;&quot;, lots &quot;&lt;lots&gt;&quot;, service details &quot;fmmDetails&quot; on GM results page after initiating GM journey for framework &quot;cctv&quot; and answering different set of question as selects type of security &quot;Security services&quot; and which technical services &quot;&lt;techserviceAreaOpt&gt;&quot; during the journey(GM Journey for FM2 framework " classname="Technical and Security journey branch) -&gt; See FM2 Updated schema from https://miro.com/app/board/o9J_kuCrpYQ=/ design link" time="162.177">
    <failure message="The question: &lt;Do you need any additional facility management services?&gt; actual answer &lt;Reception services, Statutory inspections and testing, Waste services &gt; is not equal with the expected one &lt;Statutory inspections and testing, Reception services, Waste services&gt; expected:&lt;[Statutory inspections and testing, Reception services], Waste services&gt; but was:&lt;[Reception services, Statutory inspections and testing], Waste services&gt;" type="org.junit.ComparisonFailure"><![CDATA[org.junit.ComparisonFailure: The question: <Do you need any additional facility management services?> actual answer <Reception services, Statutory inspections and testing, Waste services > is not equal with the expected one <Statutory inspections and testing, Reception services, Waste services> expected:<[Statutory inspections and testing, Reception services], Waste services> but was:<[Reception services, Statutory inspections and testing], Waste services>
]]></failure>
    <system-out><![CDATA[2020-09-08 17:18:08 INFO  TestContext:41 - =================To verify Buyer has provided with different recommendations "<recommendation>", lots "<lots>", service details "fmmDetails" on GM results page after initiating GM journey for framework "cctv" and answering different set of question as selects type of security "Security services" and which technical services "<techserviceAreaOpt>" during the journey execution starts===================
2020-09-08 17:18:08 INFO  BrowserFactory:33 - Opening CHROME_HEADLESSbrowser
Started in thread: 14, in JVM: 22328@LTIBUK06252
2020-09-08 17:18:12 INFO  TestContext:54 - Successfully lunched the chrome browser
2020-09-08 17:18:13 INFO  BrowserFactory:96 -  launched
2020-09-08 17:18:22 INFO  HomePage:81 - Clicked on Start now button
2020-09-08 17:18:25 INFO  HomePage:92 - Buyer clicked on Security services radio button
2020-09-08 17:18:36 INFO  HomePage:81 - Clicked on Continue button
2020-09-08 17:18:39 INFO  HomePage:103 - Buyer clicked on Security risk assessment checkbox  button
2020-09-08 17:18:51 INFO  HomePage:81 - Clicked on Continue button
2020-09-08 17:18:54 INFO  HomePage:103 - Buyer clicked on Statutory inspections and testing checkbox  button
2020-09-08 17:18:57 INFO  HomePage:103 - Buyer clicked on Reception services checkbox  button
2020-09-08 17:19:01 INFO  HomePage:103 - Buyer clicked on Waste services checkbox  button
2020-09-08 17:19:18 INFO  HomePage:81 - Clicked on Continue button
2020-09-08 17:19:21 INFO  HomePage:92 - Buyer clicked on Central Government radio button
2020-09-08 17:19:32 INFO  HomePage:81 - Clicked on Continue button
2020-09-08 17:20:43 INFO  BrowserFactory:126 - 
2020-09-08 17:20:49 INFO  TestContext:90 - =================To verify Buyer has provided with different recommendations "<recommendation>", lots "<lots>", service details "fmmDetails" on GM results page after initiating GM journey for framework "cctv" and answering different set of question as selects type of security "Security services" and which technical services "<techserviceAreaOpt>" during the journey execution ends===================
]]></system-out>
    <system-err><![CDATA[Starting ChromeDriver 79.0.3945.36 (3582db32b33893869b8c1339e8f4d9ed1816f143-refs/branch-heads/3945@{#614}) on port 44077
Only local connections are allowed.
Please protect ports used by ChromeDriver and related test frameworks to prevent access by malicious code.
Sep 08, 2020 5:18:11 PM org.openqa.selenium.remote.ProtocolHandshake createSession
INFO: Detected dialect: W3C
]]></system-err>
  </testcase>
  <testcase name="To verify Buyer has provided with different recommendations &quot;&lt;recommendation&gt;&quot;, lots &quot;&lt;lots&gt;&quot;, service details &quot;fmmDetails&quot; on GM results page after initiating GM journey for framework &quot;cctv&quot; and answering different set of question as selects type of security &quot;Security services&quot; and which technical services &quot;&lt;techserviceAreaOpt&gt;&quot; during the journey(GM Journey for FM2 framework " classname="Technical and Security journey branch) -&gt; See FM2 Updated schema from https://miro.com/app/board/o9J_kuCrpYQ=/ design link" time="106.486">
    <failure message="The question: &lt;Do you need any additional facility management services?&gt; actual answer &lt;Cleaning services, Statutory inspections and testing, Waste services &gt; is not equal with the expected one &lt;Statutory inspections and testing, Cleaning services, Waste services&gt; expected:&lt;[Statutory inspections and testing, Cleaning services], Waste services&gt; but was:&lt;[Cleaning services, Statutory inspections and testing], Waste services&gt;" type="org.junit.ComparisonFailure"><![CDATA[org.junit.ComparisonFailure: The question: <Do you need any additional facility management services?> actual answer <Cleaning services, Statutory inspections and testing, Waste services > is not equal with the expected one <Statutory inspections and testing, Cleaning services, Waste services> expected:<[Statutory inspections and testing, Cleaning services], Waste services> but was:<[Cleaning services, Statutory inspections and testing], Waste services>
]]></failure>
    <system-out><![CDATA[2020-09-08 17:20:50 INFO  TestContext:41 - =================To verify Buyer has provided with different recommendations "<recommendation>", lots "<lots>", service details "fmmDetails" on GM results page after initiating GM journey for framework "cctv" and answering different set of question as selects type of security "Security services" and which technical services "<techserviceAreaOpt>" during the journey execution starts===================
2020-09-08 17:20:50 INFO  BrowserFactory:33 - Opening CHROME_HEADLESSbrowser
Started in thread: 14, in JVM: 22328@LTIBUK06252
2020-09-08 17:20:55 INFO  TestContext:54 - Successfully lunched the chrome browser
2020-09-08 17:20:58 INFO  BrowserFactory:96 -  launched
2020-09-08 17:21:06 INFO  HomePage:81 - Clicked on Start now button
2020-09-08 17:21:09 INFO  HomePage:92 - Buyer clicked on Security services radio button
2020-09-08 17:21:19 INFO  HomePage:81 - Clicked on Continue button
2020-09-08 17:21:22 INFO  HomePage:103 - Buyer clicked on Electronic security checkbox  button
2020-09-08 17:21:33 INFO  HomePage:81 - Clicked on Continue button
2020-09-08 17:21:36 INFO  HomePage:103 - Buyer clicked on Statutory inspections and testing checkbox  button
2020-09-08 17:21:39 INFO  HomePage:103 - Buyer clicked on Cleaning services checkbox  button
2020-09-08 17:21:42 INFO  HomePage:103 - Buyer clicked on Waste services checkbox  button
2020-09-08 17:21:51 INFO  HomePage:81 - Clicked on Continue button
2020-09-08 17:21:54 INFO  HomePage:92 - Buyer clicked on Central Government radio button
2020-09-08 17:22:03 INFO  HomePage:81 - Clicked on Continue button
2020-09-08 17:22:31 INFO  BrowserFactory:126 - 
2020-09-08 17:22:36 INFO  TestContext:90 - =================To verify Buyer has provided with different recommendations "<recommendation>", lots "<lots>", service details "fmmDetails" on GM results page after initiating GM journey for framework "cctv" and answering different set of question as selects type of security "Security services" and which technical services "<techserviceAreaOpt>" during the journey execution ends===================
]]></system-out>
    <system-err><![CDATA[Starting ChromeDriver 79.0.3945.36 (3582db32b33893869b8c1339e8f4d9ed1816f143-refs/branch-heads/3945@{#614}) on port 4656
Only local connections are allowed.
Please protect ports used by ChromeDriver and related test frameworks to prevent access by malicious code.
Sep 08, 2020 5:20:54 PM org.openqa.selenium.remote.ProtocolHandshake createSession
INFO: Detected dialect: W3C
]]></system-err>
  </testcase>
  <testcase name="To verify Buyer has provided with different recommendations &quot;&lt;recommendation&gt;&quot;, lots &quot;&lt;lots&gt;&quot;, service details &quot;fmmDetails&quot; on GM results page after initiating GM journey for framework &quot;cctv&quot; and answering different set of question as selects type of security &quot;Security services&quot; and which technical services &quot;&lt;techserviceAreaOpt&gt;&quot; during the journey(GM Journey for FM2 framework " classname="Technical and Security journey branch) -&gt; See FM2 Updated schema from https://miro.com/app/board/o9J_kuCrpYQ=/ design link" time="41.88">
    <error message="no such element: Unable to locate element: {&quot;method&quot;:&quot;xpath&quot;,&quot;selector&quot;:&quot;//*[contains(text(),&apos; Alarm response centres&apos;)]//preceding-sibling::input[@type=&apos;checkbox&apos;]&quot;}&#10;  (Session info: headless chrome=79.0.3945.130)&#10;For documentation on this error, please visit: https://www.seleniumhq.org/exceptions/no_such_element.html&#10;Build info: version: &apos;3.141.59&apos;, revision: &apos;e82be7d358&apos;, time: &apos;2018-11-14T08:17:03&apos;&#10;System info: host: &apos;LTIBUK06252&apos;, ip: &apos;192.168.0.14&apos;, os.name: &apos;Windows 10&apos;, os.arch: &apos;amd64&apos;, os.version: &apos;10.0&apos;, java.version: &apos;1.8.0_191&apos;&#10;Driver info: org.openqa.selenium.chrome.ChromeDriver&#10;Capabilities {acceptInsecureCerts: false, browserName: chrome, browserVersion: 79.0.3945.130, chrome: {chromedriverVersion: 79.0.3945.36 (3582db32b3389..., userDataDir: C:\Users\308211\AppData\Loc...}, goog:chromeOptions: {debuggerAddress: localhost:50049}, javascriptEnabled: true, networkConnectionEnabled: false, pageLoadStrategy: normal, platform: WINDOWS, platformName: WINDOWS, proxy: Proxy(), setWindowRect: true, strictFileInteractability: false, timeouts: {implicit: 0, pageLoad: 300000, script: 30000}, unhandledPromptBehavior: dismiss and notify}&#10;Session ID: c2471d0f9471ae73a61e1bd8da419719&#10;*** Element info: {Using=xpath, value=//*[contains(text(),&apos; Alarm response centres&apos;)]//preceding-sibling::input[@type=&apos;checkbox&apos;]}" type="org.openqa.selenium.NoSuchElementException">org.openqa.selenium.NoSuchElementException: 
no such element: Unable to locate element: {"method":"xpath","selector":"//*[contains(text(),' Alarm response centres')]//preceding-sibling::input[@type='checkbox']"}
  (Session info: headless chrome=79.0.3945.130)
For documentation on this error, please visit: https://www.seleniumhq.org/exceptions/no_such_element.html
Build info: version: '3.141.59', revision: 'e82be7d358', time: '2018-11-14T08:17:03'
System info: host: 'LTIBUK06252', ip: '192.168.0.14', os.name: 'Windows 10', os.arch: 'amd64', os.version: '10.0', java.version: '1.8.0_191'
Driver info: org.openqa.selenium.chrome.ChromeDriver
Capabilities {acceptInsecureCerts: false, browserName: chrome, browserVersion: 79.0.3945.130, chrome: {chromedriverVersion: 79.0.3945.36 (3582db32b3389..., userDataDir: C:\Users\308211\AppData\Loc...}, goog:chromeOptions: {debuggerAddress: localhost:50049}, javascriptEnabled: true, networkConnectionEnabled: false, pageLoadStrategy: normal, platform: WINDOWS, platformName: WINDOWS, proxy: Proxy(), setWindowRect: true, strictFileInteractability: false, timeouts: {implicit: 0, pageLoad: 300000, script: 30000}, unhandledPromptBehavior: dismiss and notify}
Session ID: c2471d0f9471ae73a61e1bd8da419719
*** Element info: {Using=xpath, value=//*[contains(text(),' Alarm response centres')]//preceding-sibling::input[@type='checkbox']}
</error>
    <system-out><![CDATA[2020-09-08 17:22:37 INFO  TestContext:41 - =================To verify Buyer has provided with different recommendations "<recommendation>", lots "<lots>", service details "fmmDetails" on GM results page after initiating GM journey for framework "cctv" and answering different set of question as selects type of security "Security services" and which technical services "<techserviceAreaOpt>" during the journey execution starts===================
2020-09-08 17:22:37 INFO  BrowserFactory:33 - Opening CHROME_HEADLESSbrowser
Started in thread: 14, in JVM: 22328@LTIBUK06252
2020-09-08 17:22:40 INFO  TestContext:54 - Successfully lunched the chrome browser
2020-09-08 17:22:42 INFO  BrowserFactory:96 -  launched
2020-09-08 17:22:48 INFO  HomePage:81 - Clicked on Start now button
2020-09-08 17:22:51 INFO  HomePage:92 - Buyer clicked on Security services radio button
2020-09-08 17:22:59 INFO  HomePage:81 - Clicked on Continue button
2020-09-08 17:23:02 INFO  HomePage:103 - Buyer clicked on Physical security checkbox  button
2020-09-08 17:23:06 INFO  BrowserFactory:126 - 
2020-09-08 17:23:10 INFO  TestContext:90 - =================To verify Buyer has provided with different recommendations "<recommendation>", lots "<lots>", service details "fmmDetails" on GM results page after initiating GM journey for framework "cctv" and answering different set of question as selects type of security "Security services" and which technical services "<techserviceAreaOpt>" during the journey execution ends===================
]]></system-out>
    <system-err><![CDATA[Starting ChromeDriver 79.0.3945.36 (3582db32b33893869b8c1339e8f4d9ed1816f143-refs/branch-heads/3945@{#614}) on port 37680
Only local connections are allowed.
Please protect ports used by ChromeDriver and related test frameworks to prevent access by malicious code.
Sep 08, 2020 5:22:39 PM org.openqa.selenium.remote.ProtocolHandshake createSession
INFO: Detected dialect: W3C
Sep 08, 2020 5:23:18 PM org.openqa.selenium.os.OsProcess destroy
SEVERE: Unable to kill process java.lang.ProcessImpl@1a1a4c16
]]></system-err>
  </testcase>
  <testcase name="To verify Buyer has provided with different recommendations &quot;&lt;recommendation&gt;&quot;, lots &quot;&lt;lots&gt;&quot;, service details &quot;fmmDetails&quot; on GM results page after initiating GM journey for framework &quot;cctv&quot; and answering different set of question as selects type of security &quot;Security services&quot; and which technical services &quot;&lt;techserviceAreaOpt&gt;&quot; during the journey(GM Journey for FM2 framework " classname="Technical and Security journey branch) -&gt; See FM2 Updated schema from https://miro.com/app/board/o9J_kuCrpYQ=/ design link" time="148.234">
    <failure message="The question: &lt;Do you need any additional facility management services?&gt; actual answer &lt;Reception services, Statutory inspections and testing, Waste services &gt; is not equal with the expected one &lt;Statutory inspections and testing, Reception services, Waste services&gt; expected:&lt;[Statutory inspections and testing, Reception services], Waste services&gt; but was:&lt;[Reception services, Statutory inspections and testing], Waste services&gt;" type="org.junit.ComparisonFailure"><![CDATA[org.junit.ComparisonFailure: The question: <Do you need any additional facility management services?> actual answer <Reception services, Statutory inspections and testing, Waste services > is not equal with the expected one <Statutory inspections and testing, Reception services, Waste services> expected:<[Statutory inspections and testing, Reception services], Waste services> but was:<[Reception services, Statutory inspections and testing], Waste services>
]]></failure>
    <system-out><![CDATA[2020-09-08 17:23:18 INFO  TestContext:41 - =================To verify Buyer has provided with different recommendations "<recommendation>", lots "<lots>", service details "fmmDetails" on GM results page after initiating GM journey for framework "cctv" and answering different set of question as selects type of security "Security services" and which technical services "<techserviceAreaOpt>" during the journey execution starts===================
2020-09-08 17:23:18 INFO  BrowserFactory:33 - Opening CHROME_HEADLESSbrowser
Started in thread: 14, in JVM: 22328@LTIBUK06252
2020-09-08 17:23:29 INFO  TestContext:54 - Successfully lunched the chrome browser
2020-09-08 17:23:31 INFO  BrowserFactory:96 -  launched
2020-09-08 17:23:37 INFO  HomePage:81 - Clicked on Start now button
2020-09-08 17:23:40 INFO  HomePage:92 - Buyer clicked on Security services radio button
2020-09-08 17:23:51 INFO  HomePage:81 - Clicked on Continue button
2020-09-08 17:23:54 INFO  HomePage:103 - Buyer clicked on Security risk assessment checkbox  button
2020-09-08 17:24:12 INFO  HomePage:81 - Clicked on Continue button
2020-09-08 17:24:15 INFO  HomePage:103 - Buyer clicked on Statutory inspections and testing checkbox  button
2020-09-08 17:24:18 INFO  HomePage:103 - Buyer clicked on Reception services checkbox  button
2020-09-08 17:24:21 INFO  HomePage:103 - Buyer clicked on Waste services checkbox  button
2020-09-08 17:24:32 INFO  HomePage:81 - Clicked on Continue button
2020-09-08 17:24:35 INFO  HomePage:92 - Buyer clicked on Central Government radio button
2020-09-08 17:24:44 INFO  HomePage:81 - Clicked on Continue button
2020-09-08 17:25:40 INFO  BrowserFactory:126 - 
2020-09-08 17:25:46 INFO  TestContext:90 - =================To verify Buyer has provided with different recommendations "<recommendation>", lots "<lots>", service details "fmmDetails" on GM results page after initiating GM journey for framework "cctv" and answering different set of question as selects type of security "Security services" and which technical services "<techserviceAreaOpt>" during the journey execution ends===================
]]></system-out>
    <system-err><![CDATA[Starting ChromeDriver 79.0.3945.36 (3582db32b33893869b8c1339e8f4d9ed1816f143-refs/branch-heads/3945@{#614}) on port 3807
Only local connections are allowed.
Please protect ports used by ChromeDriver and related test frameworks to prevent access by malicious code.
[1599582206.754][WARNING]: Timed out connecting to Chrome, retrying...
Sep 08, 2020 5:23:28 PM org.openqa.selenium.remote.ProtocolHandshake createSession
INFO: Detected dialect: W3C
]]></system-err>
  </testcase>
  <testcase name="To verify Buyer has provided with different recommendations &quot;&lt;recommendation&gt;&quot;, lots &quot;&lt;lots&gt;&quot;, service details &quot;fmmDetails&quot; on GM results page after initiating GM journey for framework &quot;cctv&quot; and answering different set of question as selects type of security &quot;Security services&quot; and which technical services &quot;&lt;techserviceAreaOpt&gt;&quot; during the journey(GM Journey for FM2 framework " classname="Technical and Security journey branch) -&gt; See FM2 Updated schema from https://miro.com/app/board/o9J_kuCrpYQ=/ design link" time="169.192"/>
  <testcase name="To verify Buyer has provided with different recommendations &quot;&lt;recommendation&gt;&quot;, lots &quot;&lt;lots&gt;&quot;, service details &quot;fmmDetails&quot; on GM results page after initiating GM journey for framework &quot;cctv&quot; and answering different set of question as selects type of security &quot;Security services&quot; and which technical services &quot;&lt;techserviceAreaOpt&gt;&quot; during the journey(GM Journey for FM2 framework " classname="Technical and Security journey branch) -&gt; See FM2 Updated schema from https://miro.com/app/board/o9J_kuCrpYQ=/ design link" time="117.255">
    <failure message="The question: &lt;What type of security services do you need?&gt; actual answer &lt;Electronic security, Guarding services and patrols &gt; is not equal with the expected one &lt;Guarding services and patrols, Electronic security&gt; expected:&lt;[Guarding services and patrols, Electronic security]&gt; but was:&lt;[Electronic security, Guarding services and patrols]&gt;" type="org.junit.ComparisonFailure"><![CDATA[org.junit.ComparisonFailure: The question: <What type of security services do you need?> actual answer <Electronic security, Guarding services and patrols > is not equal with the expected one <Guarding services and patrols, Electronic security> expected:<[Guarding services and patrols, Electronic security]> but was:<[Electronic security, Guarding services and patrols]>
]]></failure>
    <system-out><![CDATA[2020-09-08 17:28:36 INFO  TestContext:41 - =================To verify Buyer has provided with different recommendations "<recommendation>", lots "<lots>", service details "fmmDetails" on GM results page after initiating GM journey for framework "cctv" and answering different set of question as selects type of security "Security services" and which technical services "<techserviceAreaOpt>" during the journey execution starts===================
2020-09-08 17:28:36 INFO  BrowserFactory:33 - Opening CHROME_HEADLESSbrowser
Started in thread: 14, in JVM: 22328@LTIBUK06252
2020-09-08 17:28:48 INFO  TestContext:54 - Successfully lunched the chrome browser
2020-09-08 17:28:59 INFO  BrowserFactory:96 -  launched
2020-09-08 17:29:05 INFO  HomePage:81 - Clicked on Start now button
2020-09-08 17:29:08 INFO  HomePage:92 - Buyer clicked on Security services radio button
2020-09-08 17:29:18 INFO  HomePage:81 - Clicked on Continue button
2020-09-08 17:29:21 INFO  HomePage:103 - Buyer clicked on Guarding services and patrols checkbox  button
2020-09-08 17:29:24 INFO  HomePage:103 - Buyer clicked on Electronic security checkbox  button
2020-09-08 17:29:35 INFO  HomePage:81 - Clicked on Continue button
2020-09-08 17:29:38 INFO  HomePage:103 - Buyer clicked on Statutory inspections and testing checkbox  button
2020-09-08 17:29:41 INFO  HomePage:103 - Buyer clicked on Reception services checkbox  button
2020-09-08 17:29:50 INFO  HomePage:81 - Clicked on Continue button
2020-09-08 17:29:53 INFO  HomePage:92 - Buyer clicked on Central Government radio button
2020-09-08 17:30:02 INFO  HomePage:81 - Clicked on Continue button
2020-09-08 17:30:28 INFO  BrowserFactory:126 - 
2020-09-08 17:30:32 INFO  TestContext:90 - =================To verify Buyer has provided with different recommendations "<recommendation>", lots "<lots>", service details "fmmDetails" on GM results page after initiating GM journey for framework "cctv" and answering different set of question as selects type of security "Security services" and which technical services "<techserviceAreaOpt>" during the journey execution ends===================
]]></system-out>
    <system-err><![CDATA[Starting ChromeDriver 79.0.3945.36 (3582db32b33893869b8c1339e8f4d9ed1816f143-refs/branch-heads/3945@{#614}) on port 20504
Only local connections are allowed.
Please protect ports used by ChromeDriver and related test frameworks to prevent access by malicious code.
[1599582520.882][WARNING]: Timed out connecting to Chrome, retrying...
[1599582524.930][WARNING]: Timed out connecting to Chrome, retrying...
Sep 08, 2020 5:28:47 PM org.openqa.selenium.remote.ProtocolHandshake createSession
INFO: Detected dialect: W3C
]]></system-err>
  </testcase>
  <testcase name="To verify Buyer has provided with different recommendations &quot;&lt;recommendation&gt;&quot;, lots &quot;&lt;lots&gt;&quot;, service details &quot;fmmDetails&quot; on GM results page after initiating GM journey for framework &quot;cctv&quot; and answering different set of question as selects type of security &quot;Security services&quot; and which technical services &quot;&lt;techserviceAreaOpt&gt;&quot; during the journey(GM Journey for FM2 framework " classname="Technical and Security journey branch) -&gt; See FM2 Updated schema from https://miro.com/app/board/o9J_kuCrpYQ=/ design link" time="120.208">
    <failure message="The question: &lt;Do you need any additional facility management services?&gt; actual answer &lt;Catering services, Statutory inspections and testing &gt; is not equal with the expected one &lt;Statutory inspections and testing, Catering services&gt; expected:&lt;[Statutory inspections and testing, Catering services]&gt; but was:&lt;[Catering services, Statutory inspections and testing]&gt;" type="org.junit.ComparisonFailure"><![CDATA[org.junit.ComparisonFailure: The question: <Do you need any additional facility management services?> actual answer <Catering services, Statutory inspections and testing > is not equal with the expected one <Statutory inspections and testing, Catering services> expected:<[Statutory inspections and testing, Catering services]> but was:<[Catering services, Statutory inspections and testing]>
]]></failure>
    <system-out><![CDATA[2020-09-08 17:30:33 INFO  TestContext:41 - =================To verify Buyer has provided with different recommendations "<recommendation>", lots "<lots>", service details "fmmDetails" on GM results page after initiating GM journey for framework "cctv" and answering different set of question as selects type of security "Security services" and which technical services "<techserviceAreaOpt>" during the journey execution starts===================
2020-09-08 17:30:33 INFO  BrowserFactory:33 - Opening CHROME_HEADLESSbrowser
Started in thread: 14, in JVM: 22328@LTIBUK06252
2020-09-08 17:30:37 INFO  TestContext:54 - Successfully lunched the chrome browser
2020-09-08 17:30:38 INFO  BrowserFactory:96 -  launched
2020-09-08 17:30:44 INFO  HomePage:81 - Clicked on Start now button
2020-09-08 17:30:47 INFO  HomePage:92 - Buyer clicked on Security services radio button
2020-09-08 17:30:54 INFO  HomePage:81 - Clicked on Continue button
2020-09-08 17:30:57 INFO  HomePage:103 - Buyer clicked on Guarding services and patrols checkbox  button
2020-09-08 17:31:05 INFO  HomePage:81 - Clicked on Continue button
2020-09-08 17:31:08 INFO  HomePage:103 - Buyer clicked on Statutory inspections and testing checkbox  button
2020-09-08 17:31:11 INFO  HomePage:103 - Buyer clicked on Catering services checkbox  button
2020-09-08 17:31:20 INFO  HomePage:81 - Clicked on Continue button
2020-09-08 17:31:23 INFO  HomePage:92 - Buyer clicked on Central Government radio button
2020-09-08 17:31:35 INFO  HomePage:81 - Clicked on Continue button
2020-09-08 17:32:26 INFO  BrowserFactory:126 - 
2020-09-08 17:32:32 INFO  TestContext:90 - =================To verify Buyer has provided with different recommendations "<recommendation>", lots "<lots>", service details "fmmDetails" on GM results page after initiating GM journey for framework "cctv" and answering different set of question as selects type of security "Security services" and which technical services "<techserviceAreaOpt>" during the journey execution ends===================
]]></system-out>
    <system-err><![CDATA[Starting ChromeDriver 79.0.3945.36 (3582db32b33893869b8c1339e8f4d9ed1816f143-refs/branch-heads/3945@{#614}) on port 19749
Only local connections are allowed.
Please protect ports used by ChromeDriver and related test frameworks to prevent access by malicious code.
Sep 08, 2020 5:30:36 PM org.openqa.selenium.remote.ProtocolHandshake createSession
INFO: Detected dialect: W3C
]]></system-err>
  </testcase>
  <testcase name="To verify Buyer has provided with different recommendations &quot;seclot1a_techlot1b&quot;, lots &quot;2&quot;, service details &quot;wpsfm2&quot; on GM results page after initiating GM journey for framework &quot;cctv&quot; and answering different set of question as selects type of security &quot;Security services&quot; and which technical services &quot;&lt;techserviceAreaOpt&gt;&quot; during the journey(GM Journey for FM2 framework " classname="Technical and Security journey branch) -&gt; See FM2 Updated schema from https://miro.com/app/board/o9J_kuCrpYQ=/ design link" time="74.616">
    <error message="RM6089seclot1a_techlot1b not specified in the config//RecommendationList.properties" type="java.lang.RuntimeException">java.lang.RuntimeException: RM6089seclot1a_techlot1b not specified in the config//RecommendationList.properties
</error>
    <system-out><![CDATA[2020-09-08 17:32:33 INFO  TestContext:41 - =================To verify Buyer has provided with different recommendations "seclot1a_techlot1b", lots "2", service details "wpsfm2" on GM results page after initiating GM journey for framework "cctv" and answering different set of question as selects type of security "Security services" and which technical services "<techserviceAreaOpt>" during the journey execution starts===================
2020-09-08 17:32:33 INFO  BrowserFactory:33 - Opening CHROME_HEADLESSbrowser
Started in thread: 14, in JVM: 22328@LTIBUK06252
2020-09-08 17:32:53 INFO  TestContext:54 - Successfully lunched the chrome browser
2020-09-08 17:33:05 INFO  BrowserFactory:96 -  launched
2020-09-08 17:33:12 INFO  HomePage:81 - Clicked on Start now button
2020-09-08 17:33:15 INFO  HomePage:92 - Buyer clicked on Security services radio button
2020-09-08 17:33:24 INFO  HomePage:81 - Clicked on Continue button
2020-09-08 17:33:27 INFO  HomePage:103 - Buyer clicked on Anything else checkbox  button
2020-09-08 17:33:36 INFO  HomePage:81 - Clicked on Continue button
2020-09-08 17:33:42 INFO  BrowserFactory:126 - 
2020-09-08 17:33:47 INFO  TestContext:90 - =================To verify Buyer has provided with different recommendations "seclot1a_techlot1b", lots "2", service details "wpsfm2" on GM results page after initiating GM journey for framework "cctv" and answering different set of question as selects type of security "Security services" and which technical services "<techserviceAreaOpt>" during the journey execution ends===================
]]></system-out>
    <system-err><![CDATA[Starting ChromeDriver 79.0.3945.36 (3582db32b33893869b8c1339e8f4d9ed1816f143-refs/branch-heads/3945@{#614}) on port 3628
Only local connections are allowed.
Please protect ports used by ChromeDriver and related test frameworks to prevent access by malicious code.
[1599582765.427][WARNING]: Timed out connecting to Chrome, retrying...
[1599582769.434][WARNING]: Timed out connecting to Chrome, retrying...
Sep 08, 2020 5:32:52 PM org.openqa.selenium.remote.ProtocolHandshake createSession
INFO: Detected dialect: W3C
]]></system-err>
  </testcase>
  <testcase name="To verify Buyer has provided with different recommendations &quot;techlot1b_seclot1a&quot;, lots &quot;2&quot;, service details &quot;wpsfm2&quot; on GM results page after initiating GM journey for framework &quot;cctv&quot; and answering different set of question as selects type of security &quot;Security services and technical security&quot; and which technical services &quot;&lt;techserviceAreaOpt&gt;&quot; during the journey(GM Journey for FM2 framework " classname="Technical and Security journey branch) -&gt; See FM2 Updated schema from https://miro.com/app/board/o9J_kuCrpYQ=/ design link" time="82.975">
    <failure message="The recommendation: &lt;Workplace Services (FM Marketplace Phase 2)(RM6089), Lot 1b: Technical Security or Lot 1a: Security Services&gt; is not equal with the expected one &lt;Workplace Services (FM Marketplace Phase 2)(RM6089), Lot 1a: Security Services or Lot 1b: Technical Security&gt; expected:&lt;...se 2)(rm6089), lot 1[a: security services or lot 1b: technical security]&gt; but was:&lt;...se 2)(rm6089), lot 1[b: technical security or lot 1a: security services]&gt;" type="org.junit.ComparisonFailure"><![CDATA[org.junit.ComparisonFailure: The recommendation: <Workplace Services (FM Marketplace Phase 2)(RM6089), Lot 1b: Technical Security or Lot 1a: Security Services> is not equal with the expected one <Workplace Services (FM Marketplace Phase 2)(RM6089), Lot 1a: Security Services or Lot 1b: Technical Security> expected:<...se 2)(rm6089), lot 1[a: security services or lot 1b: technical security]> but was:<...se 2)(rm6089), lot 1[b: technical security or lot 1a: security services]>
]]></failure>
    <system-out><![CDATA[2020-09-08 17:33:48 INFO  TestContext:41 - =================To verify Buyer has provided with different recommendations "techlot1b_seclot1a", lots "2", service details "wpsfm2" on GM results page after initiating GM journey for framework "cctv" and answering different set of question as selects type of security "Security services and technical security" and which technical services "<techserviceAreaOpt>" during the journey execution starts===================
2020-09-08 17:33:48 INFO  BrowserFactory:33 - Opening CHROME_HEADLESSbrowser
Started in thread: 14, in JVM: 22328@LTIBUK06252
2020-09-08 17:33:52 INFO  TestContext:54 - Successfully lunched the chrome browser
2020-09-08 17:33:53 INFO  BrowserFactory:96 -  launched
2020-09-08 17:33:59 INFO  HomePage:81 - Clicked on Start now button
2020-09-08 17:34:02 INFO  HomePage:92 - Buyer clicked on Security services and technical security radio button
2020-09-08 17:34:09 INFO  HomePage:81 - Clicked on Continue button
2020-09-08 17:34:12 INFO  HomePage:103 - Buyer clicked on Anything else checkbox  button
2020-09-08 17:34:21 INFO  HomePage:81 - Clicked on Continue button
2020-09-08 17:35:06 INFO  BrowserFactory:126 - 
2020-09-08 17:35:10 INFO  TestContext:90 - =================To verify Buyer has provided with different recommendations "techlot1b_seclot1a", lots "2", service details "wpsfm2" on GM results page after initiating GM journey for framework "cctv" and answering different set of question as selects type of security "Security services and technical security" and which technical services "<techserviceAreaOpt>" during the journey execution ends===================
]]></system-out>
    <system-err><![CDATA[Starting ChromeDriver 79.0.3945.36 (3582db32b33893869b8c1339e8f4d9ed1816f143-refs/branch-heads/3945@{#614}) on port 11364
Only local connections are allowed.
Please protect ports used by ChromeDriver and related test frameworks to prevent access by malicious code.
Sep 08, 2020 5:33:51 PM org.openqa.selenium.remote.ProtocolHandshake createSession
INFO: Detected dialect: W3C
]]></system-err>
  </testcase>
  <testcase name="To verify Buyer has provided with different recommendations &quot;seclot1a&quot;, lots &quot;1&quot;, service details &quot;wpsfm2&quot; on GM results page after initiating GM journey for framework &quot;cctv&quot; and answering different set of question as selects type of security &quot;Security services&quot; and which technical services &quot;&lt;techserviceAreaOpt&gt;&quot; during the journey(GM Journey for FM2 framework " classname="Technical and Security journey branch) -&gt; See FM2 Updated schema from https://miro.com/app/board/o9J_kuCrpYQ=/ design link" time="148.479"/>
  <testcase name="To verify Buyer has provided with different recommendations &quot;seclot1a&quot;, lots &quot;1&quot;, service details &quot;wpsfm2&quot; on GM results page after initiating GM journey for framework &quot;cctv&quot; and answering different set of question as selects type of security &quot;Security services&quot; and which technical services &quot;&lt;techserviceAreaOpt&gt;&quot; during the journey(GM Journey for FM2 framework " classname="Technical and Security journey branch) -&gt; See FM2 Updated schema from https://miro.com/app/board/o9J_kuCrpYQ=/ design link" time="105.989"/>
  <testcase name="To verify Buyer has provided with different recommendations &quot;seclot1a&quot;, lots &quot;1&quot;, service details &quot;wpsfm2&quot; on GM results page after initiating GM journey for framework &quot;cctv&quot; and answering different set of question as selects type of security &quot;Security services&quot; and which technical services &quot;&lt;techserviceAreaOpt&gt;&quot; during the journey(GM Journey for FM2 framework " classname="Technical and Security journey branch) -&gt; See FM2 Updated schema from https://miro.com/app/board/o9J_kuCrpYQ=/ design link" time="150.207"/>
  <testcase name="To verify Buyer has provided with different recommendations &quot;seclot1a_seclot3&quot;, lots &quot;2&quot;, service details &quot;wpsfm2&quot; on GM results page after initiating GM journey for framework &quot;cctv&quot; and answering different set of question as selects type of security &quot;Security services and technical security&quot; and which technical services &quot;&lt;techserviceAreaOpt&gt;&quot; during the journey(GM Journey for FM2 framework " classname="Technical and Security journey branch) -&gt; See FM2 Updated schema from https://miro.com/app/board/o9J_kuCrpYQ=/ design link" time="179.367"/>
  <testcase name="To verify Buyer has provided with different recommendations &quot;seclot1a_seclot3&quot;, lots &quot;2&quot;, service details &quot;wpsfm2&quot; on GM results page after initiating GM journey for framework &quot;cctv&quot; and answering different set of question as selects type of security &quot;Security services and technical security&quot; and which technical services &quot;&lt;techserviceAreaOpt&gt;&quot; during the journey(GM Journey for FM2 framework " classname="Technical and Security journey branch) -&gt; See FM2 Updated schema from https://miro.com/app/board/o9J_kuCrpYQ=/ design link" time="171.421"/>
  <testcase name="To verify Buyer has provided with different recommendations &quot;seclot1a_seclot3&quot;, lots &quot;2&quot;, service details &quot;wpsfm2&quot; on GM results page after initiating GM journey for framework &quot;cctv&quot; and answering different set of question as selects type of security &quot;Security services and technical security&quot; and which technical services &quot;&lt;techserviceAreaOpt&gt;&quot; during the journey(GM Journey for FM2 framework " classname="Technical and Security journey branch) -&gt; See FM2 Updated schema from https://miro.com/app/board/o9J_kuCrpYQ=/ design link" time="125.333"/>
  <testcase name="To verify Buyer has provided with different recommendations &quot;seclot1a_seclot3&quot;, lots &quot;2&quot;, service details &quot;wpsfm2&quot; on GM results page after initiating GM journey for framework &quot;cctv&quot; and answering different set of question as selects type of security &quot;Security services and technical security&quot; and which technical services &quot;&lt;techserviceAreaOpt&gt;&quot; during the journey(GM Journey for FM2 framework " classname="Technical and Security journey branch) -&gt; See FM2 Updated schema from https://miro.com/app/board/o9J_kuCrpYQ=/ design link" time="175.502"/>
  <testcase name="To verify Buyer has provided with different recommendations &quot;seclot1a_seclot3&quot;, lots &quot;2&quot;, service details &quot;wpsfm2&quot; on GM results page after initiating GM journey for framework &quot;cctv&quot; and answering different set of question as selects type of security &quot;Security services and technical security&quot; and which technical services &quot;&lt;techserviceAreaOpt&gt;&quot; during the journey(GM Journey for FM2 framework " classname="Technical and Security journey branch) -&gt; See FM2 Updated schema from https://miro.com/app/board/o9J_kuCrpYQ=/ design link" time="167.289"/>
  <testcase name="To verify Buyer has provided with different recommendations &quot;seclot1a_seclot3&quot;, lots &quot;2&quot;, service details &quot;wpsfm2&quot; on GM results page after initiating GM journey for framework &quot;cctv&quot; and answering different set of question as selects type of security &quot;Security services and technical security&quot; and which technical services &quot;&lt;techserviceAreaOpt&gt;&quot; during the journey(GM Journey for FM2 framework " classname="Technical and Security journey branch) -&gt; See FM2 Updated schema from https://miro.com/app/board/o9J_kuCrpYQ=/ design link" time="138.9"/>
  <testcase name="To verify Buyer has provided with different recommendations &quot;seclot1a_seclot3&quot;, lots &quot;2&quot;, service details &quot;wpsfm2&quot; on GM results page after initiating GM journey for framework &quot;cctv&quot; and answering different set of question as selects type of security &quot;Security services and technical security&quot; and which technical services &quot;&lt;techserviceAreaOpt&gt;&quot; during the journey(GM Journey for FM2 framework " classname="Technical and Security journey branch) -&gt; See FM2 Updated schema from https://miro.com/app/board/o9J_kuCrpYQ=/ design link" time="50.125">
    <error message="no such element: Unable to locate element: {&quot;method&quot;:&quot;xpath&quot;,&quot;selector&quot;:&quot;//*[contains(text(),&apos;Cleaning services_Waste services&apos;)]//preceding-sibling::input[@type=&apos;radio&apos;]&quot;}&#10;  (Session info: headless chrome=79.0.3945.130)&#10;For documentation on this error, please visit: https://www.seleniumhq.org/exceptions/no_such_element.html&#10;Build info: version: &apos;3.141.59&apos;, revision: &apos;e82be7d358&apos;, time: &apos;2018-11-14T08:17:03&apos;&#10;System info: host: &apos;LTIBUK06252&apos;, ip: &apos;192.168.0.14&apos;, os.name: &apos;Windows 10&apos;, os.arch: &apos;amd64&apos;, os.version: &apos;10.0&apos;, java.version: &apos;1.8.0_191&apos;&#10;Driver info: org.openqa.selenium.chrome.ChromeDriver&#10;Capabilities {acceptInsecureCerts: false, browserName: chrome, browserVersion: 79.0.3945.130, chrome: {chromedriverVersion: 79.0.3945.36 (3582db32b3389..., userDataDir: C:\Users\308211\AppData\Loc...}, goog:chromeOptions: {debuggerAddress: localhost:56157}, javascriptEnabled: true, networkConnectionEnabled: false, pageLoadStrategy: normal, platform: WINDOWS, platformName: WINDOWS, proxy: Proxy(), setWindowRect: true, strictFileInteractability: false, timeouts: {implicit: 0, pageLoad: 300000, script: 30000}, unhandledPromptBehavior: dismiss and notify}&#10;Session ID: 9502ab2cbc8fe8d81323557efbaeba95&#10;*** Element info: {Using=xpath, value=//*[contains(text(),&apos;Cleaning services_Waste services&apos;)]//preceding-sibling::input[@type=&apos;radio&apos;]}" type="org.openqa.selenium.NoSuchElementException">org.openqa.selenium.NoSuchElementException: 
no such element: Unable to locate element: {"method":"xpath","selector":"//*[contains(text(),'Cleaning services_Waste services')]//preceding-sibling::input[@type='radio']"}
  (Session info: headless chrome=79.0.3945.130)
For documentation on this error, please visit: https://www.seleniumhq.org/exceptions/no_such_element.html
Build info: version: '3.141.59', revision: 'e82be7d358', time: '2018-11-14T08:17:03'
System info: host: 'LTIBUK06252', ip: '192.168.0.14', os.name: 'Windows 10', os.arch: 'amd64', os.version: '10.0', java.version: '1.8.0_191'
Driver info: org.openqa.selenium.chrome.ChromeDriver
Capabilities {acceptInsecureCerts: false, browserName: chrome, browserVersion: 79.0.3945.130, chrome: {chromedriverVersion: 79.0.3945.36 (3582db32b3389..., userDataDir: C:\Users\308211\AppData\Loc...}, goog:chromeOptions: {debuggerAddress: localhost:56157}, javascriptEnabled: true, networkConnectionEnabled: false, pageLoadStrategy: normal, platform: WINDOWS, platformName: WINDOWS, proxy: Proxy(), setWindowRect: true, strictFileInteractability: false, timeouts: {implicit: 0, pageLoad: 300000, script: 30000}, unhandledPromptBehavior: dismiss and notify}
Session ID: 9502ab2cbc8fe8d81323557efbaeba95
*** Element info: {Using=xpath, value=//*[contains(text(),'Cleaning services_Waste services')]//preceding-sibling::input[@type='radio']}
</error>
    <system-out><![CDATA[2020-09-08 17:57:53 INFO  TestContext:41 - =================To verify Buyer has provided with different recommendations "seclot1a_seclot3", lots "2", service details "wpsfm2" on GM results page after initiating GM journey for framework "cctv" and answering different set of question as selects type of security "Security services and technical security" and which technical services "<techserviceAreaOpt>" during the journey execution starts===================
2020-09-08 17:57:53 INFO  BrowserFactory:33 - Opening CHROME_HEADLESSbrowser
Started in thread: 14, in JVM: 22328@LTIBUK06252
2020-09-08 17:57:57 INFO  TestContext:54 - Successfully lunched the chrome browser
2020-09-08 17:57:58 INFO  BrowserFactory:96 -  launched
2020-09-08 17:58:05 INFO  HomePage:81 - Clicked on Start now button
2020-09-08 17:58:08 INFO  HomePage:92 - Buyer clicked on Security services and technical security radio button
2020-09-08 17:58:19 INFO  HomePage:81 - Clicked on Continue button
2020-09-08 17:58:22 INFO  HomePage:103 - Buyer clicked on Physical security checkbox  button
2020-09-08 17:58:37 INFO  HomePage:81 - Clicked on Continue button
2020-09-08 17:58:40 INFO  BrowserFactory:126 - 
2020-09-08 17:58:43 INFO  TestContext:90 - =================To verify Buyer has provided with different recommendations "seclot1a_seclot3", lots "2", service details "wpsfm2" on GM results page after initiating GM journey for framework "cctv" and answering different set of question as selects type of security "Security services and technical security" and which technical services "<techserviceAreaOpt>" during the journey execution ends===================
]]></system-out>
    <system-err><![CDATA[Starting ChromeDriver 79.0.3945.36 (3582db32b33893869b8c1339e8f4d9ed1816f143-refs/branch-heads/3945@{#614}) on port 2896
Only local connections are allowed.
Please protect ports used by ChromeDriver and related test frameworks to prevent access by malicious code.
Sep 08, 2020 5:57:56 PM org.openqa.selenium.remote.ProtocolHandshake createSession
INFO: Detected dialect: W3C
]]></system-err>
  </testcase>
  <testcase name="To verify Buyer has provided with different recommendations &quot;seclot1a_seclot3&quot;, lots &quot;2&quot;, service details &quot;wpsfm2&quot; on GM results page after initiating GM journey for framework &quot;cctv&quot; and answering different set of question as selects type of security &quot;Security services and technical security&quot; and which technical services &quot;&lt;techserviceAreaOpt&gt;&quot; during the journey(GM Journey for FM2 framework " classname="Technical and Security journey branch) -&gt; See FM2 Updated schema from https://miro.com/app/board/o9J_kuCrpYQ=/ design link" time="58.264">
    <error message="no such element: Unable to locate element: {&quot;method&quot;:&quot;xpath&quot;,&quot;selector&quot;:&quot;//*[contains(text(),&apos;Cleaning services_Maintenance services&apos;)]//preceding-sibling::input[@type=&apos;radio&apos;]&quot;}&#10;  (Session info: headless chrome=79.0.3945.130)&#10;For documentation on this error, please visit: https://www.seleniumhq.org/exceptions/no_such_element.html&#10;Build info: version: &apos;3.141.59&apos;, revision: &apos;e82be7d358&apos;, time: &apos;2018-11-14T08:17:03&apos;&#10;System info: host: &apos;LTIBUK06252&apos;, ip: &apos;192.168.0.14&apos;, os.name: &apos;Windows 10&apos;, os.arch: &apos;amd64&apos;, os.version: &apos;10.0&apos;, java.version: &apos;1.8.0_191&apos;&#10;Driver info: org.openqa.selenium.chrome.ChromeDriver&#10;Capabilities {acceptInsecureCerts: false, browserName: chrome, browserVersion: 79.0.3945.130, chrome: {chromedriverVersion: 79.0.3945.36 (3582db32b3389..., userDataDir: C:\Users\308211\AppData\Loc...}, goog:chromeOptions: {debuggerAddress: localhost:55439}, javascriptEnabled: true, networkConnectionEnabled: false, pageLoadStrategy: normal, platform: WINDOWS, platformName: WINDOWS, proxy: Proxy(), setWindowRect: true, strictFileInteractability: false, timeouts: {implicit: 0, pageLoad: 300000, script: 30000}, unhandledPromptBehavior: dismiss and notify}&#10;Session ID: 2873e1a75ebbac38d409c6a244d8fecd&#10;*** Element info: {Using=xpath, value=//*[contains(text(),&apos;Cleaning services_Maintenance services&apos;)]//preceding-sibling::input[@type=&apos;radio&apos;]}" type="org.openqa.selenium.NoSuchElementException">org.openqa.selenium.NoSuchElementException: 
no such element: Unable to locate element: {"method":"xpath","selector":"//*[contains(text(),'Cleaning services_Maintenance services')]//preceding-sibling::input[@type='radio']"}
  (Session info: headless chrome=79.0.3945.130)
For documentation on this error, please visit: https://www.seleniumhq.org/exceptions/no_such_element.html
Build info: version: '3.141.59', revision: 'e82be7d358', time: '2018-11-14T08:17:03'
System info: host: 'LTIBUK06252', ip: '192.168.0.14', os.name: 'Windows 10', os.arch: 'amd64', os.version: '10.0', java.version: '1.8.0_191'
Driver info: org.openqa.selenium.chrome.ChromeDriver
Capabilities {acceptInsecureCerts: false, browserName: chrome, browserVersion: 79.0.3945.130, chrome: {chromedriverVersion: 79.0.3945.36 (3582db32b3389..., userDataDir: C:\Users\308211\AppData\Loc...}, goog:chromeOptions: {debuggerAddress: localhost:55439}, javascriptEnabled: true, networkConnectionEnabled: false, pageLoadStrategy: normal, platform: WINDOWS, platformName: WINDOWS, proxy: Proxy(), setWindowRect: true, strictFileInteractability: false, timeouts: {implicit: 0, pageLoad: 300000, script: 30000}, unhandledPromptBehavior: dismiss and notify}
Session ID: 2873e1a75ebbac38d409c6a244d8fecd
*** Element info: {Using=xpath, value=//*[contains(text(),'Cleaning services_Maintenance services')]//preceding-sibling::input[@type='radio']}
</error>
    <system-out><![CDATA[2020-09-08 17:58:44 INFO  TestContext:41 - =================To verify Buyer has provided with different recommendations "seclot1a_seclot3", lots "2", service details "wpsfm2" on GM results page after initiating GM journey for framework "cctv" and answering different set of question as selects type of security "Security services and technical security" and which technical services "<techserviceAreaOpt>" during the journey execution starts===================
2020-09-08 17:58:44 INFO  BrowserFactory:33 - Opening CHROME_HEADLESSbrowser
Started in thread: 14, in JVM: 22328@LTIBUK06252
2020-09-08 17:58:49 INFO  TestContext:54 - Successfully lunched the chrome browser
2020-09-08 17:58:50 INFO  BrowserFactory:96 -  launched
2020-09-08 17:58:57 INFO  HomePage:81 - Clicked on Start now button
2020-09-08 17:59:00 INFO  HomePage:92 - Buyer clicked on Security services and technical security radio button
2020-09-08 17:59:09 INFO  HomePage:81 - Clicked on Continue button
2020-09-08 17:59:13 INFO  HomePage:103 - Buyer clicked on Physical security checkbox  button
2020-09-08 17:59:17 INFO  HomePage:103 - Buyer clicked on Guarding services and patrols checkbox  button
2020-09-08 17:59:35 INFO  HomePage:81 - Clicked on Continue button
2020-09-08 17:59:38 INFO  BrowserFactory:126 - 
2020-09-08 17:59:41 INFO  TestContext:90 - =================To verify Buyer has provided with different recommendations "seclot1a_seclot3", lots "2", service details "wpsfm2" on GM results page after initiating GM journey for framework "cctv" and answering different set of question as selects type of security "Security services and technical security" and which technical services "<techserviceAreaOpt>" during the journey execution ends===================
]]></system-out>
    <system-err><![CDATA[Starting ChromeDriver 79.0.3945.36 (3582db32b33893869b8c1339e8f4d9ed1816f143-refs/branch-heads/3945@{#614}) on port 23614
Only local connections are allowed.
Please protect ports used by ChromeDriver and related test frameworks to prevent access by malicious code.
Sep 08, 2020 5:58:47 PM org.openqa.selenium.remote.ProtocolHandshake createSession
INFO: Detected dialect: W3C
]]></system-err>
  </testcase>
  <testcase name="To verify Buyer has provided with different recommendations &quot;seclot1a&quot;, lots &quot;1&quot;, service details &quot;fmmDetails_wpsfm2&quot; on GM results page after initiating GM journey for framework &quot;cctv&quot; and answering different set of question as selects type of security &quot;Security services and technical security&quot; and which technical services &quot;&lt;techserviceAreaOpt&gt;&quot; during the journey(GM Journey for FM2 framework " classname="Technical and Security journey branch) -&gt; See FM2 Updated schema from https://miro.com/app/board/o9J_kuCrpYQ=/ design link" time="145.508"/>
  <testcase name="To verify Buyer has provided with different recommendations &quot;seclot1a&quot;, lots &quot;1&quot;, service details &quot;fmmDetails_wpsfm2&quot; on GM results page after initiating GM journey for framework &quot;cctv&quot; and answering different set of question as selects type of security &quot;Security services and technical security&quot; and which technical services &quot;&lt;techserviceAreaOpt&gt;&quot; during the journey(GM Journey for FM2 framework " classname="Technical and Security journey branch) -&gt; See FM2 Updated schema from https://miro.com/app/board/o9J_kuCrpYQ=/ design link" time="180.474"/>
  <testcase name="To verify Buyer has provided with different recommendations &quot;seclot1a&quot;, lots &quot;1&quot;, service details &quot;fmmDetails_wpsfm2&quot; on GM results page after initiating GM journey for framework &quot;cctv&quot; and answering different set of question as selects type of security &quot;Security services and technical security&quot; and which technical services &quot;&lt;techserviceAreaOpt&gt;&quot; during the journey(GM Journey for FM2 framework " classname="Technical and Security journey branch) -&gt; See FM2 Updated schema from https://miro.com/app/board/o9J_kuCrpYQ=/ design link" time="197.162"/>
  <testcase name="To verify Buyer has provided with different recommendations &quot;seclot1a&quot;, lots &quot;1&quot;, service details &quot;fmmDetails_wpsfm2&quot; on GM results page after initiating GM journey for framework &quot;cctv&quot; and answering different set of question as selects type of security &quot;Security services and technical security&quot; and which technical services &quot;&lt;techserviceAreaOpt&gt;&quot; during the journey(GM Journey for FM2 framework " classname="Technical and Security journey branch) -&gt; See FM2 Updated schema from https://miro.com/app/board/o9J_kuCrpYQ=/ design link" time="168.172"/>
  <testcase name="To verify Buyer has provided with different recommendations &quot;seclot1a&quot;, lots &quot;1&quot;, service details &quot;fmmDetails_wpsfm2&quot; on GM results page after initiating GM journey for framework &quot;cctv&quot; and answering different set of question as selects type of security &quot;Security services and technical security&quot; and which technical services &quot;&lt;techserviceAreaOpt&gt;&quot; during the journey(GM Journey for FM2 framework " classname="Technical and Security journey branch) -&gt; See FM2 Updated schema from https://miro.com/app/board/o9J_kuCrpYQ=/ design link" time="160.584"/>
  <testcase name="To verify Buyer has provided with different recommendations &quot;seclot1a&quot;, lots &quot;1&quot;, service details &quot;fmmDetails_wpsfm2&quot; on GM results page after initiating GM journey for framework &quot;cctv&quot; and answering different set of question as selects type of security &quot;Security services and technical security&quot; and which technical services &quot;&lt;techserviceAreaOpt&gt;&quot; during the journey(GM Journey for FM2 framework " classname="Technical and Security journey branch) -&gt; See FM2 Updated schema from https://miro.com/app/board/o9J_kuCrpYQ=/ design link" time="192.657"/>
  <testcase name="To verify Buyer has provided with different recommendations &quot;seclot1a&quot;, lots &quot;1&quot;, service details &quot;fmmDetails_wpsfm2&quot; on GM results page after initiating GM journey for framework &quot;cctv&quot; and answering different set of question as selects type of security &quot;Security services and technical security&quot; and which technical services &quot;&lt;techserviceAreaOpt&gt;&quot; during the journey(GM Journey for FM2 framework " classname="Technical and Security journey branch) -&gt; See FM2 Updated schema from https://miro.com/app/board/o9J_kuCrpYQ=/ design link" time="187.013"/>
  <testcase name="To verify Buyer has provided with different recommendations &quot;seclot1a&quot;, lots &quot;1&quot;, service details &quot;fmmDetails_wpsfm2&quot; on GM results page after initiating GM journey for framework &quot;cctv&quot; and answering different set of question as selects type of security &quot;Security services and technical security&quot; and which technical services &quot;&lt;techserviceAreaOpt&gt;&quot; during the journey(GM Journey for FM2 framework " classname="Technical and Security journey branch) -&gt; See FM2 Updated schema from https://miro.com/app/board/o9J_kuCrpYQ=/ design link" time="48.432">
    <error message="no such element: Unable to locate element: {&quot;method&quot;:&quot;xpath&quot;,&quot;selector&quot;:&quot;//*[contains(text(),&apos;Reception services_Maintenance services&apos;)]//preceding-sibling::input[@type=&apos;radio&apos;]&quot;}&#10;  (Session info: headless chrome=79.0.3945.130)&#10;For documentation on this error, please visit: https://www.seleniumhq.org/exceptions/no_such_element.html&#10;Build info: version: &apos;3.141.59&apos;, revision: &apos;e82be7d358&apos;, time: &apos;2018-11-14T08:17:03&apos;&#10;System info: host: &apos;LTIBUK06252&apos;, ip: &apos;192.168.0.14&apos;, os.name: &apos;Windows 10&apos;, os.arch: &apos;amd64&apos;, os.version: &apos;10.0&apos;, java.version: &apos;1.8.0_191&apos;&#10;Driver info: org.openqa.selenium.chrome.ChromeDriver&#10;Capabilities {acceptInsecureCerts: false, browserName: chrome, browserVersion: 79.0.3945.130, chrome: {chromedriverVersion: 79.0.3945.36 (3582db32b3389..., userDataDir: C:\Users\308211\AppData\Loc...}, goog:chromeOptions: {debuggerAddress: localhost:58082}, javascriptEnabled: true, networkConnectionEnabled: false, pageLoadStrategy: normal, platform: WINDOWS, platformName: WINDOWS, proxy: Proxy(), setWindowRect: true, strictFileInteractability: false, timeouts: {implicit: 0, pageLoad: 300000, script: 30000}, unhandledPromptBehavior: dismiss and notify}&#10;Session ID: 79995e434b81bac98678d8bc071d0fdd&#10;*** Element info: {Using=xpath, value=//*[contains(text(),&apos;Reception services_Maintenance services&apos;)]//preceding-sibling::input[@type=&apos;radio&apos;]}" type="org.openqa.selenium.NoSuchElementException">org.openqa.selenium.NoSuchElementException: 
no such element: Unable to locate element: {"method":"xpath","selector":"//*[contains(text(),'Reception services_Maintenance services')]//preceding-sibling::input[@type='radio']"}
  (Session info: headless chrome=79.0.3945.130)
For documentation on this error, please visit: https://www.seleniumhq.org/exceptions/no_such_element.html
Build info: version: '3.141.59', revision: 'e82be7d358', time: '2018-11-14T08:17:03'
System info: host: 'LTIBUK06252', ip: '192.168.0.14', os.name: 'Windows 10', os.arch: 'amd64', os.version: '10.0', java.version: '1.8.0_191'
Driver info: org.openqa.selenium.chrome.ChromeDriver
Capabilities {acceptInsecureCerts: false, browserName: chrome, browserVersion: 79.0.3945.130, chrome: {chromedriverVersion: 79.0.3945.36 (3582db32b3389..., userDataDir: C:\Users\308211\AppData\Loc...}, goog:chromeOptions: {debuggerAddress: localhost:58082}, javascriptEnabled: true, networkConnectionEnabled: false, pageLoadStrategy: normal, platform: WINDOWS, platformName: WINDOWS, proxy: Proxy(), setWindowRect: true, strictFileInteractability: false, timeouts: {implicit: 0, pageLoad: 300000, script: 30000}, unhandledPromptBehavior: dismiss and notify}
Session ID: 79995e434b81bac98678d8bc071d0fdd
*** Element info: {Using=xpath, value=//*[contains(text(),'Reception services_Maintenance services')]//preceding-sibling::input[@type='radio']}
</error>
    <system-out><![CDATA[2020-09-08 18:20:13 INFO  TestContext:41 - =================To verify Buyer has provided with different recommendations "seclot1a", lots "1", service details "fmmDetails_wpsfm2" on GM results page after initiating GM journey for framework "cctv" and answering different set of question as selects type of security "Security services and technical security" and which technical services "<techserviceAreaOpt>" during the journey execution starts===================
2020-09-08 18:20:13 INFO  BrowserFactory:33 - Opening CHROME_HEADLESSbrowser
Started in thread: 14, in JVM: 22328@LTIBUK06252
2020-09-08 18:20:20 INFO  TestContext:54 - Successfully lunched the chrome browser
2020-09-08 18:20:21 INFO  BrowserFactory:96 -  launched
2020-09-08 18:20:28 INFO  HomePage:81 - Clicked on Start now button
2020-09-08 18:20:31 INFO  HomePage:92 - Buyer clicked on Security services and technical security radio button
2020-09-08 18:20:40 INFO  HomePage:81 - Clicked on Continue button
2020-09-08 18:20:43 INFO  HomePage:103 - Buyer clicked on Helpdesk services checkbox  button
2020-09-08 18:20:46 INFO  HomePage:103 - Buyer clicked on Physical security checkbox  button
2020-09-08 18:20:56 INFO  HomePage:81 - Clicked on Continue button
2020-09-08 18:20:59 INFO  BrowserFactory:126 - 
2020-09-08 18:21:01 INFO  TestContext:90 - =================To verify Buyer has provided with different recommendations "seclot1a", lots "1", service details "fmmDetails_wpsfm2" on GM results page after initiating GM journey for framework "cctv" and answering different set of question as selects type of security "Security services and technical security" and which technical services "<techserviceAreaOpt>" during the journey execution ends===================
]]></system-out>
    <system-err><![CDATA[Starting ChromeDriver 79.0.3945.36 (3582db32b33893869b8c1339e8f4d9ed1816f143-refs/branch-heads/3945@{#614}) on port 43434
Only local connections are allowed.
Please protect ports used by ChromeDriver and related test frameworks to prevent access by malicious code.
[1599585618.598][WARNING]: Timed out connecting to Chrome, retrying...
Sep 08, 2020 6:20:19 PM org.openqa.selenium.remote.ProtocolHandshake createSession
INFO: Detected dialect: W3C
]]></system-err>
  </testcase>
  <testcase name="To verify Buyer has provided with different recommendations &quot;seclot1a&quot;, lots &quot;1&quot;, service details &quot;fmmDetails_wpsfm2&quot; on GM results page after initiating GM journey for framework &quot;cctv&quot; and answering different set of question as selects type of security &quot;Security services and technical security&quot; and which technical services &quot;&lt;techserviceAreaOpt&gt;&quot; during the journey(GM Journey for FM2 framework " classname="Technical and Security journey branch) -&gt; See FM2 Updated schema from https://miro.com/app/board/o9J_kuCrpYQ=/ design link" time="42.171">
    <error message="no such element: Unable to locate element: {&quot;method&quot;:&quot;xpath&quot;,&quot;selector&quot;:&quot;//*[contains(text(),&apos;Reception services_Grounds maintenance and horticultural services&apos;)]//preceding-sibling::input[@type=&apos;radio&apos;]&quot;}&#10;  (Session info: headless chrome=79.0.3945.130)&#10;For documentation on this error, please visit: https://www.seleniumhq.org/exceptions/no_such_element.html&#10;Build info: version: &apos;3.141.59&apos;, revision: &apos;e82be7d358&apos;, time: &apos;2018-11-14T08:17:03&apos;&#10;System info: host: &apos;LTIBUK06252&apos;, ip: &apos;192.168.0.14&apos;, os.name: &apos;Windows 10&apos;, os.arch: &apos;amd64&apos;, os.version: &apos;10.0&apos;, java.version: &apos;1.8.0_191&apos;&#10;Driver info: org.openqa.selenium.chrome.ChromeDriver&#10;Capabilities {acceptInsecureCerts: false, browserName: chrome, browserVersion: 79.0.3945.130, chrome: {chromedriverVersion: 79.0.3945.36 (3582db32b3389..., userDataDir: C:\Users\308211\AppData\Loc...}, goog:chromeOptions: {debuggerAddress: localhost:58160}, javascriptEnabled: true, networkConnectionEnabled: false, pageLoadStrategy: normal, platform: WINDOWS, platformName: WINDOWS, proxy: Proxy(), setWindowRect: true, strictFileInteractability: false, timeouts: {implicit: 0, pageLoad: 300000, script: 30000}, unhandledPromptBehavior: dismiss and notify}&#10;Session ID: afea38afe8747779c9ba6ab20e34b8ea&#10;*** Element info: {Using=xpath, value=//*[contains(text(),&apos;Reception services_Grounds maintenance and horticultural services&apos;)]//preceding-sibling::input[@type=&apos;radio&apos;]}" type="org.openqa.selenium.NoSuchElementException">org.openqa.selenium.NoSuchElementException: 
no such element: Unable to locate element: {"method":"xpath","selector":"//*[contains(text(),'Reception services_Grounds maintenance and horticultural services')]//preceding-sibling::input[@type='radio']"}
  (Session info: headless chrome=79.0.3945.130)
For documentation on this error, please visit: https://www.seleniumhq.org/exceptions/no_such_element.html
Build info: version: '3.141.59', revision: 'e82be7d358', time: '2018-11-14T08:17:03'
System info: host: 'LTIBUK06252', ip: '192.168.0.14', os.name: 'Windows 10', os.arch: 'amd64', os.version: '10.0', java.version: '1.8.0_191'
Driver info: org.openqa.selenium.chrome.ChromeDriver
Capabilities {acceptInsecureCerts: false, browserName: chrome, browserVersion: 79.0.3945.130, chrome: {chromedriverVersion: 79.0.3945.36 (3582db32b3389..., userDataDir: C:\Users\308211\AppData\Loc...}, goog:chromeOptions: {debuggerAddress: localhost:58160}, javascriptEnabled: true, networkConnectionEnabled: false, pageLoadStrategy: normal, platform: WINDOWS, platformName: WINDOWS, proxy: Proxy(), setWindowRect: true, strictFileInteractability: false, timeouts: {implicit: 0, pageLoad: 300000, script: 30000}, unhandledPromptBehavior: dismiss and notify}
Session ID: afea38afe8747779c9ba6ab20e34b8ea
*** Element info: {Using=xpath, value=//*[contains(text(),'Reception services_Grounds maintenance and horticultural services')]//preceding-sibling::input[@type='radio']}
</error>
    <system-out><![CDATA[2020-09-08 18:21:02 INFO  TestContext:41 - =================To verify Buyer has provided with different recommendations "seclot1a", lots "1", service details "fmmDetails_wpsfm2" on GM results page after initiating GM journey for framework "cctv" and answering different set of question as selects type of security "Security services and technical security" and which technical services "<techserviceAreaOpt>" during the journey execution starts===================
2020-09-08 18:21:02 INFO  BrowserFactory:33 - Opening CHROME_HEADLESSbrowser
Started in thread: 14, in JVM: 22328@LTIBUK06252
2020-09-08 18:21:06 INFO  TestContext:54 - Successfully lunched the chrome browser
2020-09-08 18:21:07 INFO  BrowserFactory:96 -  launched
2020-09-08 18:21:12 INFO  HomePage:81 - Clicked on Start now button
2020-09-08 18:21:15 INFO  HomePage:92 - Buyer clicked on Security services and technical security radio button
2020-09-08 18:21:24 INFO  HomePage:81 - Clicked on Continue button
2020-09-08 18:21:27 INFO  HomePage:103 - Buyer clicked on Physical security checkbox  button
2020-09-08 18:21:30 INFO  HomePage:103 - Buyer clicked on Security risk assessment checkbox  button
2020-09-08 18:21:38 INFO  HomePage:81 - Clicked on Continue button
2020-09-08 18:21:41 INFO  BrowserFactory:126 - 
2020-09-08 18:21:43 INFO  TestContext:90 - =================To verify Buyer has provided with different recommendations "seclot1a", lots "1", service details "fmmDetails_wpsfm2" on GM results page after initiating GM journey for framework "cctv" and answering different set of question as selects type of security "Security services and technical security" and which technical services "<techserviceAreaOpt>" during the journey execution ends===================
]]></system-out>
    <system-err><![CDATA[Starting ChromeDriver 79.0.3945.36 (3582db32b33893869b8c1339e8f4d9ed1816f143-refs/branch-heads/3945@{#614}) on port 25415
Only local connections are allowed.
Please protect ports used by ChromeDriver and related test frameworks to prevent access by malicious code.
Sep 08, 2020 6:21:04 PM org.openqa.selenium.remote.ProtocolHandshake createSession
INFO: Detected dialect: W3C
]]></system-err>
  </testcase>
  <testcase name="To verify Buyer has provided with different recommendations &quot;seclot1a&quot;, lots &quot;1&quot;, service details &quot;wpsfm2&quot; on GM results page after initiating GM journey for framework &quot;cctv&quot; and answering different set of question as selects type of security &quot;Security services and technical security&quot; and which technical services &quot;&lt;techserviceAreaOpt&gt;&quot; during the journey(GM Journey for FM2 framework " classname="Technical and Security journey branch) -&gt; See FM2 Updated schema from https://miro.com/app/board/o9J_kuCrpYQ=/ design link" time="145.278"/>
  <testcase name="To verify Buyer has provided with different recommendations &quot;seclot1a&quot;, lots &quot;1&quot;, service details &quot;wpsfm2&quot; on GM results page after initiating GM journey for framework &quot;cctv&quot; and answering different set of question as selects type of security &quot;Security services and technical security&quot; and which technical services &quot;&lt;techserviceAreaOpt&gt;&quot; during the journey(GM Journey for FM2 framework " classname="Technical and Security journey branch) -&gt; See FM2 Updated schema from https://miro.com/app/board/o9J_kuCrpYQ=/ design link" time="116.861"/>
  <testcase name="To verify Buyer has provided with different recommendations &quot;seclot1a&quot;, lots &quot;1&quot;, service details &quot;wpsfm2&quot; on GM results page after initiating GM journey for framework &quot;cctv&quot; and answering different set of question as selects type of security &quot;Security services and technical security&quot; and which technical services &quot;&lt;techserviceAreaOpt&gt;&quot; during the journey(GM Journey for FM2 framework " classname="Technical and Security journey branch) -&gt; See FM2 Updated schema from https://miro.com/app/board/o9J_kuCrpYQ=/ design link" time="153.957"/>
</testsuite>