<?xml version="1.0" encoding="UTF-8"?>
<testsuite xmlns:xsi="http://www.w3.org/2001/XMLSchema-instance" xsi:noNamespaceSchemaLocation="https://maven.apache.org/surefire/maven-surefire-plugin/xsd/surefire-test-report.xsd" name="GM Journey for Legal framework -&gt; See Linen schema from https://miro.com/app/board/o9J_kuCrpYQ=/ design link" time="6,357.049" tests="50" errors="2" skipped="0" failures="3">
  <properties>
    <property name="sun.desktop" value="windows"/>
    <property name="awt.toolkit" value="sun.awt.windows.WToolkit"/>
    <property name="file.encoding.pkg" value="sun.io"/>
    <property name="java.specification.version" value="1.8"/>
    <property name="webdriver.chrome.driver" value="C:\Users\308211\.m2\repository\webdriver\chromedriver\win32\79.0.3945.36\chromedriver.exe"/>
    <property name="sun.cpu.isalist" value="amd64"/>
    <property name="sun.jnu.encoding" value="Cp1252"/>
    <property name="java.class.path" value="C:\Users\308211\IdeaProjects\scaleautomation\target\test-classes;C:\Users\308211\IdeaProjects\scaleautomation\target\classes;C:\Users\308211\.m2\repository\org\seleniumhq\selenium\selenium-chrome-driver\3.141.59\selenium-chrome-driver-3.141.59.jar;C:\Users\308211\.m2\repository\org\seleniumhq\selenium\selenium-api\3.141.59\selenium-api-3.141.59.jar;C:\Users\308211\.m2\repository\net\bytebuddy\byte-buddy\1.8.15\byte-buddy-1.8.15.jar;C:\Users\308211\.m2\repository\org\apache\commons\commons-exec\1.3\commons-exec-1.3.jar;C:\Users\308211\.m2\repository\com\google\guava\guava\25.0-jre\guava-25.0-jre.jar;C:\Users\308211\.m2\repository\com\google\code\findbugs\jsr305\1.3.9\jsr305-1.3.9.jar;C:\Users\308211\.m2\repository\org\checkerframework\checker-compat-qual\2.0.0\checker-compat-qual-2.0.0.jar;C:\Users\308211\.m2\repository\com\google\errorprone\error_prone_annotations\2.1.3\error_prone_annotations-2.1.3.jar;C:\Users\308211\.m2\repository\com\google\j2objc\j2objc-annotations\1.1\j2objc-annotations-1.1.jar;C:\Users\308211\.m2\repository\org\codehaus\mojo\animal-sniffer-annotations\1.14\animal-sniffer-annotations-1.14.jar;C:\Users\308211\.m2\repository\com\squareup\okhttp3\okhttp\3.11.0\okhttp-3.11.0.jar;C:\Users\308211\.m2\repository\com\squareup\okio\okio\1.14.0\okio-1.14.0.jar;C:\Users\308211\.m2\repository\org\seleniumhq\selenium\selenium-firefox-driver\3.141.59\selenium-firefox-driver-3.141.59.jar;C:\Users\308211\.m2\repository\org\seleniumhq\selenium\selenium-ie-driver\2.40.0\selenium-ie-driver-2.40.0.jar;C:\Users\308211\.m2\repository\net\java\dev\jna\jna\3.4.0\jna-3.4.0.jar;C:\Users\308211\.m2\repository\net\java\dev\jna\platform\3.4.0\platform-3.4.0.jar;C:\Users\308211\.m2\repository\org\seleniumhq\selenium\selenium-java\3.141.59\selenium-java-3.141.59.jar;C:\Users\308211\.m2\repository\org\seleniumhq\selenium\selenium-edge-driver\3.141.59\selenium-edge-driver-3.141.59.jar;C:\Users\308211\.m2\repository\org\seleniumhq\selenium\selenium-opera-driver\3.141.59\selenium-opera-driver-3.141.59.jar;C:\Users\308211\.m2\repository\org\seleniumhq\selenium\selenium-safari-driver\3.141.59\selenium-safari-driver-3.141.59.jar;C:\Users\308211\.m2\repository\org\seleniumhq\selenium\selenium-remote-driver\3.141.59\selenium-remote-driver-3.141.59.jar;C:\Users\308211\.m2\repository\org\seleniumhq\selenium\selenium-support\3.141.59\selenium-support-3.141.59.jar;C:\Users\308211\.m2\repository\io\cucumber\cucumber-java\4.2.5\cucumber-java-4.2.5.jar;C:\Users\308211\.m2\repository\io\cucumber\cucumber-core\4.2.5\cucumber-core-4.2.5.jar;C:\Users\308211\.m2\repository\io\cucumber\cucumber-html\0.2.7\cucumber-html-0.2.7.jar;C:\Users\308211\.m2\repository\io\cucumber\tag-expressions\1.1.1\tag-expressions-1.1.1.jar;C:\Users\308211\.m2\repository\io\cucumber\cucumber-expressions\6.2.0\cucumber-expressions-6.2.0.jar;C:\Users\308211\.m2\repository\io\cucumber\datatable\1.1.12\datatable-1.1.12.jar;C:\Users\308211\.m2\repository\io\cucumber\datatable-dependencies\1.1.12\datatable-dependencies-1.1.12.jar;C:\Users\308211\.m2\repository\net\masterthought\cucumber-reporting\4.6.0\cucumber-reporting-4.6.0.jar;C:\Users\308211\.m2\repository\org\apache\velocity\velocity\1.7\velocity-1.7.jar;C:\Users\308211\.m2\repository\commons-collections\commons-collections\3.2.1\commons-collections-3.2.1.jar;C:\Users\308211\.m2\repository\commons-lang\commons-lang\2.4\commons-lang-2.4.jar;C:\Users\308211\.m2\repository\velocity-tools\velocity-tools\1.4\velocity-tools-1.4.jar;C:\Users\308211\.m2\repository\joda-time\joda-time\2.10.1\joda-time-2.10.1.jar;C:\Users\308211\.m2\repository\org\apache\commons\commons-lang3\3.8.1\commons-lang3-3.8.1.jar;C:\Users\308211\.m2\repository\commons-io\commons-io\2.6\commons-io-2.6.jar;C:\Users\308211\.m2\repository\org\codehaus\plexus\plexus-utils\3.1.1\plexus-utils-3.1.1.jar;C:\Users\308211\.m2\repository\org\jsoup\jsoup\1.11.3\jsoup-1.11.3.jar;C:\Users\308211\.m2\repository\com\googlecode\owasp-java-html-sanitizer\owasp-java-html-sanitizer\20190325.1\owasp-java-html-sanitizer-20190325.1.jar;C:\Users\308211\.m2\repository\commons-configuration\commons-configuration\1.10\commons-configuration-1.10.jar;C:\Users\308211\.m2\repository\commons-logging\commons-logging\1.1.1\commons-logging-1.1.1.jar;C:\Users\308211\.m2\repository\junit\junit\4.12\junit-4.12.jar;C:\Users\308211\.m2\repository\org\hamcrest\hamcrest-core\1.3\hamcrest-core-1.3.jar;C:\Users\308211\.m2\repository\io\cucumber\cucumber-picocontainer\4.2.5\cucumber-picocontainer-4.2.5.jar;C:\Users\308211\.m2\repository\org\picocontainer\picocontainer\2.15\picocontainer-2.15.jar;C:\Users\308211\.m2\repository\io\cucumber\gherkin\5.1.0\gherkin-5.1.0.jar;C:\Users\308211\.m2\repository\io\cucumber\gherkin-jvm-deps\1.0.4\gherkin-jvm-deps-1.0.4.jar;C:\Users\308211\.m2\repository\io\cucumber\cucumber-junit\4.2.5\cucumber-junit-4.2.5.jar;C:\Users\308211\.m2\repository\io\appium\java-client\6.1.0\java-client-6.1.0.jar;C:\Users\308211\.m2\repository\com\google\code\gson\gson\2.8.4\gson-2.8.4.jar;C:\Users\308211\.m2\repository\org\apache\httpcomponents\httpclient\4.5.5\httpclient-4.5.5.jar;C:\Users\308211\.m2\repository\org\apache\httpcomponents\httpcore\4.4.9\httpcore-4.4.9.jar;C:\Users\308211\.m2\repository\commons-codec\commons-codec\1.10\commons-codec-1.10.jar;C:\Users\308211\.m2\repository\cglib\cglib\3.2.6\cglib-3.2.6.jar;C:\Users\308211\.m2\repository\org\ow2\asm\asm\6.0\asm-6.0.jar;C:\Users\308211\.m2\repository\org\apache\ant\ant\1.9.6\ant-1.9.6.jar;C:\Users\308211\.m2\repository\org\apache\ant\ant-launcher\1.9.6\ant-launcher-1.9.6.jar;C:\Users\308211\.m2\repository\commons-validator\commons-validator\1.6\commons-validator-1.6.jar;C:\Users\308211\.m2\repository\commons-beanutils\commons-beanutils\1.9.2\commons-beanutils-1.9.2.jar;C:\Users\308211\.m2\repository\commons-digester\commons-digester\1.8.1\commons-digester-1.8.1.jar;C:\Users\308211\.m2\repository\org\springframework\spring-context\5.0.5.RELEASE\spring-context-5.0.5.RELEASE.jar;C:\Users\308211\.m2\repository\org\aspectj\aspectjweaver\1.9.1\aspectjweaver-1.9.1.jar;C:\Users\308211\.m2\repository\org\openpnp\opencv\3.2.0-1\opencv-3.2.0-1.jar;C:\Users\308211\.m2\repository\org\projectlombok\lombok\1.18.4\lombok-1.18.4.jar;C:\Users\308211\.m2\repository\log4j\log4j\1.2.17\log4j-1.2.17.jar;C:\Users\308211\.m2\repository\org\apache\poi\poi-ooxml\4.0.1\poi-ooxml-4.0.1.jar;C:\Users\308211\.m2\repository\org\apache\poi\poi\4.0.1\poi-4.0.1.jar;C:\Users\308211\.m2\repository\org\apache\commons\commons-collections4\4.2\commons-collections4-4.2.jar;C:\Users\308211\.m2\repository\org\apache\commons\commons-math3\3.6.1\commons-math3-3.6.1.jar;C:\Users\308211\.m2\repository\org\apache\poi\poi-ooxml-schemas\4.0.1\poi-ooxml-schemas-4.0.1.jar;C:\Users\308211\.m2\repository\org\apache\xmlbeans\xmlbeans\3.0.2\xmlbeans-3.0.2.jar;C:\Users\308211\.m2\repository\org\apache\commons\commons-compress\1.18\commons-compress-1.18.jar;C:\Users\308211\.m2\repository\com\github\virtuald\curvesapi\1.05\curvesapi-1.05.jar;C:\Users\308211\.m2\repository\org\json\json\20180813\json-20180813.jar;C:\Users\308211\.m2\repository\org\jboss\aerogear\aerogear-otp-java\1.0.0\aerogear-otp-java-1.0.0.jar;C:\Users\308211\.m2\repository\com\fasterxml\jackson\core\jackson-databind\2.10.0.pr1\jackson-databind-2.10.0.pr1.jar;C:\Users\308211\.m2\repository\com\fasterxml\jackson\core\jackson-annotations\2.10.0.pr1\jackson-annotations-2.10.0.pr1.jar;C:\Users\308211\.m2\repository\com\fasterxml\jackson\core\jackson-core\2.10.0.pr1\jackson-core-2.10.0.pr1.jar;C:\Users\308211\.m2\repository\io\github\bonigarcia\webdrivermanager\3.6.2\webdrivermanager-3.6.2.jar;C:\Users\308211\.m2\repository\org\slf4j\slf4j-api\1.7.25\slf4j-api-1.7.25.jar;C:\Users\308211\.m2\repository\org\rauschig\jarchivelib\1.0.0\jarchivelib-1.0.0.jar;C:\Users\308211\.m2\repository\com\googlecode\json-simple\json-simple\1.1\json-simple-1.1.jar;C:\Users\308211\.m2\repository\com\assertthat\selenium-shutterbug\0.8\selenium-shutterbug-0.8.jar;"/>
    <property name="java.vm.vendor" value="Oracle Corporation"/>
    <property name="sun.arch.data.model" value="64"/>
    <property name="user.variant" value=""/>
    <property name="java.vendor.url" value="http://java.oracle.com/"/>
    <property name="user.timezone" value="Europe/London"/>
    <property name="java.vm.specification.version" value="1.8"/>
    <property name="os.name" value="Windows 10"/>
    <property name="user.country" value="US"/>
    <property name="sun.java.launcher" value="SUN_STANDARD"/>
    <property name="sun.boot.library.path" value="C:\Program Files\Java\jdk1.8.0_191\jre\bin"/>
    <property name="sun.java.command" value="C:\Users\308211\AppData\Local\Temp\surefire4722161608729140371\surefirebooter6583411310945294818.jar C:\Users\308211\AppData\Local\Temp\surefire4722161608729140371 2020-09-04T07-58-33_348-jvmRun1 surefire4972210079667573226tmp surefire_01833910810339463137tmp"/>
    <property name="surefire.test.class.path" value="C:\Users\308211\IdeaProjects\scaleautomation\target\test-classes;C:\Users\308211\IdeaProjects\scaleautomation\target\classes;C:\Users\308211\.m2\repository\org\seleniumhq\selenium\selenium-chrome-driver\3.141.59\selenium-chrome-driver-3.141.59.jar;C:\Users\308211\.m2\repository\org\seleniumhq\selenium\selenium-api\3.141.59\selenium-api-3.141.59.jar;C:\Users\308211\.m2\repository\net\bytebuddy\byte-buddy\1.8.15\byte-buddy-1.8.15.jar;C:\Users\308211\.m2\repository\org\apache\commons\commons-exec\1.3\commons-exec-1.3.jar;C:\Users\308211\.m2\repository\com\google\guava\guava\25.0-jre\guava-25.0-jre.jar;C:\Users\308211\.m2\repository\com\google\code\findbugs\jsr305\1.3.9\jsr305-1.3.9.jar;C:\Users\308211\.m2\repository\org\checkerframework\checker-compat-qual\2.0.0\checker-compat-qual-2.0.0.jar;C:\Users\308211\.m2\repository\com\google\errorprone\error_prone_annotations\2.1.3\error_prone_annotations-2.1.3.jar;C:\Users\308211\.m2\repository\com\google\j2objc\j2objc-annotations\1.1\j2objc-annotations-1.1.jar;C:\Users\308211\.m2\repository\org\codehaus\mojo\animal-sniffer-annotations\1.14\animal-sniffer-annotations-1.14.jar;C:\Users\308211\.m2\repository\com\squareup\okhttp3\okhttp\3.11.0\okhttp-3.11.0.jar;C:\Users\308211\.m2\repository\com\squareup\okio\okio\1.14.0\okio-1.14.0.jar;C:\Users\308211\.m2\repository\org\seleniumhq\selenium\selenium-firefox-driver\3.141.59\selenium-firefox-driver-3.141.59.jar;C:\Users\308211\.m2\repository\org\seleniumhq\selenium\selenium-ie-driver\2.40.0\selenium-ie-driver-2.40.0.jar;C:\Users\308211\.m2\repository\net\java\dev\jna\jna\3.4.0\jna-3.4.0.jar;C:\Users\308211\.m2\repository\net\java\dev\jna\platform\3.4.0\platform-3.4.0.jar;C:\Users\308211\.m2\repository\org\seleniumhq\selenium\selenium-java\3.141.59\selenium-java-3.141.59.jar;C:\Users\308211\.m2\repository\org\seleniumhq\selenium\selenium-edge-driver\3.141.59\selenium-edge-driver-3.141.59.jar;C:\Users\308211\.m2\repository\org\seleniumhq\selenium\selenium-opera-driver\3.141.59\selenium-opera-driver-3.141.59.jar;C:\Users\308211\.m2\repository\org\seleniumhq\selenium\selenium-safari-driver\3.141.59\selenium-safari-driver-3.141.59.jar;C:\Users\308211\.m2\repository\org\seleniumhq\selenium\selenium-remote-driver\3.141.59\selenium-remote-driver-3.141.59.jar;C:\Users\308211\.m2\repository\org\seleniumhq\selenium\selenium-support\3.141.59\selenium-support-3.141.59.jar;C:\Users\308211\.m2\repository\io\cucumber\cucumber-java\4.2.5\cucumber-java-4.2.5.jar;C:\Users\308211\.m2\repository\io\cucumber\cucumber-core\4.2.5\cucumber-core-4.2.5.jar;C:\Users\308211\.m2\repository\io\cucumber\cucumber-html\0.2.7\cucumber-html-0.2.7.jar;C:\Users\308211\.m2\repository\io\cucumber\tag-expressions\1.1.1\tag-expressions-1.1.1.jar;C:\Users\308211\.m2\repository\io\cucumber\cucumber-expressions\6.2.0\cucumber-expressions-6.2.0.jar;C:\Users\308211\.m2\repository\io\cucumber\datatable\1.1.12\datatable-1.1.12.jar;C:\Users\308211\.m2\repository\io\cucumber\datatable-dependencies\1.1.12\datatable-dependencies-1.1.12.jar;C:\Users\308211\.m2\repository\net\masterthought\cucumber-reporting\4.6.0\cucumber-reporting-4.6.0.jar;C:\Users\308211\.m2\repository\org\apache\velocity\velocity\1.7\velocity-1.7.jar;C:\Users\308211\.m2\repository\commons-collections\commons-collections\3.2.1\commons-collections-3.2.1.jar;C:\Users\308211\.m2\repository\commons-lang\commons-lang\2.4\commons-lang-2.4.jar;C:\Users\308211\.m2\repository\velocity-tools\velocity-tools\1.4\velocity-tools-1.4.jar;C:\Users\308211\.m2\repository\joda-time\joda-time\2.10.1\joda-time-2.10.1.jar;C:\Users\308211\.m2\repository\org\apache\commons\commons-lang3\3.8.1\commons-lang3-3.8.1.jar;C:\Users\308211\.m2\repository\commons-io\commons-io\2.6\commons-io-2.6.jar;C:\Users\308211\.m2\repository\org\codehaus\plexus\plexus-utils\3.1.1\plexus-utils-3.1.1.jar;C:\Users\308211\.m2\repository\org\jsoup\jsoup\1.11.3\jsoup-1.11.3.jar;C:\Users\308211\.m2\repository\com\googlecode\owasp-java-html-sanitizer\owasp-java-html-sanitizer\20190325.1\owasp-java-html-sanitizer-20190325.1.jar;C:\Users\308211\.m2\repository\commons-configuration\commons-configuration\1.10\commons-configuration-1.10.jar;C:\Users\308211\.m2\repository\commons-logging\commons-logging\1.1.1\commons-logging-1.1.1.jar;C:\Users\308211\.m2\repository\junit\junit\4.12\junit-4.12.jar;C:\Users\308211\.m2\repository\org\hamcrest\hamcrest-core\1.3\hamcrest-core-1.3.jar;C:\Users\308211\.m2\repository\io\cucumber\cucumber-picocontainer\4.2.5\cucumber-picocontainer-4.2.5.jar;C:\Users\308211\.m2\repository\org\picocontainer\picocontainer\2.15\picocontainer-2.15.jar;C:\Users\308211\.m2\repository\io\cucumber\gherkin\5.1.0\gherkin-5.1.0.jar;C:\Users\308211\.m2\repository\io\cucumber\gherkin-jvm-deps\1.0.4\gherkin-jvm-deps-1.0.4.jar;C:\Users\308211\.m2\repository\io\cucumber\cucumber-junit\4.2.5\cucumber-junit-4.2.5.jar;C:\Users\308211\.m2\repository\io\appium\java-client\6.1.0\java-client-6.1.0.jar;C:\Users\308211\.m2\repository\com\google\code\gson\gson\2.8.4\gson-2.8.4.jar;C:\Users\308211\.m2\repository\org\apache\httpcomponents\httpclient\4.5.5\httpclient-4.5.5.jar;C:\Users\308211\.m2\repository\org\apache\httpcomponents\httpcore\4.4.9\httpcore-4.4.9.jar;C:\Users\308211\.m2\repository\commons-codec\commons-codec\1.10\commons-codec-1.10.jar;C:\Users\308211\.m2\repository\cglib\cglib\3.2.6\cglib-3.2.6.jar;C:\Users\308211\.m2\repository\org\ow2\asm\asm\6.0\asm-6.0.jar;C:\Users\308211\.m2\repository\org\apache\ant\ant\1.9.6\ant-1.9.6.jar;C:\Users\308211\.m2\repository\org\apache\ant\ant-launcher\1.9.6\ant-launcher-1.9.6.jar;C:\Users\308211\.m2\repository\commons-validator\commons-validator\1.6\commons-validator-1.6.jar;C:\Users\308211\.m2\repository\commons-beanutils\commons-beanutils\1.9.2\commons-beanutils-1.9.2.jar;C:\Users\308211\.m2\repository\commons-digester\commons-digester\1.8.1\commons-digester-1.8.1.jar;C:\Users\308211\.m2\repository\org\springframework\spring-context\5.0.5.RELEASE\spring-context-5.0.5.RELEASE.jar;C:\Users\308211\.m2\repository\org\aspectj\aspectjweaver\1.9.1\aspectjweaver-1.9.1.jar;C:\Users\308211\.m2\repository\org\openpnp\opencv\3.2.0-1\opencv-3.2.0-1.jar;C:\Users\308211\.m2\repository\org\projectlombok\lombok\1.18.4\lombok-1.18.4.jar;C:\Users\308211\.m2\repository\log4j\log4j\1.2.17\log4j-1.2.17.jar;C:\Users\308211\.m2\repository\org\apache\poi\poi-ooxml\4.0.1\poi-ooxml-4.0.1.jar;C:\Users\308211\.m2\repository\org\apache\poi\poi\4.0.1\poi-4.0.1.jar;C:\Users\308211\.m2\repository\org\apache\commons\commons-collections4\4.2\commons-collections4-4.2.jar;C:\Users\308211\.m2\repository\org\apache\commons\commons-math3\3.6.1\commons-math3-3.6.1.jar;C:\Users\308211\.m2\repository\org\apache\poi\poi-ooxml-schemas\4.0.1\poi-ooxml-schemas-4.0.1.jar;C:\Users\308211\.m2\repository\org\apache\xmlbeans\xmlbeans\3.0.2\xmlbeans-3.0.2.jar;C:\Users\308211\.m2\repository\org\apache\commons\commons-compress\1.18\commons-compress-1.18.jar;C:\Users\308211\.m2\repository\com\github\virtuald\curvesapi\1.05\curvesapi-1.05.jar;C:\Users\308211\.m2\repository\org\json\json\20180813\json-20180813.jar;C:\Users\308211\.m2\repository\org\jboss\aerogear\aerogear-otp-java\1.0.0\aerogear-otp-java-1.0.0.jar;C:\Users\308211\.m2\repository\com\fasterxml\jackson\core\jackson-databind\2.10.0.pr1\jackson-databind-2.10.0.pr1.jar;C:\Users\308211\.m2\repository\com\fasterxml\jackson\core\jackson-annotations\2.10.0.pr1\jackson-annotations-2.10.0.pr1.jar;C:\Users\308211\.m2\repository\com\fasterxml\jackson\core\jackson-core\2.10.0.pr1\jackson-core-2.10.0.pr1.jar;C:\Users\308211\.m2\repository\io\github\bonigarcia\webdrivermanager\3.6.2\webdrivermanager-3.6.2.jar;C:\Users\308211\.m2\repository\org\slf4j\slf4j-api\1.7.25\slf4j-api-1.7.25.jar;C:\Users\308211\.m2\repository\org\rauschig\jarchivelib\1.0.0\jarchivelib-1.0.0.jar;C:\Users\308211\.m2\repository\com\googlecode\json-simple\json-simple\1.1\json-simple-1.1.jar;C:\Users\308211\.m2\repository\com\assertthat\selenium-shutterbug\0.8\selenium-shutterbug-0.8.jar;"/>
    <property name="sun.cpu.endian" value="little"/>
    <property name="user.home" value="C:\Users\308211"/>
    <property name="user.language" value="en"/>
    <property name="java.specification.vendor" value="Oracle Corporation"/>
    <property name="java.home" value="C:\Program Files\Java\jdk1.8.0_191\jre"/>
    <property name="basedir" value="C:\Users\308211\IdeaProjects\scaleautomation"/>
    <property name="file.separator" value="\"/>
    <property name="line.separator" value="&#10;"/>
    <property name="java.vm.specification.vendor" value="Oracle Corporation"/>
    <property name="java.specification.name" value="Java Platform API Specification"/>
    <property name="java.awt.graphicsenv" value="sun.awt.Win32GraphicsEnvironment"/>
    <property name="surefire.real.class.path" value="C:\Users\308211\AppData\Local\Temp\surefire4722161608729140371\surefirebooter6583411310945294818.jar"/>
    <property name="sun.boot.class.path" value="C:\Program Files\Java\jdk1.8.0_191\jre\lib\resources.jar;C:\Program Files\Java\jdk1.8.0_191\jre\lib\rt.jar;C:\Program Files\Java\jdk1.8.0_191\jre\lib\sunrsasign.jar;C:\Program Files\Java\jdk1.8.0_191\jre\lib\jsse.jar;C:\Program Files\Java\jdk1.8.0_191\jre\lib\jce.jar;C:\Program Files\Java\jdk1.8.0_191\jre\lib\charsets.jar;C:\Program Files\Java\jdk1.8.0_191\jre\lib\jfr.jar;C:\Program Files\Java\jdk1.8.0_191\jre\classes"/>
    <property name="user.script" value=""/>
    <property name="sun.management.compiler" value="HotSpot 64-Bit Tiered Compilers"/>
    <property name="java.runtime.version" value="1.8.0_191-b12"/>
    <property name="user.name" value="308211"/>
    <property name="path.separator" value=";"/>
    <property name="os.version" value="10.0"/>
    <property name="java.endorsed.dirs" value="C:\Program Files\Java\jdk1.8.0_191\jre\lib\endorsed"/>
    <property name="java.runtime.name" value="Java(TM) SE Runtime Environment"/>
    <property name="file.encoding" value="Cp1252"/>
    <property name="java.vm.name" value="Java HotSpot(TM) 64-Bit Server VM"/>
    <property name="localRepository" value="C:\Users\308211\.m2\repository"/>
    <property name="java.vendor.url.bug" value="http://bugreport.sun.com/bugreport/"/>
    <property name="java.io.tmpdir" value="C:\Users\308211\AppData\Local\Temp\"/>
    <property name="java.version" value="1.8.0_191"/>
    <property name="user.dir" value="C:\Users\308211\IdeaProjects\scaleautomation"/>
    <property name="os.arch" value="amd64"/>
    <property name="java.vm.specification.name" value="Java Virtual Machine Specification"/>
    <property name="java.awt.printerjob" value="sun.awt.windows.WPrinterJob"/>
    <property name="sun.os.patch.level" value=""/>
    <property name="java.library.path" value="C:\Program Files\Java\jdk1.8.0_191\jre\bin;C:\WINDOWS\Sun\Java\bin;C:\WINDOWS\system32;C:\WINDOWS;C:\Program Files (x86)\Common Files\Oracle\Java\javapath;C:\WINDOWS\system32;C:\WINDOWS;C:\WINDOWS\System32\Wbem;C:\WINDOWS\System32\WindowsPowerShell\v1.0\;C:\WINDOWS\System32\OpenSSH\;C:\Program Files (x86)\Webex\Webex\Applications;C:\Development_Avecto\bin;C:\Users\308211\AppData\Local\Microsoft\WindowsApps;C:\Development_Avecto\apache-maven-3.6.3-bin\apache-maven-3.6.3\bin;C:\Users\308211\AppData\Local\Programs\Git\cmd;."/>
    <property name="java.vm.info" value="mixed mode"/>
    <property name="java.vendor" value="Oracle Corporation"/>
    <property name="java.vm.version" value="25.191-b12"/>
    <property name="java.ext.dirs" value="C:\Program Files\Java\jdk1.8.0_191\jre\lib\ext;C:\WINDOWS\Sun\Java\lib\ext"/>
    <property name="sun.io.unicode.encoding" value="UnicodeLittle"/>
    <property name="java.class.version" value="52.0"/>
  </properties>
  <testcase name="To verify Buyer has provided with different recommendations &quot;&lt;recommServices&gt;&quot;, service details &quot;railLegalDetails&quot; on GM results page after initiating GM journey for framework &quot;legal&quot; and after answering different set of question as sector looking for &quot;Central Government&quot;, selects Service area as &quot;Rail&quot; during the journey" classname="GM Journey for Legal framework -&gt; See Linen schema from https://miro.com/app/board/o9J_kuCrpYQ=/ design link" time="111.537"/>
  <testcase name="To verify Buyer has provided with different recommendations &quot;&lt;recommServices&gt;&quot;, service details &quot;eDisclosureandeDiscoveryServicesDetails&quot; on GM results page after initiating GM journey for framework &quot;legal&quot; and after answering different set of question as sector looking for &quot;Central Government&quot;, selects Service area as &quot;eDisclosure and eDiscovery&quot; during the journey" classname="GM Journey for Legal framework -&gt; See Linen schema from https://miro.com/app/board/o9J_kuCrpYQ=/ design link" time="132.978"/>
  <testcase name="To verify Buyer has provided with different recommendations &quot;&lt;recommServices&gt;&quot;, service details &quot;eDisclosureandeDiscoveryServicesDetails&quot; on GM results page after initiating GM journey for framework &quot;legal&quot; and after answering different set of question as sector looking for &quot;Central Government&quot;, selects Service area as &quot;eDisclosure and eDiscovery&quot; during the journey" classname="GM Journey for Legal framework -&gt; See Linen schema from https://miro.com/app/board/o9J_kuCrpYQ=/ design link" time="97.901"/>
  <testcase name="To verify Buyer has provided with different recommendations &quot;&lt;recommServices&gt;&quot;, service details &quot;eDisclosureandeDiscoveryServicesDetails&quot; on GM results page after initiating GM journey for framework &quot;legal&quot; and after answering different set of question as sector looking for &quot;Central Government&quot;, selects Service area as &quot;eDisclosure and eDiscovery&quot; during the journey" classname="GM Journey for Legal framework -&gt; See Linen schema from https://miro.com/app/board/o9J_kuCrpYQ=/ design link" time="109.208"/>
  <testcase name="To verify Buyer has provided with different recommendations &quot;&lt;recommServices&gt;&quot;, service details &quot;costLawyerDetails&quot; on GM results page after initiating GM journey for framework &quot;legal&quot; and after answering different set of question as sector looking for &quot;Central Government&quot;, selects Service area as &quot;Costs lawyer and legal costs draftsmen&quot; during the journey" classname="GM Journey for Legal framework -&gt; See Linen schema from https://miro.com/app/board/o9J_kuCrpYQ=/ design link" time="118.446"/>
  <testcase name="To verify Buyer has provided with different recommendations &quot;&lt;recommServices&gt;&quot;, service details &quot;costLawyerDetails&quot; on GM results page after initiating GM journey for framework &quot;legal&quot; and after answering different set of question as sector looking for &quot;Central Government&quot;, selects Service area as &quot;Costs lawyer and legal costs draftsmen&quot; during the journey" classname="GM Journey for Legal framework -&gt; See Linen schema from https://miro.com/app/board/o9J_kuCrpYQ=/ design link" time="111.829"/>
  <testcase name="To verify Buyer has provided with different recommendations &quot;&lt;recommServices&gt;&quot;, service details &quot;costLawyerDetails&quot; on GM results page after initiating GM journey for framework &quot;legal&quot; and after answering different set of question as sector looking for &quot;Central Government&quot;, selects Service area as &quot;Costs lawyer and legal costs draftsmen&quot; during the journey" classname="GM Journey for Legal framework -&gt; See Linen schema from https://miro.com/app/board/o9J_kuCrpYQ=/ design link" time="118.431"/>
  <testcase name="To verify Buyer has provided with different recommendations &quot;&lt;recommServices&gt;&quot;, service details &quot;GLAS_financeAndComplexLegalServices&quot; on GM results page after initiating GM journey for framework &quot;legal&quot; and after answering different set of question as sector looking for &quot;Central Government&quot;, selects Service area as &quot;Finance and complex&quot; during the journey" classname="GM Journey for Legal framework -&gt; See Linen schema from https://miro.com/app/board/o9J_kuCrpYQ=/ design link" time="149.359"/>
  <testcase name="To verify Buyer has provided with different recommendations &quot;&lt;recommServices&gt;&quot;, service details &quot;GLAS_financeAndComplexLegalServices&quot; on GM results page after initiating GM journey for framework &quot;legal&quot; and after answering different set of question as sector looking for &quot;Central Government&quot;, selects Service area as &quot;Anything else&quot; during the journey" classname="GM Journey for Legal framework -&gt; See Linen schema from https://miro.com/app/board/o9J_kuCrpYQ=/ design link" time="145.525"/>
  <testcase name="To verify Buyer has provided with different recommendations &quot;&lt;recommServices&gt;&quot;, service details &quot;GLAS_financeAndComplexLegalServices&quot; on GM results page after initiating GM journey for framework &quot;legal&quot; and after answering different set of question as sector looking for &quot;Central Government&quot;, selects Service area as &quot;Rail_eDisclosure and eDiscovery&quot; during the journey" classname="GM Journey for Legal framework -&gt; See Linen schema from https://miro.com/app/board/o9J_kuCrpYQ=/ design link" time="153.707"/>
  <testcase name="To verify Buyer has provided with different recommendations &quot;&lt;recommServices&gt;&quot;, service details &quot;GLAS_financeAndComplexLegalServices&quot; on GM results page after initiating GM journey for framework &quot;legal&quot; and after answering different set of question as sector looking for &quot;Central Government&quot;, selects Service area as &quot;Costs lawyer and legal costs draftsmen_eDisclosure and eDiscovery&quot; during the journey" classname="GM Journey for Legal framework -&gt; See Linen schema from https://miro.com/app/board/o9J_kuCrpYQ=/ design link" time="146.154"/>
  <testcase name="To verify Buyer has provided with different recommendations &quot;wpslot1&quot;, lots &quot;1&quot;, service details &quot;GLAS_wpsLegalServices&quot; on GM results page after initiating GM journey for framework &quot;legal&quot; and after answering different set of question as sector looking for &quot;Central Government&quot;, selects Service area as &quot;Employment litigation&quot; during the journey" classname="GM Journey for Legal framework -&gt; See Linen schema from https://miro.com/app/board/o9J_kuCrpYQ=/ design link" time="203.74"/>
  <testcase name="To verify Buyer has provided with different recommendations &quot;wpslot1&quot;, lots &quot;1&quot;, service details &quot;GLAS_wpsLegalServices&quot; on GM results page after initiating GM journey for framework &quot;legal&quot; and after answering different set of question as sector looking for &quot;Central Government&quot;, selects Service area as &quot;Litigation&quot; during the journey" classname="GM Journey for Legal framework -&gt; See Linen schema from https://miro.com/app/board/o9J_kuCrpYQ=/ design link" time="204.586"/>
  <testcase name="To verify Buyer has provided with different recommendations &quot;wpslot1&quot;, lots &quot;1&quot;, service details &quot;GLAS_wpsLegalServices&quot; on GM results page after initiating GM journey for framework &quot;legal&quot; and after answering different set of question as sector looking for &quot;Central Government&quot;, selects Service area as &quot;Property&quot; during the journey" classname="GM Journey for Legal framework -&gt; See Linen schema from https://miro.com/app/board/o9J_kuCrpYQ=/ design link" time="179.944"/>
  <testcase name="To verify Buyer has provided with different recommendations &quot;wpslot1&quot;, lots &quot;1&quot;, service details &quot;wpsLegalServices&quot; on GM results page after initiating GM journey for framework &quot;legal&quot; and after answering different set of question as sector looking for &quot;Central Government&quot;, selects Service area as &quot;Employment litigation&quot; during the journey" classname="GM Journey for Legal framework -&gt; See Linen schema from https://miro.com/app/board/o9J_kuCrpYQ=/ design link" time="151.259">
    <failure message="The question: &lt;Do you know your budget?&gt; actual answer &lt;£5,000 &gt; is not equal with the expected one &lt;£5000&gt; expected:&lt;£5[]000&gt; but was:&lt;£5[,]000&gt;" type="org.junit.ComparisonFailure"><![CDATA[org.junit.ComparisonFailure: The question: <Do you know your budget?> actual answer <£5,000 > is not equal with the expected one <£5000> expected:<£5[]000> but was:<£5[,]000>
]]></failure>
    <system-out><![CDATA[2020-09-04 08:31:41 INFO  TestContext:41 - =================To verify Buyer has provided with different recommendations "wpslot1", lots "1", service details "wpsLegalServices" on GM results page after initiating GM journey for framework "legal" and after answering different set of question as sector looking for "Central Government", selects Service area as "Employment litigation" during the journey execution starts===================
2020-09-04 08:31:41 INFO  BrowserFactory:33 - Opening CHROME_HEADLESSbrowser
Started in thread: 13, in JVM: 20484@LTIBUK06252
2020-09-04 08:31:46 INFO  TestContext:54 - Successfully lunched the chrome browser
2020-09-04 08:31:49 INFO  BrowserFactory:96 -  launched
2020-09-04 08:31:56 INFO  HomePage:81 - Clicked on Start now button
2020-09-04 08:31:59 INFO  HomePage:92 - Buyer clicked on Central Government radio button
2020-09-04 08:32:19 INFO  HomePage:81 - Clicked on Continue button
2020-09-04 08:32:22 INFO  HomePage:103 - Buyer clicked on Employment litigation checkbox  button
2020-09-04 08:32:34 INFO  HomePage:81 - Clicked on Continue button
2020-09-04 08:32:37 INFO  HomePage:92 - Buyer clicked on Yes radio button
2020-09-04 08:32:51 INFO  HomePage:81 - Clicked on Continue button
2020-09-04 08:34:01 INFO  BrowserFactory:126 - 
2020-09-04 08:34:12 INFO  TestContext:90 - =================To verify Buyer has provided with different recommendations "wpslot1", lots "1", service details "wpsLegalServices" on GM results page after initiating GM journey for framework "legal" and after answering different set of question as sector looking for "Central Government", selects Service area as "Employment litigation" during the journey execution ends===================
]]></system-out>
    <system-err><![CDATA[Starting ChromeDriver 79.0.3945.36 (3582db32b33893869b8c1339e8f4d9ed1816f143-refs/branch-heads/3945@{#614}) on port 29573
Only local connections are allowed.
Please protect ports used by ChromeDriver and related test frameworks to prevent access by malicious code.
Sep 04, 2020 8:31:45 AM org.openqa.selenium.remote.ProtocolHandshake createSession
INFO: Detected dialect: W3C
]]></system-err>
  </testcase>
  <testcase name="To verify Buyer has provided with different recommendations &quot;wpslot1&quot;, lots &quot;1&quot;, service details &quot;wpsLegalServices&quot; on GM results page after initiating GM journey for framework &quot;legal&quot; and after answering different set of question as sector looking for &quot;Central Government&quot;, selects Service area as &quot;Litigation&quot; during the journey" classname="GM Journey for Legal framework -&gt; See Linen schema from https://miro.com/app/board/o9J_kuCrpYQ=/ design link" time="156.011">
    <failure message="The question: &lt;Do you know your budget?&gt; actual answer &lt;£15,000 &gt; is not equal with the expected one &lt;£15000&gt; expected:&lt;£15[]000&gt; but was:&lt;£15[,]000&gt;" type="org.junit.ComparisonFailure"><![CDATA[org.junit.ComparisonFailure: The question: <Do you know your budget?> actual answer <£15,000 > is not equal with the expected one <£15000> expected:<£15[]000> but was:<£15[,]000>
]]></failure>
    <system-out><![CDATA[2020-09-04 08:34:13 INFO  TestContext:41 - =================To verify Buyer has provided with different recommendations "wpslot1", lots "1", service details "wpsLegalServices" on GM results page after initiating GM journey for framework "legal" and after answering different set of question as sector looking for "Central Government", selects Service area as "Litigation" during the journey execution starts===================
2020-09-04 08:34:13 INFO  BrowserFactory:33 - Opening CHROME_HEADLESSbrowser
Started in thread: 13, in JVM: 20484@LTIBUK06252
2020-09-04 08:34:25 INFO  TestContext:54 - Successfully lunched the chrome browser
2020-09-04 08:34:29 INFO  BrowserFactory:96 -  launched
2020-09-04 08:34:37 INFO  HomePage:81 - Clicked on Start now button
2020-09-04 08:34:40 INFO  HomePage:92 - Buyer clicked on Central Government radio button
2020-09-04 08:34:50 INFO  HomePage:81 - Clicked on Continue button
2020-09-04 08:34:53 INFO  HomePage:103 - Buyer clicked on Litigation checkbox  button
2020-09-04 08:35:04 INFO  HomePage:81 - Clicked on Continue button
2020-09-04 08:35:07 INFO  HomePage:92 - Buyer clicked on Yes radio button
2020-09-04 08:35:28 INFO  HomePage:81 - Clicked on Continue button
2020-09-04 08:36:41 INFO  BrowserFactory:126 - 
2020-09-04 08:36:48 INFO  TestContext:90 - =================To verify Buyer has provided with different recommendations "wpslot1", lots "1", service details "wpsLegalServices" on GM results page after initiating GM journey for framework "legal" and after answering different set of question as sector looking for "Central Government", selects Service area as "Litigation" during the journey execution ends===================
]]></system-out>
    <system-err><![CDATA[Starting ChromeDriver 79.0.3945.36 (3582db32b33893869b8c1339e8f4d9ed1816f143-refs/branch-heads/3945@{#614}) on port 4997
Only local connections are allowed.
Please protect ports used by ChromeDriver and related test frameworks to prevent access by malicious code.
[1599204863.228][WARNING]: Timed out connecting to Chrome, retrying...
Sep 04, 2020 8:34:24 AM org.openqa.selenium.remote.ProtocolHandshake createSession
INFO: Detected dialect: W3C
]]></system-err>
  </testcase>
  <testcase name="To verify Buyer has provided with different recommendations &quot;wpslot1&quot;, lots &quot;1&quot;, service details &quot;wpsLegalServices&quot; on GM results page after initiating GM journey for framework &quot;legal&quot; and after answering different set of question as sector looking for &quot;Central Government&quot;, selects Service area as &quot;Property&quot; during the journey" classname="GM Journey for Legal framework -&gt; See Linen schema from https://miro.com/app/board/o9J_kuCrpYQ=/ design link" time="144.114">
    <failure message="The question: &lt;Do you know your budget?&gt; actual answer &lt;£19,999 &gt; is not equal with the expected one &lt;£19999&gt; expected:&lt;£19[]999&gt; but was:&lt;£19[,]999&gt;" type="org.junit.ComparisonFailure"><![CDATA[org.junit.ComparisonFailure: The question: <Do you know your budget?> actual answer <£19,999 > is not equal with the expected one <£19999> expected:<£19[]999> but was:<£19[,]999>
]]></failure>
    <system-out><![CDATA[2020-09-04 08:36:49 INFO  TestContext:41 - =================To verify Buyer has provided with different recommendations "wpslot1", lots "1", service details "wpsLegalServices" on GM results page after initiating GM journey for framework "legal" and after answering different set of question as sector looking for "Central Government", selects Service area as "Property" during the journey execution starts===================
2020-09-04 08:36:49 INFO  BrowserFactory:33 - Opening CHROME_HEADLESSbrowser
Started in thread: 13, in JVM: 20484@LTIBUK06252
2020-09-04 08:36:53 INFO  TestContext:54 - Successfully lunched the chrome browser
2020-09-04 08:36:58 INFO  BrowserFactory:96 -  launched
2020-09-04 08:37:05 INFO  HomePage:81 - Clicked on Start now button
2020-09-04 08:37:08 INFO  HomePage:92 - Buyer clicked on Central Government radio button
2020-09-04 08:37:18 INFO  HomePage:81 - Clicked on Continue button
2020-09-04 08:37:21 INFO  HomePage:103 - Buyer clicked on Property checkbox  button
2020-09-04 08:37:33 INFO  HomePage:81 - Clicked on Continue button
2020-09-04 08:37:36 INFO  HomePage:92 - Buyer clicked on Yes radio button
2020-09-04 08:37:47 INFO  HomePage:81 - Clicked on Continue button
2020-09-04 08:39:05 INFO  BrowserFactory:126 - 
2020-09-04 08:39:11 INFO  TestContext:90 - =================To verify Buyer has provided with different recommendations "wpslot1", lots "1", service details "wpsLegalServices" on GM results page after initiating GM journey for framework "legal" and after answering different set of question as sector looking for "Central Government", selects Service area as "Property" during the journey execution ends===================
]]></system-out>
    <system-err><![CDATA[Starting ChromeDriver 79.0.3945.36 (3582db32b33893869b8c1339e8f4d9ed1816f143-refs/branch-heads/3945@{#614}) on port 12669
Only local connections are allowed.
Please protect ports used by ChromeDriver and related test frameworks to prevent access by malicious code.
Sep 04, 2020 8:36:52 AM org.openqa.selenium.remote.ProtocolHandshake createSession
INFO: Detected dialect: W3C
]]></system-err>
  </testcase>
  <testcase name="To verify Buyer has provided with different service details &quot;eDisclosureandeDiscoveryServicesDetails&quot; on GM results page after initiating GM journey for framework &quot;legal&quot; and after answering different set of question as sector looking for &quot;Local Government&quot;, selects Service area as &quot;eDisclosure and eDiscovery&quot; during the journey" classname="GM Journey for Legal framework -&gt; See Linen schema from https://miro.com/app/board/o9J_kuCrpYQ=/ design link" time="106.292"/>
  <testcase name="To verify Buyer has provided with different service details &quot;eDisclosureandeDiscoveryServicesDetails&quot; on GM results page after initiating GM journey for framework &quot;legal&quot; and after answering different set of question as sector looking for &quot;Ministry of Defence or defence infrastructure organisation&quot;, selects Service area as &quot;eDisclosure and eDiscovery&quot; during the journey" classname="GM Journey for Legal framework -&gt; See Linen schema from https://miro.com/app/board/o9J_kuCrpYQ=/ design link" time="90.322"/>
  <testcase name="To verify Buyer has provided with different service details &quot;eDisclosureandeDiscoveryServicesDetails&quot; on GM results page after initiating GM journey for framework &quot;legal&quot; and after answering different set of question as sector looking for &quot;Devolved&quot;, selects Service area as &quot;eDisclosure and eDiscovery&quot; during the journey" classname="GM Journey for Legal framework -&gt; See Linen schema from https://miro.com/app/board/o9J_kuCrpYQ=/ design link" time="138.251"/>
  <testcase name="To verify Buyer has provided with different service details &quot;eDisclosureandeDiscoveryServicesDetails&quot; on GM results page after initiating GM journey for framework &quot;legal&quot; and after answering different set of question as sector looking for &quot;Education&quot;, selects Service area as &quot;eDisclosure and eDiscovery&quot; during the journey" classname="GM Journey for Legal framework -&gt; See Linen schema from https://miro.com/app/board/o9J_kuCrpYQ=/ design link" time="93.491"/>
  <testcase name="To verify Buyer has provided with different service details &quot;eDisclosureandeDiscoveryServicesDetails&quot; on GM results page after initiating GM journey for framework &quot;legal&quot; and after answering different set of question as sector looking for &quot;Health&quot;, selects Service area as &quot;eDisclosure and eDiscovery&quot; during the journey" classname="GM Journey for Legal framework -&gt; See Linen schema from https://miro.com/app/board/o9J_kuCrpYQ=/ design link" time="120.804"/>
  <testcase name="To verify Buyer has provided with different service details &quot;eDisclosureandeDiscoveryServicesDetails&quot; on GM results page after initiating GM journey for framework &quot;legal&quot; and after answering different set of question as sector looking for &quot;Blue light&quot;, selects Service area as &quot;eDisclosure and eDiscovery&quot; during the journey" classname="GM Journey for Legal framework -&gt; See Linen schema from https://miro.com/app/board/o9J_kuCrpYQ=/ design link" time="105.933"/>
  <testcase name="To verify Buyer has provided with different service details &quot;costLawyerDetails&quot; on GM results page after initiating GM journey for framework &quot;legal&quot; and after answering different set of question as sector looking for &quot;Housing&quot;, selects Service area as &quot;Costs lawyer and legal costs draftsmen&quot; during the journey" classname="GM Journey for Legal framework -&gt; See Linen schema from https://miro.com/app/board/o9J_kuCrpYQ=/ design link" time="106.694"/>
  <testcase name="To verify Buyer has provided with different service details &quot;costLawyerDetails&quot; on GM results page after initiating GM journey for framework &quot;legal&quot; and after answering different set of question as sector looking for &quot;Charities&quot;, selects Service area as &quot;Costs lawyer and legal costs draftsmen&quot; during the journey" classname="GM Journey for Legal framework -&gt; See Linen schema from https://miro.com/app/board/o9J_kuCrpYQ=/ design link" time="108.164"/>
  <testcase name="To verify Buyer has provided with different service details &quot;costLawyerDetails&quot; on GM results page after initiating GM journey for framework &quot;legal&quot; and after answering different set of question as sector looking for &quot;Local Government&quot;, selects Service area as &quot;Costs lawyer and legal costs draftsmen&quot; during the journey" classname="GM Journey for Legal framework -&gt; See Linen schema from https://miro.com/app/board/o9J_kuCrpYQ=/ design link" time="91.399"/>
  <testcase name="To verify Buyer has provided with different service details &quot;costLawyerDetails&quot; on GM results page after initiating GM journey for framework &quot;legal&quot; and after answering different set of question as sector looking for &quot;Ministry of Defence or defence infrastructure organisation&quot;, selects Service area as &quot;Costs lawyer and legal costs draftsmen&quot; during the journey" classname="GM Journey for Legal framework -&gt; See Linen schema from https://miro.com/app/board/o9J_kuCrpYQ=/ design link" time="117.885"/>
  <testcase name="To verify Buyer has provided with different service details &quot;costLawyerDetails&quot; on GM results page after initiating GM journey for framework &quot;legal&quot; and after answering different set of question as sector looking for &quot;Devolved&quot;, selects Service area as &quot;Costs lawyer and legal costs draftsmen&quot; during the journey" classname="GM Journey for Legal framework -&gt; See Linen schema from https://miro.com/app/board/o9J_kuCrpYQ=/ design link" time="92.132"/>
  <testcase name="To verify Buyer has provided with different recommendations &quot;wpslot3&quot;, lots &quot;1&quot;, service details &quot;wpsLegalServices&quot; on GM results page after initiating GM journey for framework &quot;legal&quot; and after answering different set of question as sector looking for &quot;Local Government&quot;, selects Service area as &quot;Property and construction&quot; during the journey" classname="GM Journey for Legal framework -&gt; See Linen schema from https://miro.com/app/board/o9J_kuCrpYQ=/ design link" time="125.046"/>
  <testcase name="To verify Buyer has provided with different recommendations &quot;wpslot3&quot;, lots &quot;1&quot;, service details &quot;wpsLegalServices&quot; on GM results page after initiating GM journey for framework &quot;legal&quot; and after answering different set of question as sector looking for &quot;Ministry of Defence or defence infrastructure organisation&quot;, selects Service area as &quot;Property and construction&quot; during the journey" classname="GM Journey for Legal framework -&gt; See Linen schema from https://miro.com/app/board/o9J_kuCrpYQ=/ design link" time="151.506"/>
  <testcase name="To verify Buyer has provided with different recommendations &quot;wpslot3&quot;, lots &quot;1&quot;, service details &quot;wpsLegalServices&quot; on GM results page after initiating GM journey for framework &quot;legal&quot; and after answering different set of question as sector looking for &quot;Devolved&quot;, selects Service area as &quot;Property and construction&quot; during the journey" classname="GM Journey for Legal framework -&gt; See Linen schema from https://miro.com/app/board/o9J_kuCrpYQ=/ design link" time="196.262"/>
  <testcase name="To verify Buyer has provided with different recommendations &quot;wpslot3&quot;, lots &quot;1&quot;, service details &quot;wpsLegalServices&quot; on GM results page after initiating GM journey for framework &quot;legal&quot; and after answering different set of question as sector looking for &quot;Education&quot;, selects Service area as &quot;Property and construction&quot; during the journey" classname="GM Journey for Legal framework -&gt; See Linen schema from https://miro.com/app/board/o9J_kuCrpYQ=/ design link" time="115.626"/>
  <testcase name="To verify Buyer has provided with different recommendations &quot;wpslot3&quot;, lots &quot;1&quot;, service details &quot;wpsLegalServices&quot; on GM results page after initiating GM journey for framework &quot;legal&quot; and after answering different set of question as sector looking for &quot;Health&quot;, selects Service area as &quot;Property and construction&quot; during the journey" classname="GM Journey for Legal framework -&gt; See Linen schema from https://miro.com/app/board/o9J_kuCrpYQ=/ design link" time="134.864"/>
  <testcase name="To verify Buyer has provided with different recommendations &quot;wpslot4&quot;, lots &quot;1&quot;, service details &quot;wpsLegalServices&quot; on GM results page after initiating GM journey for framework &quot;legal&quot; and after answering different set of question as sector looking for &quot;Blue light&quot;, selects Service area as &quot;Transport&quot; during the journey" classname="GM Journey for Legal framework -&gt; See Linen schema from https://miro.com/app/board/o9J_kuCrpYQ=/ design link" time="119.967"/>
  <testcase name="To verify Buyer has provided with different recommendations &quot;wpslot4&quot;, lots &quot;1&quot;, service details &quot;wpsLegalServices&quot; on GM results page after initiating GM journey for framework &quot;legal&quot; and after answering different set of question as sector looking for &quot;Housing&quot;, selects Service area as &quot;Transport&quot; during the journey" classname="GM Journey for Legal framework -&gt; See Linen schema from https://miro.com/app/board/o9J_kuCrpYQ=/ design link" time="135.014"/>
  <testcase name="To verify Buyer has provided with different recommendations &quot;wpslot4&quot;, lots &quot;1&quot;, service details &quot;wpsLegalServices&quot; on GM results page after initiating GM journey for framework &quot;legal&quot; and after answering different set of question as sector looking for &quot;Charities&quot;, selects Service area as &quot;Rail&quot; during the journey" classname="GM Journey for Legal framework -&gt; See Linen schema from https://miro.com/app/board/o9J_kuCrpYQ=/ design link" time="121.978"/>
  <testcase name="To verify Buyer has provided with different recommendations &quot;wpslot4&quot;, lots &quot;1&quot;, service details &quot;wpsLegalServices&quot; on GM results page after initiating GM journey for framework &quot;legal&quot; and after answering different set of question as sector looking for &quot;Local Government&quot;, selects Service area as &quot;Rail&quot; during the journey" classname="GM Journey for Legal framework -&gt; See Linen schema from https://miro.com/app/board/o9J_kuCrpYQ=/ design link" time="124.466"/>
  <testcase name="To verify Buyer has provided with different recommendations &quot;wpslot4&quot;, lots &quot;1&quot;, service details &quot;wpsLegalServices&quot; on GM results page after initiating GM journey for framework &quot;legal&quot; and after answering different set of question as sector looking for &quot;Ministry of Defence or defence infrastructure organisation&quot;, selects Service area as &quot;Rail_Transport&quot; during the journey" classname="GM Journey for Legal framework -&gt; See Linen schema from https://miro.com/app/board/o9J_kuCrpYQ=/ design link" time="126.727"/>
  <testcase name="To verify Buyer has provided with different recommendations &quot;wpslot4&quot;, lots &quot;1&quot;, service details &quot;wpsLegalServices&quot; on GM results page after initiating GM journey for framework &quot;legal&quot; and after answering different set of question as sector looking for &quot;Devolved&quot;, selects Service area as &quot;Rail_Transport&quot; during the journey" classname="GM Journey for Legal framework -&gt; See Linen schema from https://miro.com/app/board/o9J_kuCrpYQ=/ design link" time="131.981"/>
  <testcase name="To verify Buyer has provided with different recommendations &quot;wpslot2a_wpslot1&quot;, lots &quot;2&quot;, service details &quot;wpsLegalServices&quot; on GM results page after initiating GM journey for framework &quot;legal&quot; and after answering different set of question as sector looking for &quot;Local Government&quot;, selects Service area as &quot;Anything else&quot; during the journey" classname="GM Journey for Legal framework -&gt; See Linen schema from https://miro.com/app/board/o9J_kuCrpYQ=/ design link" time="168.149"/>
  <testcase name="To verify Buyer has provided with different recommendations &quot;wpslot2a_wpslot1&quot;, lots &quot;2&quot;, service details &quot;wpsLegalServices&quot; on GM results page after initiating GM journey for framework &quot;legal&quot; and after answering different set of question as sector looking for &quot;Ministry of Defence or defence infrastructure organisation&quot;, selects Service area as &quot;Rail_eDisclosure and eDisclosure&quot; during the journey" classname="GM Journey for Legal framework -&gt; See Linen schema from https://miro.com/app/board/o9J_kuCrpYQ=/ design link" time="44.514">
    <error message="no such element: Unable to locate element: {&quot;method&quot;:&quot;xpath&quot;,&quot;selector&quot;:&quot;//*[contains(text(),&apos;eDisclosure and eDisclosure&apos;)]//preceding-sibling::input[@type=&apos;checkbox&apos;]&quot;}&#10;  (Session info: headless chrome=79.0.3945.130)&#10;For documentation on this error, please visit: https://www.seleniumhq.org/exceptions/no_such_element.html&#10;Build info: version: &apos;3.141.59&apos;, revision: &apos;e82be7d358&apos;, time: &apos;2018-11-14T08:17:03&apos;&#10;System info: host: &apos;LTIBUK06252&apos;, ip: &apos;192.168.0.26&apos;, os.name: &apos;Windows 10&apos;, os.arch: &apos;amd64&apos;, os.version: &apos;10.0&apos;, java.version: &apos;1.8.0_191&apos;&#10;Driver info: org.openqa.selenium.chrome.ChromeDriver&#10;Capabilities {acceptInsecureCerts: false, browserName: chrome, browserVersion: 79.0.3945.130, chrome: {chromedriverVersion: 79.0.3945.36 (3582db32b3389..., userDataDir: C:\Users\308211\AppData\Loc...}, goog:chromeOptions: {debuggerAddress: localhost:63615}, javascriptEnabled: true, networkConnectionEnabled: false, pageLoadStrategy: normal, platform: WINDOWS, platformName: WINDOWS, proxy: Proxy(), setWindowRect: true, strictFileInteractability: false, timeouts: {implicit: 0, pageLoad: 300000, script: 30000}, unhandledPromptBehavior: dismiss and notify}&#10;Session ID: 0b380d6a9f98a1f5a308b73a7b8c4f17&#10;*** Element info: {Using=xpath, value=//*[contains(text(),&apos;eDisclosure and eDisclosure&apos;)]//preceding-sibling::input[@type=&apos;checkbox&apos;]}" type="org.openqa.selenium.NoSuchElementException">org.openqa.selenium.NoSuchElementException: 
no such element: Unable to locate element: {"method":"xpath","selector":"//*[contains(text(),'eDisclosure and eDisclosure')]//preceding-sibling::input[@type='checkbox']"}
  (Session info: headless chrome=79.0.3945.130)
For documentation on this error, please visit: https://www.seleniumhq.org/exceptions/no_such_element.html
Build info: version: '3.141.59', revision: 'e82be7d358', time: '2018-11-14T08:17:03'
System info: host: 'LTIBUK06252', ip: '192.168.0.26', os.name: 'Windows 10', os.arch: 'amd64', os.version: '10.0', java.version: '1.8.0_191'
Driver info: org.openqa.selenium.chrome.ChromeDriver
Capabilities {acceptInsecureCerts: false, browserName: chrome, browserVersion: 79.0.3945.130, chrome: {chromedriverVersion: 79.0.3945.36 (3582db32b3389..., userDataDir: C:\Users\308211\AppData\Loc...}, goog:chromeOptions: {debuggerAddress: localhost:63615}, javascriptEnabled: true, networkConnectionEnabled: false, pageLoadStrategy: normal, platform: WINDOWS, platformName: WINDOWS, proxy: Proxy(), setWindowRect: true, strictFileInteractability: false, timeouts: {implicit: 0, pageLoad: 300000, script: 30000}, unhandledPromptBehavior: dismiss and notify}
Session ID: 0b380d6a9f98a1f5a308b73a7b8c4f17
*** Element info: {Using=xpath, value=//*[contains(text(),'eDisclosure and eDisclosure')]//preceding-sibling::input[@type='checkbox']}
</error>
    <system-out><![CDATA[2020-09-04 09:26:16 INFO  TestContext:41 - =================To verify Buyer has provided with different recommendations "wpslot2a_wpslot1", lots "2", service details "wpsLegalServices" on GM results page after initiating GM journey for framework "legal" and after answering different set of question as sector looking for "Ministry of Defence or defence infrastructure organisation", selects Service area as "Rail_eDisclosure and eDisclosure" during the journey execution starts===================
2020-09-04 09:26:16 INFO  BrowserFactory:33 - Opening CHROME_HEADLESSbrowser
Started in thread: 13, in JVM: 20484@LTIBUK06252
2020-09-04 09:26:20 INFO  TestContext:54 - Successfully lunched the chrome browser
2020-09-04 09:26:22 INFO  BrowserFactory:96 -  launched
2020-09-04 09:26:28 INFO  HomePage:81 - Clicked on Start now button
2020-09-04 09:26:31 INFO  HomePage:92 - Buyer clicked on Ministry of Defence or defence infrastructure organisation radio button
2020-09-04 09:26:50 INFO  HomePage:81 - Clicked on Continue button
2020-09-04 09:26:53 INFO  HomePage:103 - Buyer clicked on Rail checkbox  button
2020-09-04 09:26:56 INFO  BrowserFactory:126 - 
2020-09-04 09:26:59 INFO  TestContext:90 - =================To verify Buyer has provided with different recommendations "wpslot2a_wpslot1", lots "2", service details "wpsLegalServices" on GM results page after initiating GM journey for framework "legal" and after answering different set of question as sector looking for "Ministry of Defence or defence infrastructure organisation", selects Service area as "Rail_eDisclosure and eDisclosure" during the journey execution ends===================
]]></system-out>
    <system-err><![CDATA[Starting ChromeDriver 79.0.3945.36 (3582db32b33893869b8c1339e8f4d9ed1816f143-refs/branch-heads/3945@{#614}) on port 20871
Only local connections are allowed.
Please protect ports used by ChromeDriver and related test frameworks to prevent access by malicious code.
Sep 04, 2020 9:26:19 AM org.openqa.selenium.remote.ProtocolHandshake createSession
INFO: Detected dialect: W3C
]]></system-err>
  </testcase>
  <testcase name="To verify Buyer has provided with different recommendations &quot;wpslot2a_wpslot1&quot;, lots &quot;2&quot;, service details &quot;wpsLegalServices&quot; on GM results page after initiating GM journey for framework &quot;legal&quot; and after answering different set of question as sector looking for &quot;Devolved&quot;, selects Service area as &quot;Rail_eDisclosure and eDiscovery&quot; during the journey" classname="GM Journey for Legal framework -&gt; See Linen schema from https://miro.com/app/board/o9J_kuCrpYQ=/ design link" time="167.498"/>
  <testcase name="To verify Buyer has provided with different recommendations &quot;wpslot2a_wpslot1&quot;, lots &quot;2&quot;, service details &quot;wpsLegalServices&quot; on GM results page after initiating GM journey for framework &quot;legal&quot; and after answering different set of question as sector looking for &quot;Education&quot;, selects Service area as &quot;Costs lawyer and legal costs draftsmen_Rail&quot; during the journey" classname="GM Journey for Legal framework -&gt; See Linen schema from https://miro.com/app/board/o9J_kuCrpYQ=/ design link" time="167.944"/>
  <testcase name="To verify Buyer has provided with different recommendations &quot;wpslot1_wpslot2b&quot;, lots &quot;2&quot;, service details &quot;wpsLegalServices&quot; on GM results page after initiating GM journey for framework &quot;legal&quot; and after answering different set of question as sector looking for &quot;Health&quot;, selects Service area as &quot;Costs lawyer and legal costs draftsmen_Property and construction_Transport&quot; during the journey" classname="GM Journey for Legal framework -&gt; See Linen schema from https://miro.com/app/board/o9J_kuCrpYQ=/ design link" time="107.864"/>
  <testcase name="To verify Buyer has provided with different recommendations &quot;wpslot1_wpslot2b&quot;, lots &quot;2&quot;, service details &quot;wpsLegalServices&quot; on GM results page after initiating GM journey for framework &quot;legal&quot; and after answering different set of question as sector looking for &quot;Blue light&quot;, selects Service area as &quot;Anything else&quot; during the journey" classname="GM Journey for Legal framework -&gt; See Linen schema from https://miro.com/app/board/o9J_kuCrpYQ=/ design link" time="129.734"/>
  <testcase name="To verify Buyer has provided with different recommendations &quot;wpslot1_wpslot2b&quot;, lots &quot;2&quot;, service details &quot;wpsLegalServices&quot; on GM results page after initiating GM journey for framework &quot;legal&quot; and after answering different set of question as sector looking for &quot;Housing&quot;, selects Service area as &quot;Property and construction_eDisclosure and eDiscovery&quot; during the journey" classname="GM Journey for Legal framework -&gt; See Linen schema from https://miro.com/app/board/o9J_kuCrpYQ=/ design link" time="137.522"/>
  <testcase name="To verify Buyer has provided with different recommendations &quot;wpslot1_wpslot2b&quot;, lots &quot;2&quot;, service details &quot;wpsLegalServices&quot; on GM results page after initiating GM journey for framework &quot;legal&quot; and after answering different set of question as sector looking for &quot;Charities&quot;, selects Service area as &quot;Costs lawyer and legal costs draftsmen_Rail&quot; during the journey" classname="GM Journey for Legal framework -&gt; See Linen schema from https://miro.com/app/board/o9J_kuCrpYQ=/ design link" time="115.508"/>
  <testcase name="To verify Buyer has provided with different recommendations &quot;wpslot2c_wpslot1&quot;, lots &quot;2&quot;, service details &quot;wpsLegalServices&quot; on GM results page after initiating GM journey for framework &quot;legal&quot; and after answering different set of question as sector looking for &quot;Local Government&quot;, selects Service area as &quot;Costs lawyer and legal costs draftsmen_Transport&quot; during the journey" classname="GM Journey for Legal framework -&gt; See Linen schema from https://miro.com/app/board/o9J_kuCrpYQ=/ design link" time="101.308"/>
  <testcase name="To verify Buyer has provided with different recommendations &quot;wpslot2c_wpslot1&quot;, lots &quot;2&quot;, service details &quot;wpsLegalServices&quot; on GM results page after initiating GM journey for framework &quot;legal&quot; and after answering different set of question as sector looking for &quot;Ministry of Defence or defence infrastructure organisation&quot;, selects Service area as &quot;Transport_eDisclosure and eDisclosure&quot; during the journey" classname="GM Journey for Legal framework -&gt; See Linen schema from https://miro.com/app/board/o9J_kuCrpYQ=/ design link" time="30.318">
    <error message="no such element: Unable to locate element: {&quot;method&quot;:&quot;xpath&quot;,&quot;selector&quot;:&quot;//*[contains(text(),&apos;eDisclosure and eDisclosure&apos;)]//preceding-sibling::input[@type=&apos;checkbox&apos;]&quot;}&#10;  (Session info: headless chrome=79.0.3945.130)&#10;For documentation on this error, please visit: https://www.seleniumhq.org/exceptions/no_such_element.html&#10;Build info: version: &apos;3.141.59&apos;, revision: &apos;e82be7d358&apos;, time: &apos;2018-11-14T08:17:03&apos;&#10;System info: host: &apos;LTIBUK06252&apos;, ip: &apos;192.168.0.26&apos;, os.name: &apos;Windows 10&apos;, os.arch: &apos;amd64&apos;, os.version: &apos;10.0&apos;, java.version: &apos;1.8.0_191&apos;&#10;Driver info: org.openqa.selenium.chrome.ChromeDriver&#10;Capabilities {acceptInsecureCerts: false, browserName: chrome, browserVersion: 79.0.3945.130, chrome: {chromedriverVersion: 79.0.3945.36 (3582db32b3389..., userDataDir: C:\Users\308211\AppData\Loc...}, goog:chromeOptions: {debuggerAddress: localhost:62564}, javascriptEnabled: true, networkConnectionEnabled: false, pageLoadStrategy: normal, platform: WINDOWS, platformName: WINDOWS, proxy: Proxy(), setWindowRect: true, strictFileInteractability: false, timeouts: {implicit: 0, pageLoad: 300000, script: 30000}, unhandledPromptBehavior: dismiss and notify}&#10;Session ID: 530b82363d06bf009e855bd18210aa32&#10;*** Element info: {Using=xpath, value=//*[contains(text(),&apos;eDisclosure and eDisclosure&apos;)]//preceding-sibling::input[@type=&apos;checkbox&apos;]}" type="org.openqa.selenium.NoSuchElementException">org.openqa.selenium.NoSuchElementException: 
no such element: Unable to locate element: {"method":"xpath","selector":"//*[contains(text(),'eDisclosure and eDisclosure')]//preceding-sibling::input[@type='checkbox']"}
  (Session info: headless chrome=79.0.3945.130)
For documentation on this error, please visit: https://www.seleniumhq.org/exceptions/no_such_element.html
Build info: version: '3.141.59', revision: 'e82be7d358', time: '2018-11-14T08:17:03'
System info: host: 'LTIBUK06252', ip: '192.168.0.26', os.name: 'Windows 10', os.arch: 'amd64', os.version: '10.0', java.version: '1.8.0_191'
Driver info: org.openqa.selenium.chrome.ChromeDriver
Capabilities {acceptInsecureCerts: false, browserName: chrome, browserVersion: 79.0.3945.130, chrome: {chromedriverVersion: 79.0.3945.36 (3582db32b3389..., userDataDir: C:\Users\308211\AppData\Loc...}, goog:chromeOptions: {debuggerAddress: localhost:62564}, javascriptEnabled: true, networkConnectionEnabled: false, pageLoadStrategy: normal, platform: WINDOWS, platformName: WINDOWS, proxy: Proxy(), setWindowRect: true, strictFileInteractability: false, timeouts: {implicit: 0, pageLoad: 300000, script: 30000}, unhandledPromptBehavior: dismiss and notify}
Session ID: 530b82363d06bf009e855bd18210aa32
*** Element info: {Using=xpath, value=//*[contains(text(),'eDisclosure and eDisclosure')]//preceding-sibling::input[@type='checkbox']}
</error>
    <system-out><![CDATA[2020-09-04 09:42:28 INFO  TestContext:41 - =================To verify Buyer has provided with different recommendations "wpslot2c_wpslot1", lots "2", service details "wpsLegalServices" on GM results page after initiating GM journey for framework "legal" and after answering different set of question as sector looking for "Ministry of Defence or defence infrastructure organisation", selects Service area as "Transport_eDisclosure and eDisclosure" during the journey execution starts===================
2020-09-04 09:42:28 INFO  BrowserFactory:33 - Opening CHROME_HEADLESSbrowser
Started in thread: 13, in JVM: 20484@LTIBUK06252
2020-09-04 09:42:31 INFO  TestContext:54 - Successfully lunched the chrome browser
2020-09-04 09:42:32 INFO  BrowserFactory:96 -  launched
2020-09-04 09:42:38 INFO  HomePage:81 - Clicked on Start now button
2020-09-04 09:42:41 INFO  HomePage:92 - Buyer clicked on Ministry of Defence or defence infrastructure organisation radio button
2020-09-04 09:42:48 INFO  HomePage:81 - Clicked on Continue button
2020-09-04 09:42:51 INFO  HomePage:103 - Buyer clicked on Transport checkbox  button
2020-09-04 09:42:54 INFO  BrowserFactory:126 - 
2020-09-04 09:42:57 INFO  TestContext:90 - =================To verify Buyer has provided with different recommendations "wpslot2c_wpslot1", lots "2", service details "wpsLegalServices" on GM results page after initiating GM journey for framework "legal" and after answering different set of question as sector looking for "Ministry of Defence or defence infrastructure organisation", selects Service area as "Transport_eDisclosure and eDisclosure" during the journey execution ends===================
]]></system-out>
    <system-err><![CDATA[Starting ChromeDriver 79.0.3945.36 (3582db32b33893869b8c1339e8f4d9ed1816f143-refs/branch-heads/3945@{#614}) on port 32616
Only local connections are allowed.
Please protect ports used by ChromeDriver and related test frameworks to prevent access by malicious code.
Sep 04, 2020 9:42:30 AM org.openqa.selenium.remote.ProtocolHandshake createSession
INFO: Detected dialect: W3C
]]></system-err>
  </testcase>
  <testcase name="To verify Buyer has provided with different recommendations &quot;wpslot2c_wpslot1&quot;, lots &quot;2&quot;, service details &quot;wpsLegalServices&quot; on GM results page after initiating GM journey for framework &quot;legal&quot; and after answering different set of question as sector looking for &quot;Devolved&quot;, selects Service area as &quot;Anything else&quot; during the journey" classname="GM Journey for Legal framework -&gt; See Linen schema from https://miro.com/app/board/o9J_kuCrpYQ=/ design link" time="97.059"/>
</testsuite>